Cluster 0 -- Level-1

Term srs::Madre::raw_sa -- Mean score: 11.36 (1.00, 24.00) -- SD: 5.33)
Term srs::Madre::raw_scog -- Mean score: 19.14 (4.00, 32.00) -- SD: 7.33)
Term srs::Madre::raw_scom -- Mean score: 31.91 (1.00, 58.00) -- SD: 13.47)
Term srs::Madre::raw_sm -- Mean score: 16.64 (2.00, 33.00) -- SD: 7.11)
Term srs::Madre::raw_rirb -- Mean score: 16.95 (1.00, 36.00) -- SD: 7.57)
Term griffithsmentaldevelopmentscales::q_A -- Mean score: 82.86 (65.00, 109.00) -- SD: 14.13)
Term griffithsmentaldevelopmentscales::q_B -- Mean score: 78.41 (56.00, 96.00) -- SD: 14.24)
Term griffithsmentaldevelopmentscales::q_C -- Mean score: 83.27 (44.00, 130.00) -- SD: 29.68)
Term griffithsmentaldevelopmentscales::q_D -- Mean score: 85.50 (57.00, 118.00) -- SD: 18.85)
Term griffithsmentaldevelopmentscales::q_E -- Mean score: 91.36 (71.00, 132.00) -- SD: 18.02)
Term griffithsmentaldevelopmentscales::q_F -- Mean score: 82.77 (56.00, 120.00) -- SD: 23.71)
Term ados-2modulo1::a2 -- Mean score: 0.60 (0.00, 1.00) -- SD: 0.37)
Term ados-2modulo1::a7 -- Mean score: 0.40 (0.00, 1.00) -- SD: 0.49)
Term ados-2modulo1::a8 -- Mean score: 0.30 (0.00, 1.00) -- SD: 0.40)
Term ados::b1 -- Mean score: 1.36 (0.00, 2.00) -- SD: 0.91)
Term ados-2modulo1::b3 -- Mean score: 0.70 (0.00, 1.00) -- SD: 0.40)
Term ados-2modulo1::b4 -- Mean score: 0.50 (0.00, 1.00) -- SD: 0.45)
Term ados-2modulo1::b5 -- Mean score: 0.00 (0.00, 0.00) -- SD: 0.00)
Term ados-2modulo1::b9 -- Mean score: 0.80 (0.00, 1.50) -- SD: 0.68)
Term ados-2modulo1::b10 -- Mean score: 0.40 (0.00, 1.00) -- SD: 0.49)
Term ados-2modulo1::b12 -- Mean score: 0.70 (0.00, 1.00) -- SD: 0.40)
Term ados-2modulo1::a5 -- Mean score: 0.20 (0.00, 1.00) -- SD: 0.40)
Term ados::d1 -- Mean score: 0.11 (0.00, 1.00) -- SD: 0.31)
Term ados::d2 -- Mean score: 0.09 (0.00, 2.00) -- SD: 0.33)
Term ados-2modulo1::d4 -- Mean score: 0.90 (0.00, 2.00) -- SD: 0.92)
Term psi-sf::Madre::raw_pd -- Mean score: 25.74 (13.00, 43.00) -- SD: 7.71)
Term psi-sf::Madre::raw_pcdi -- Mean score: 25.33 (15.00, 44.00) -- SD: 7.39)
Term psi-sf::Madre::raw_DC -- Mean score: 33.22 (13.00, 51.00) -- SD: 10.02)
Term psi-sf::Padre::raw_pd -- Mean score: 24.50 (12.00, 37.00) -- SD: 5.44)
Term psi-sf::Padre::raw_pcdi -- Mean score: 24.42 (12.00, 41.00) -- SD: 7.07)
Term psi-sf::Padre::raw_DC -- Mean score: 30.19 (14.00, 48.00) -- SD: 9.50)
Term leiterinternationalperformancescale-revised::scaled_fg -- Mean score: 6.85 (2.00, 14.00) -- SD: 3.13)
Term leiterinternationalperformancescale-revised::scaled_fc -- Mean score: 8.95 (1.00, 15.00) -- SD: 3.76)
Term leiterinternationalperformancescale-revised::scaled_so -- Mean score: 7.15 (3.50, 12.00) -- SD: 2.95)
Term leiterinternationalperformancescale-revised::scaled_rp -- Mean score: 6.50 (1.00, 11.00) -- SD: 2.79)
Term ados-2modulo1::b11 -- Mean score: 0.00 (0.00, 0.00) -- SD: 0.00)
Term ados-2modulo1::a3 -- Mean score: 2.00 (2.00, 2.00) -- SD: 0.00)
Term vineland-ii::Madre::scaled_rec -- Mean score: 10.50 (9.00, 12.00) -- SD: 1.26)
Term vineland-ii::Madre::scaled_exp -- Mean score: 10.50 (7.00, 14.00) -- SD: 2.22)
Term vineland-ii::Madre::scaled_wri -- Mean score: 9.00 (2.00, 12.00) -- SD: 3.42)
Term vineland-ii::Madre::scaled_per -- Mean score: 11.33 (9.00, 13.00) -- SD: 1.49)
Term vineland-ii::Madre::scaled_dom -- Mean score: 12.83 (11.00, 16.00) -- SD: 1.95)
Term vineland-ii::Madre::scaled_community -- Mean score: 10.33 (8.00, 13.00) -- SD: 1.89)
Term vineland-ii::Madre::scaled_ir -- Mean score: 10.50 (10.00, 12.00) -- SD: 0.76)
Term vineland-ii::Madre::scaled_play -- Mean score: 10.50 (8.00, 15.00) -- SD: 2.22)
Term vineland-ii::Madre::scaled_cs -- Mean score: 10.50 (9.00, 12.00) -- SD: 0.96)
Term vineland-ii::Madre::scaled_gm -- Mean score: 13.33 (13.00, 14.00) -- SD: 0.47)
Term vineland-ii::Madre::scaled_fm -- Mean score: 12.00 (11.00, 13.00) -- SD: 0.82)
Term vineland-ii::Madre e Padre insieme::scaled_rec -- Mean score: 10.71 (9.00, 13.00) -- SD: 1.58)
Term vineland-ii::Madre e Padre insieme::scaled_exp -- Mean score: 10.86 (8.00, 14.00) -- SD: 2.01)
Term vineland-ii::Madre e Padre insieme::scaled_wri -- Mean score: 12.21 (9.00, 15.00) -- SD: 1.73)
Term vineland-ii::Madre e Padre insieme::scaled_per -- Mean score: 11.64 (9.50, 18.00) -- SD: 2.71)
Term vineland-ii::Madre e Padre insieme::scaled_dom -- Mean score: 10.36 (8.00, 16.00) -- SD: 2.52)
Term vineland-ii::Madre e Padre insieme::scaled_community -- Mean score: 9.79 (8.00, 13.00) -- SD: 1.81)
Term vineland-ii::Madre e Padre insieme::scaled_ir -- Mean score: 9.14 (7.00, 12.00) -- SD: 1.75)
Term vineland-ii::Madre e Padre insieme::scaled_play -- Mean score: 8.64 (7.00, 11.00) -- SD: 1.33)
Term vineland-ii::Madre e Padre insieme::scaled_cs -- Mean score: 8.93 (7.00, 10.00) -- SD: 1.15)
Term vineland-ii::Madre e Padre insieme::scaled_gm -- Mean score: 11.30 (10.00, 15.00) -- SD: 1.89)
Term vineland-ii::Madre e Padre insieme::scaled_fm -- Mean score: 10.60 (9.00, 12.00) -- SD: 1.02)
Term srs::Padre::raw_sa -- Mean score: 10.94 (2.00, 20.00) -- SD: 5.65)
Term srs::Padre::raw_scog -- Mean score: 18.31 (4.00, 28.00) -- SD: 7.75)
Term srs::Padre::raw_scom -- Mean score: 33.88 (7.00, 57.00) -- SD: 14.87)
Term srs::Padre::raw_sm -- Mean score: 18.69 (5.00, 30.00) -- SD: 7.25)
Term srs::Padre::raw_rirb -- Mean score: 17.75 (1.00, 33.00) -- SD: 9.20)
Term ados-2modulo2::a6 -- Mean score: 0.43 (0.00, 1.00) -- SD: 0.49)
Term ados-2modulo2::a7 -- Mean score: 0.57 (0.00, 1.00) -- SD: 0.49)
Term ados-2modulo2::b2 -- Mean score: 0.43 (0.00, 1.00) -- SD: 0.49)
Term ados-2modulo2::b3 -- Mean score: 0.14 (0.00, 1.00) -- SD: 0.35)
Term ados-2modulo2::b5 -- Mean score: 0.43 (0.00, 1.00) -- SD: 0.49)
Term ados-2modulo2::b6 -- Mean score: 0.43 (0.00, 1.00) -- SD: 0.49)
Term ados-2modulo2::b8 -- Mean score: 0.71 (0.00, 1.00) -- SD: 0.45)
Term ados-2modulo2::b11 -- Mean score: 0.57 (0.00, 2.00) -- SD: 0.90)
Term ados-2modulo2::b12 -- Mean score: 0.57 (0.00, 1.00) -- SD: 0.49)
Term ados-2modulo2::a4 -- Mean score: 0.14 (0.00, 1.00) -- SD: 0.35)
Term ados-2modulo2::d4 -- Mean score: 0.29 (0.00, 1.00) -- SD: 0.45)
Term vineland-ii::Padre::scaled_rec -- Mean score: 12.00 (12.00, 12.00) -- SD: 0.00)
Term vineland-ii::Padre::scaled_exp -- Mean score: 11.00 (11.00, 11.00) -- SD: 0.00)
Term vineland-ii::Padre::scaled_wri -- Mean score: 8.00 (8.00, 8.00) -- SD: 0.00)
Term vineland-ii::Padre::scaled_per -- Mean score: 11.00 (11.00, 11.00) -- SD: 0.00)
Term vineland-ii::Padre::scaled_dom -- Mean score: 12.00 (12.00, 12.00) -- SD: 0.00)
Term vineland-ii::Padre::scaled_community -- Mean score: 9.00 (9.00, 9.00) -- SD: 0.00)
Term vineland-ii::Padre::scaled_ir -- Mean score: 12.00 (12.00, 12.00) -- SD: 0.00)
Term vineland-ii::Padre::scaled_play -- Mean score: 13.00 (13.00, 13.00) -- SD: 0.00)
Term vineland-ii::Padre::scaled_cs -- Mean score: 9.00 (9.00, 9.00) -- SD: 0.00)
Term vineland-ii::Padre::scaled_gm -- Mean score: 14.00 (14.00, 14.00) -- SD: 0.00)
Term vineland-ii::Padre::scaled_fm -- Mean score: 11.00 (11.00, 11.00) -- SD: 0.00)
Term ados-2modulo3::a7 -- Mean score: 0.79 (0.00, 2.00) -- SD: 0.70)
Term ados-2modulo3::a8 -- Mean score: 0.61 (0.00, 2.00) -- SD: 0.59)
Term ados-2modulo3::a9 -- Mean score: 0.56 (0.00, 2.00) -- SD: 0.75)
Term ados-2modulo3::b2 -- Mean score: 0.88 (0.00, 2.00) -- SD: 0.56)
Term ados-2modulo3::b4 -- Mean score: 0.36 (0.00, 2.00) -- SD: 0.58)
Term ados-2modulo3::b7 -- Mean score: 0.76 (0.00, 2.00) -- SD: 0.53)
Term ados-2modulo3::b9 -- Mean score: 0.75 (0.00, 2.00) -- SD: 0.56)
Term ados-2modulo3::b10 -- Mean score: 0.43 (0.00, 2.00) -- SD: 0.63)
Term ados-2modulo3::b11 -- Mean score: 0.56 (0.00, 2.00) -- SD: 0.54)
Term ados-2modulo3::a4 -- Mean score: 0.03 (0.00, 1.00) -- SD: 0.16)
Term ados-2modulo3::d4 -- Mean score: 0.11 (0.00, 1.00) -- SD: 0.29)


Cluster 1 -- Level-1

Term griffithsmentaldevelopmentscales::q_A -- Mean score: 72.41 (24.00, 111.50) -- SD: 18.99)
Term griffithsmentaldevelopmentscales::q_B -- Mean score: 61.51 (15.00, 107.00) -- SD: 21.02)
Term griffithsmentaldevelopmentscales::q_C -- Mean score: 54.65 (9.00, 125.50) -- SD: 29.15)
Term griffithsmentaldevelopmentscales::q_D -- Mean score: 65.95 (18.00, 115.00) -- SD: 21.57)
Term griffithsmentaldevelopmentscales::q_E -- Mean score: 80.43 (21.00, 126.00) -- SD: 25.52)
Term griffithsmentaldevelopmentscales::q_F -- Mean score: 62.14 (17.00, 146.00) -- SD: 26.86)
Term vineland-ii::Madre::scaled_rec -- Mean score: 9.24 (4.00, 15.00) -- SD: 3.09)
Term vineland-ii::Madre::scaled_exp -- Mean score: 8.00 (1.00, 17.00) -- SD: 3.65)
Term vineland-ii::Madre::scaled_per -- Mean score: 8.60 (2.00, 19.00) -- SD: 3.64)
Term vineland-ii::Madre::scaled_dom -- Mean score: 11.40 (4.00, 22.00) -- SD: 3.57)
Term vineland-ii::Madre::scaled_community -- Mean score: 9.68 (3.00, 19.00) -- SD: 3.63)
Term vineland-ii::Madre::scaled_ir -- Mean score: 8.66 (2.00, 18.00) -- SD: 3.65)
Term vineland-ii::Madre::scaled_play -- Mean score: 8.50 (2.00, 18.00) -- SD: 3.38)
Term vineland-ii::Madre::scaled_cs -- Mean score: 9.78 (6.00, 16.00) -- SD: 2.54)
Term vineland-ii::Madre::scaled_gm -- Mean score: 10.66 (8.00, 16.50) -- SD: 2.21)
Term vineland-ii::Madre::scaled_fm -- Mean score: 9.73 (6.00, 17.00) -- SD: 2.57)
Term vineland-ii::Padre::scaled_rec -- Mean score: 11.29 (7.00, 15.00) -- SD: 2.25)
Term vineland-ii::Padre::scaled_exp -- Mean score: 7.00 (4.00, 11.00) -- SD: 2.39)
Term vineland-ii::Padre::scaled_per -- Mean score: 9.79 (7.00, 13.00) -- SD: 1.96)
Term vineland-ii::Padre::scaled_dom -- Mean score: 13.14 (6.00, 17.00) -- SD: 3.44)
Term vineland-ii::Padre::scaled_community -- Mean score: 9.71 (3.00, 15.00) -- SD: 3.53)
Term vineland-ii::Padre::scaled_ir -- Mean score: 9.07 (7.00, 13.00) -- SD: 2.15)
Term vineland-ii::Padre::scaled_play -- Mean score: 8.86 (4.00, 12.00) -- SD: 2.36)
Term vineland-ii::Padre::scaled_cs -- Mean score: 9.36 (6.00, 14.00) -- SD: 2.57)
Term vineland-ii::Padre::scaled_gm -- Mean score: 12.75 (12.00, 14.00) -- SD: 0.83)
Term vineland-ii::Padre::scaled_fm -- Mean score: 11.75 (10.00, 13.00) -- SD: 1.30)
Term ados-2modulo1::a2 -- Mean score: 1.32 (0.00, 2.00) -- SD: 0.56)
Term ados-2modulo1::a8 -- Mean score: 1.17 (0.00, 2.00) -- SD: 0.76)
Term ados::b1 -- Mean score: 1.80 (0.00, 2.00) -- SD: 0.57)
Term ados-2modulo1::b3 -- Mean score: 1.14 (0.00, 2.00) -- SD: 0.39)
Term ados-2modulo1::b4 -- Mean score: 1.26 (0.00, 2.00) -- SD: 0.56)
Term ados-2modulo1::b5 -- Mean score: 0.71 (0.00, 2.00) -- SD: 0.65)
Term ados-2modulo1::b9 -- Mean score: 1.63 (0.00, 2.00) -- SD: 0.59)
Term ados-2modulo1::b10 -- Mean score: 1.17 (0.00, 2.00) -- SD: 0.60)
Term ados-2modulo1::b11 -- Mean score: 0.91 (0.00, 2.00) -- SD: 0.74)
Term ados-2modulo1::b12 -- Mean score: 1.24 (0.00, 2.00) -- SD: 0.52)
Term ados-2modulo1::a3 -- Mean score: 0.37 (0.00, 2.00) -- SD: 0.72)
Term ados::d1 -- Mean score: 0.58 (0.00, 2.00) -- SD: 0.71)
Term ados::d2 -- Mean score: 0.84 (0.00, 2.00) -- SD: 0.84)
Term ados-2modulo1::d4 -- Mean score: 1.38 (0.00, 2.00) -- SD: 0.66)
Term psi-sf::Madre::raw_pd -- Mean score: 28.70 (12.00, 52.00) -- SD: 8.78)
Term psi-sf::Madre::raw_pcdi -- Mean score: 27.50 (12.00, 52.00) -- SD: 8.41)
Term psi-sf::Madre::raw_DC -- Mean score: 34.43 (12.00, 58.00) -- SD: 10.27)
Term psi-sf::Padre::raw_pd -- Mean score: 26.84 (12.00, 85.00) -- SD: 9.84)
Term psi-sf::Padre::raw_pcdi -- Mean score: 27.07 (12.00, 85.00) -- SD: 9.81)
Term psi-sf::Padre::raw_DC -- Mean score: 31.67 (12.00, 51.00) -- SD: 8.68)
Term leiterinternationalperformancescale-revised::scaled_fg -- Mean score: 6.77 (1.00, 15.00) -- SD: 3.62)
Term leiterinternationalperformancescale-revised::scaled_fc -- Mean score: 8.07 (1.00, 16.00) -- SD: 3.31)
Term leiterinternationalperformancescale-revised::scaled_so -- Mean score: 7.67 (1.00, 14.00) -- SD: 3.82)
Term leiterinternationalperformancescale-revised::scaled_rp -- Mean score: 7.44 (1.00, 14.00) -- SD: 3.84)
Term ados-2modulo1::a7 -- Mean score: 0.97 (0.00, 2.00) -- SD: 0.59)
Term ados-2modulo1::a5 -- Mean score: 0.61 (0.00, 2.00) -- SD: 0.71)
Term ados-2modulo2::a6 -- Mean score: 0.50 (0.00, 2.00) -- SD: 0.57)
Term ados-2modulo2::a7 -- Mean score: 0.98 (0.00, 2.00) -- SD: 0.69)
Term ados-2modulo2::b2 -- Mean score: 0.90 (0.00, 2.00) -- SD: 0.39)
Term ados-2modulo2::b3 -- Mean score: 0.44 (0.00, 2.00) -- SD: 0.56)
Term ados-2modulo2::b5 -- Mean score: 1.04 (0.00, 2.00) -- SD: 0.81)
Term ados-2modulo2::b6 -- Mean score: 0.86 (0.00, 2.00) -- SD: 0.61)
Term ados-2modulo2::b8 -- Mean score: 1.17 (1.00, 2.00) -- SD: 0.36)
Term ados-2modulo2::b11 -- Mean score: 1.22 (0.00, 2.00) -- SD: 0.70)
Term ados-2modulo2::b12 -- Mean score: 0.90 (0.00, 2.00) -- SD: 0.56)
Term ados-2modulo2::a4 -- Mean score: 0.71 (0.00, 2.00) -- SD: 0.71)
Term ados-2modulo2::d4 -- Mean score: 1.10 (0.00, 2.00) -- SD: 0.56)
Term srs::Madre::raw_sa -- Mean score: 10.61 (3.00, 24.00) -- SD: 3.93)
Term srs::Madre::raw_scog -- Mean score: 16.96 (1.00, 31.00) -- SD: 6.85)
Term srs::Madre::raw_scom -- Mean score: 31.38 (6.00, 59.00) -- SD: 13.13)
Term srs::Madre::raw_sm -- Mean score: 15.09 (3.00, 26.00) -- SD: 6.03)
Term srs::Madre::raw_rirb -- Mean score: 17.49 (2.00, 36.00) -- SD: 8.52)
Term srs::Padre::raw_sa -- Mean score: 10.33 (4.00, 21.00) -- SD: 3.64)
Term srs::Padre::raw_scog -- Mean score: 16.14 (5.00, 33.00) -- SD: 5.93)
Term srs::Padre::raw_scom -- Mean score: 28.03 (12.00, 64.00) -- SD: 10.92)
Term srs::Padre::raw_sm -- Mean score: 14.23 (6.00, 30.00) -- SD: 5.36)
Term srs::Padre::raw_rirb -- Mean score: 15.26 (4.00, 27.00) -- SD: 6.43)
Term vineland-ii::Madre::scaled_wri -- Mean score: 9.37 (1.00, 14.00) -- SD: 3.23)
Term vineland-ii::Padre::scaled_wri -- Mean score: 11.00 (8.00, 14.00) -- SD: 2.00)
Term ados-2modulotoddler::a2 -- Mean score: 1.40 (0.00, 2.00) -- SD: 0.66)
Term ados-2modulotoddler::a8 -- Mean score: 1.30 (0.00, 2.00) -- SD: 0.78)
Term ados-2modulotoddler::b4 -- Mean score: 1.45 (0.00, 2.00) -- SD: 0.66)
Term ados-2modulotoddler::b5 -- Mean score: 1.45 (1.00, 2.00) -- SD: 0.50)
Term ados-2modulotoddler::b6 -- Mean score: 0.60 (0.00, 2.00) -- SD: 0.66)
Term ados-2modulotoddler::b12 -- Mean score: 1.60 (0.00, 2.00) -- SD: 0.66)
Term ados-2modulotoddler::b13 -- Mean score: 1.27 (0.00, 2.00) -- SD: 0.62)
Term ados-2modulotoddler::b14 -- Mean score: 1.00 (0.00, 2.00) -- SD: 0.63)
Term ados-2modulotoddler::b15 -- Mean score: 1.18 (0.00, 2.00) -- SD: 0.57)
Term ados-2modulotoddler::a3 -- Mean score: 0.00 (0.00, 0.00) -- SD: 0.00)
Term ados-2modulotoddler::d5 -- Mean score: 1.73 (1.00, 2.00) -- SD: 0.45)
Term vineland-ii::Genitore::scaled_rec -- Mean score: 8.40 (4.00, 12.00) -- SD: 2.50)
Term vineland-ii::Genitore::scaled_exp -- Mean score: 7.80 (4.00, 10.00) -- SD: 1.94)
Term vineland-ii::Genitore::scaled_wri -- Mean score: 10.88 (9.00, 14.00) -- SD: 1.83)
Term vineland-ii::Genitore::scaled_per -- Mean score: 9.30 (2.00, 13.00) -- SD: 2.79)
Term vineland-ii::Genitore::scaled_dom -- Mean score: 11.80 (9.00, 16.00) -- SD: 2.44)
Term vineland-ii::Genitore::scaled_community -- Mean score: 10.60 (5.00, 14.00) -- SD: 2.65)
Term vineland-ii::Genitore::scaled_ir -- Mean score: 7.60 (2.00, 11.00) -- SD: 2.54)
Term vineland-ii::Genitore::scaled_play -- Mean score: 8.30 (2.00, 14.00) -- SD: 3.32)
Term vineland-ii::Genitore::scaled_cs -- Mean score: 10.40 (6.00, 14.00) -- SD: 2.20)
Term vineland-ii::Genitore::scaled_gm -- Mean score: 12.25 (10.00, 19.00) -- SD: 2.82)
Term vineland-ii::Genitore::scaled_fm -- Mean score: 10.62 (8.00, 14.00) -- SD: 2.29)
Term vineland-ii::altro::scaled_rec -- Mean score: 9.00 (3.00, 12.00) -- SD: 3.54)
Term vineland-ii::altro::scaled_exp -- Mean score: 7.75 (1.00, 11.00) -- SD: 4.09)
Term vineland-ii::altro::scaled_wri -- Mean score: 10.75 (5.00, 15.00) -- SD: 3.63)
Term vineland-ii::altro::scaled_per -- Mean score: 7.50 (2.00, 10.00) -- SD: 3.28)
Term vineland-ii::altro::scaled_dom -- Mean score: 11.50 (10.00, 12.00) -- SD: 0.87)
Term vineland-ii::altro::scaled_community -- Mean score: 9.50 (7.00, 11.00) -- SD: 1.66)
Term vineland-ii::altro::scaled_ir -- Mean score: 8.25 (4.00, 10.00) -- SD: 2.49)
Term vineland-ii::altro::scaled_play -- Mean score: 7.75 (2.00, 11.00) -- SD: 3.70)
Term vineland-ii::altro::scaled_cs -- Mean score: 9.75 (9.00, 11.00) -- SD: 0.83)
Term vineland-ii::altro::scaled_gm -- Mean score: 9.50 (8.00, 11.00) -- SD: 1.50)
Term vineland-ii::altro::scaled_fm -- Mean score: 9.00 (6.00, 12.00) -- SD: 3.00)
Term vineland-ii::Madre e Padre insieme::scaled_rec -- Mean score: 9.41 (1.00, 18.00) -- SD: 3.39)
Term vineland-ii::Madre e Padre insieme::scaled_exp -- Mean score: 7.93 (1.00, 15.00) -- SD: 3.23)
Term vineland-ii::Madre e Padre insieme::scaled_wri -- Mean score: 9.01 (1.00, 20.00) -- SD: 3.75)
Term vineland-ii::Madre e Padre insieme::scaled_per -- Mean score: 9.42 (1.00, 19.00) -- SD: 3.25)
Term vineland-ii::Madre e Padre insieme::scaled_dom -- Mean score: 10.81 (1.00, 18.00) -- SD: 3.46)
Term vineland-ii::Madre e Padre insieme::scaled_community -- Mean score: 9.33 (1.00, 18.00) -- SD: 3.91)
Term vineland-ii::Madre e Padre insieme::scaled_ir -- Mean score: 8.45 (1.00, 16.00) -- SD: 2.67)
Term vineland-ii::Madre e Padre insieme::scaled_play -- Mean score: 8.07 (1.00, 18.00) -- SD: 3.27)
Term vineland-ii::Madre e Padre insieme::scaled_cs -- Mean score: 9.66 (3.00, 18.00) -- SD: 2.75)
Term vineland-ii::Madre e Padre insieme::scaled_gm -- Mean score: 11.04 (3.00, 19.00) -- SD: 2.72)
Term vineland-ii::Madre e Padre insieme::scaled_fm -- Mean score: 10.38 (1.00, 15.00) -- SD: 3.00)
Term ados-2modulo3::a7 -- Mean score: 1.22 (0.00, 2.00) -- SD: 0.55)
Term ados-2modulo3::a8 -- Mean score: 1.03 (0.00, 2.00) -- SD: 0.78)
Term ados-2modulo3::a9 -- Mean score: 0.88 (0.00, 2.00) -- SD: 0.79)
Term ados-2modulo3::b2 -- Mean score: 1.12 (0.00, 2.00) -- SD: 0.44)
Term ados-2modulo3::b4 -- Mean score: 0.67 (0.00, 2.00) -- SD: 0.65)
Term ados-2modulo3::b7 -- Mean score: 0.91 (0.00, 2.00) -- SD: 0.51)
Term ados-2modulo3::b9 -- Mean score: 1.03 (0.00, 2.00) -- SD: 0.56)
Term ados-2modulo3::b10 -- Mean score: 0.91 (0.00, 2.00) -- SD: 0.80)
Term ados-2modulo3::b11 -- Mean score: 0.91 (0.00, 2.00) -- SD: 0.74)
Term ados-2modulo3::a4 -- Mean score: 0.26 (0.00, 1.00) -- SD: 0.43)
Term ados-2modulo3::d4 -- Mean score: 0.66 (0.00, 2.00) -- SD: 0.71)
Term ados-2modulotoddler::a7 -- Mean score: 2.00 (2.00, 2.00) -- SD: 0.00)
Term ados-2modulotoddler::b7 -- Mean score: 1.00 (1.00, 1.00) -- SD: 0.00)
Term ados-2modulotoddler::b8 -- Mean score: 2.00 (2.00, 2.00) -- SD: 0.00)
Term ados-2modulotoddler::b9 -- Mean score: 2.00 (2.00, 2.00) -- SD: 0.00)
Term ados-2modulotoddler::b16b -- Mean score: 1.00 (1.00, 1.00) -- SD: 0.00)
Term ados-2modulotoddler::b18 -- Mean score: 2.00 (2.00, 2.00) -- SD: 0.00)
Term srs::altro::raw_sa -- Mean score: 10.00 (10.00, 10.00) -- SD: 0.00)
Term srs::altro::raw_scog -- Mean score: 7.00 (7.00, 7.00) -- SD: 0.00)
Term srs::altro::raw_scom -- Mean score: 12.00 (12.00, 12.00) -- SD: 0.00)
Term srs::altro::raw_sm -- Mean score: 9.00 (9.00, 9.00) -- SD: 0.00)
Term srs::altro::raw_rirb -- Mean score: 8.00 (8.00, 8.00) -- SD: 0.00)





