Cluster: 2
Mean age: 9.24 -- Min/Max (3.67, 21.51)
Average number of encounters: 1.50 -- Min/Max (1, 5)
Sex counts: F = 15 -- M = 55
Instrument list:
leiterinternationalperformancescale-revised
ados-2modulo1
griffithsmentaldevelopmentscales
srs
ados-2modulo3
ados-2modulo2
wisc-iii
wppsi-iiifascia26-311
vineland-ii
wppsi-iiifascia40-73
emotionalavailabilityscales
psi-sf
wisc-iv


Cluster: 1
Mean age: 9.89 -- Min/Max (1.37, 30.76)
Average number of encounters: 1.67 -- Min/Max (1, 5)
Sex counts: F = 12 -- M = 42
Instrument list:
wais-iv
griffithsmentaldevelopmentscales
ados-2modulo3
ados-2modulo2
wisc-iii
wppsi-iiifascia26-311
vineland-ii
wisc-iv
emotionalavailabilityscales
psi-sf
leiterinternationalperformancescale-revised
ados-2modulo1
srs
ados-2modulotoddler
wppsi-iiifascia40-73
wppsi


Cluster: 0
Mean age: 13.16 -- Min/Max (5.06, 22.77)
Average number of encounters: 1.22 -- Min/Max (1, 3)
Sex counts: F = 4 -- M = 72
Instrument list:
leiterinternationalperformancescale-revised
wais-iv
ados-2modulo1
griffithsmentaldevelopmentscales
ados-2modulo3
srs
ados-2modulo2
wisc-iii
vineland-ii
wppsi-iiifascia40-73
psi-sf
wisc-iv


Cluster: 3
Mean age: 26.81 -- Min/Max (1.08, 61.81)
Average number of encounters: 1.17 -- Min/Max (1, 3)
Sex counts: F = 4 -- M = 43
Instrument list:
leiterinternationalperformancescale-revised
wais-iv
ados-2modulo3
srs
wisc-iii
wisc-iv
ados-2modulo4
wais-r
psi-sf


Ttest_indResult(statistic=3.604509201250444, pvalue=0.0004465209572875304)
Ttest_indResult(statistic=0.6749389119982068, pvalue=0.5009916902376794)
Ttest_indResult(statistic=-12.066226100356124, pvalue=3.6843663044767533e-22)
Ttest_indResult(statistic=5.576716953500985, pvalue=1.1748234136869074e-07)
Ttest_indResult(statistic=-9.821000825082894, pvalue=4.264560260794868e-17)
Ttest_indResult(statistic=-9.684402742140131, pvalue=5.340533576806477e-16)
Ttest_indResult(statistic=-3.247298338168591, pvalue=0.0014876766648843102)
Ttest_indResult(statistic=0.9803011004593902, pvalue=0.32887749793124077)
Ttest_indResult(statistic=2.502984488606965, pvalue=0.013719453535889081)
Ttest_indResult(statistic=-2.5277940101496457, pvalue=0.01255723368597779)
Ttest_indResult(statistic=0.6492382871559846, pvalue=0.5174148373218382)
Ttest_indResult(statistic=2.9888105950609956, pvalue=0.003532184062297234)
