Cluster 0 -- Level-2

Term srs::Madre::raw_sa -- Mean score: 11.36 (1.00, 24.00) -- SD: 5.33)
Term srs::Madre::raw_scog -- Mean score: 19.14 (4.00, 32.00) -- SD: 7.33)
Term srs::Madre::raw_scom -- Mean score: 31.91 (1.00, 58.00) -- SD: 13.47)
Term srs::Madre::raw_sm -- Mean score: 16.64 (2.00, 33.00) -- SD: 7.11)
Term srs::Madre::raw_rirb -- Mean score: 16.95 (1.00, 36.00) -- SD: 7.57)
Term griffithsmentaldevelopmentscales::q_A -- Mean score: 82.86 (65.00, 109.00) -- SD: 14.13)
Term griffithsmentaldevelopmentscales::q_B -- Mean score: 78.41 (56.00, 96.00) -- SD: 14.24)
Term griffithsmentaldevelopmentscales::q_C -- Mean score: 83.27 (44.00, 130.00) -- SD: 29.68)
Term griffithsmentaldevelopmentscales::q_D -- Mean score: 85.50 (57.00, 118.00) -- SD: 18.85)
Term griffithsmentaldevelopmentscales::q_E -- Mean score: 91.36 (71.00, 132.00) -- SD: 18.02)
Term griffithsmentaldevelopmentscales::q_F -- Mean score: 82.77 (56.00, 120.00) -- SD: 23.71)
Term wechsler::V -- Mean score: 37.95 (16.00, 68.00) -- SD: 16.31)
Term wechsler::P -- Mean score: 37.40 (17.00, 67.00) -- SD: 13.84)
Term ados::sa_tot -- Mean score: 6.67 (1.00, 18.00) -- SD: 3.27)
Term ados::rrb_tot -- Mean score: 0.49 (0.00, 5.00) -- SD: 0.98)
Term wechsler::PS -- Mean score: 14.67 (2.00, 31.00) -- SD: 7.01)
Term psi-sf::Madre::raw_pd -- Mean score: 25.74 (13.00, 43.00) -- SD: 7.71)
Term psi-sf::Madre::raw_pcdi -- Mean score: 25.33 (15.00, 44.00) -- SD: 7.39)
Term psi-sf::Madre::raw_DC -- Mean score: 33.22 (13.00, 51.00) -- SD: 10.02)
Term psi-sf::Padre::raw_pd -- Mean score: 24.50 (12.00, 37.00) -- SD: 5.44)
Term psi-sf::Padre::raw_pcdi -- Mean score: 24.42 (12.00, 41.00) -- SD: 7.07)
Term psi-sf::Padre::raw_DC -- Mean score: 30.19 (14.00, 48.00) -- SD: 9.50)
Term leiterinternationalperformancescale-revised::scaled_fg -- Mean score: 6.85 (2.00, 14.00) -- SD: 3.13)
Term leiterinternationalperformancescale-revised::scaled_fc -- Mean score: 8.95 (1.00, 15.00) -- SD: 3.76)
Term leiterinternationalperformancescale-revised::scaled_so -- Mean score: 7.15 (3.50, 12.00) -- SD: 2.95)
Term leiterinternationalperformancescale-revised::scaled_rp -- Mean score: 6.50 (1.00, 11.00) -- SD: 2.79)
Term vineland-ii::Madre::sum_CD -- Mean score: 30.00 (24.00, 38.00) -- SD: 5.03)
Term vineland-ii::Madre::sum_DLSD -- Mean score: 34.50 (28.00, 39.00) -- SD: 3.35)
Term vineland-ii::Madre::sum_SD -- Mean score: 31.50 (28.00, 37.00) -- SD: 3.10)
Term vineland-ii::Madre::sum_MSD -- Mean score: 25.33 (25.00, 26.00) -- SD: 0.47)
Term vineland-ii::Madre e Padre insieme::sum_CD -- Mean score: 33.79 (27.00, 39.00) -- SD: 4.32)
Term vineland-ii::Madre e Padre insieme::sum_DLSD -- Mean score: 31.79 (27.00, 47.00) -- SD: 6.35)
Term vineland-ii::Madre e Padre insieme::sum_SD -- Mean score: 26.71 (23.50, 32.50) -- SD: 2.93)
Term vineland-ii::Madre e Padre insieme::sum_MSD -- Mean score: 21.90 (19.00, 27.00) -- SD: 2.76)
Term srs::Padre::raw_sa -- Mean score: 10.94 (2.00, 20.00) -- SD: 5.65)
Term srs::Padre::raw_scog -- Mean score: 18.31 (4.00, 28.00) -- SD: 7.75)
Term srs::Padre::raw_scom -- Mean score: 33.88 (7.00, 57.00) -- SD: 14.87)
Term srs::Padre::raw_sm -- Mean score: 18.69 (5.00, 30.00) -- SD: 7.25)
Term srs::Padre::raw_rirb -- Mean score: 17.75 (1.00, 33.00) -- SD: 9.20)
Term vineland-ii::Padre::sum_CD -- Mean score: 31.00 (31.00, 31.00) -- SD: 0.00)
Term vineland-ii::Padre::sum_DLSD -- Mean score: 32.00 (32.00, 32.00) -- SD: 0.00)
Term vineland-ii::Padre::sum_SD -- Mean score: 34.00 (34.00, 34.00) -- SD: 0.00)
Term vineland-ii::Padre::sum_MSD -- Mean score: 25.00 (25.00, 25.00) -- SD: 0.00)
Term wechsler::VC -- Mean score: 30.88 (7.00, 57.00) -- SD: 12.32)
Term wechsler::PR -- Mean score: 32.70 (14.00, 47.00) -- SD: 8.71)
Term wechsler::WM -- Mean score: 15.83 (3.00, 31.00) -- SD: 6.31)
Term wechsler::PO -- Mean score: 46.57 (29.00, 67.00) -- SD: 11.82)


Cluster 1 -- Level-2

Term griffithsmentaldevelopmentscales::q_A -- Mean score: 72.41 (24.00, 111.50) -- SD: 18.99)
Term griffithsmentaldevelopmentscales::q_B -- Mean score: 61.51 (15.00, 107.00) -- SD: 21.02)
Term griffithsmentaldevelopmentscales::q_C -- Mean score: 54.65 (9.00, 125.50) -- SD: 29.15)
Term griffithsmentaldevelopmentscales::q_D -- Mean score: 65.95 (18.00, 115.00) -- SD: 21.57)
Term griffithsmentaldevelopmentscales::q_E -- Mean score: 80.43 (21.00, 126.00) -- SD: 25.52)
Term griffithsmentaldevelopmentscales::q_F -- Mean score: 62.14 (17.00, 146.00) -- SD: 26.86)
Term vineland-ii::Madre::sum_CD -- Mean score: 25.60 (11.50, 46.00) -- SD: 8.97)
Term vineland-ii::Madre::sum_DLSD -- Mean score: 29.56 (11.00, 57.00) -- SD: 9.53)
Term vineland-ii::Madre::sum_SD -- Mean score: 26.97 (12.00, 53.00) -- SD: 9.06)
Term vineland-ii::Madre::sum_MSD -- Mean score: 20.45 (15.00, 32.00) -- SD: 4.52)
Term vineland-ii::Padre::sum_CD -- Mean score: 27.71 (19.00, 37.00) -- SD: 6.67)
Term vineland-ii::Padre::sum_DLSD -- Mean score: 32.64 (16.00, 40.00) -- SD: 7.31)
Term vineland-ii::Padre::sum_SD -- Mean score: 27.29 (18.00, 36.00) -- SD: 6.25)
Term vineland-ii::Padre::sum_MSD -- Mean score: 24.50 (22.00, 27.00) -- SD: 1.80)
Term ados::sa_tot -- Mean score: 11.61 (1.00, 20.00) -- SD: 3.69)
Term ados::rrb_tot -- Mean score: 2.98 (0.00, 7.00) -- SD: 1.66)
Term psi-sf::Madre::raw_pd -- Mean score: 28.70 (12.00, 52.00) -- SD: 8.78)
Term psi-sf::Madre::raw_pcdi -- Mean score: 27.50 (12.00, 52.00) -- SD: 8.41)
Term psi-sf::Madre::raw_DC -- Mean score: 34.43 (12.00, 58.00) -- SD: 10.27)
Term psi-sf::Padre::raw_pd -- Mean score: 26.84 (12.00, 85.00) -- SD: 9.84)
Term psi-sf::Padre::raw_pcdi -- Mean score: 27.07 (12.00, 85.00) -- SD: 9.81)
Term psi-sf::Padre::raw_DC -- Mean score: 31.67 (12.00, 51.00) -- SD: 8.68)
Term leiterinternationalperformancescale-revised::scaled_fg -- Mean score: 6.77 (1.00, 15.00) -- SD: 3.62)
Term leiterinternationalperformancescale-revised::scaled_fc -- Mean score: 8.07 (1.00, 16.00) -- SD: 3.31)
Term leiterinternationalperformancescale-revised::scaled_so -- Mean score: 7.67 (1.00, 14.00) -- SD: 3.82)
Term leiterinternationalperformancescale-revised::scaled_rp -- Mean score: 7.44 (1.00, 14.00) -- SD: 3.84)
Term wechsler::V -- Mean score: 24.52 (7.00, 47.00) -- SD: 10.37)
Term wechsler::P -- Mean score: 31.10 (13.00, 50.00) -- SD: 8.66)
Term wechsler::PS -- Mean score: 12.94 (0.00, 27.00) -- SD: 5.94)
Term srs::Madre::raw_sa -- Mean score: 10.61 (3.00, 24.00) -- SD: 3.93)
Term srs::Madre::raw_scog -- Mean score: 16.96 (1.00, 31.00) -- SD: 6.85)
Term srs::Madre::raw_scom -- Mean score: 31.38 (6.00, 59.00) -- SD: 13.13)
Term srs::Madre::raw_sm -- Mean score: 15.09 (3.00, 26.00) -- SD: 6.03)
Term srs::Madre::raw_rirb -- Mean score: 17.49 (2.00, 36.00) -- SD: 8.52)
Term srs::Padre::raw_sa -- Mean score: 10.33 (4.00, 21.00) -- SD: 3.64)
Term srs::Padre::raw_scog -- Mean score: 16.14 (5.00, 33.00) -- SD: 5.93)
Term srs::Padre::raw_scom -- Mean score: 28.03 (12.00, 64.00) -- SD: 10.92)
Term srs::Padre::raw_sm -- Mean score: 14.23 (6.00, 30.00) -- SD: 5.36)
Term srs::Padre::raw_rirb -- Mean score: 15.26 (4.00, 27.00) -- SD: 6.43)
Term wechsler::VC -- Mean score: 23.33 (0.00, 43.00) -- SD: 11.08)
Term wechsler::PR -- Mean score: 31.50 (15.00, 47.00) -- SD: 9.30)
Term wechsler::WM -- Mean score: 14.73 (2.00, 30.00) -- SD: 7.09)
Term vineland-ii::Genitore::sum_CD -- Mean score: 24.90 (8.00, 33.00) -- SD: 6.88)
Term vineland-ii::Genitore::sum_DLSD -- Mean score: 31.70 (17.00, 39.00) -- SD: 6.60)
Term vineland-ii::Genitore::sum_SD -- Mean score: 26.30 (10.00, 39.00) -- SD: 7.00)
Term vineland-ii::Genitore::sum_MSD -- Mean score: 22.88 (18.00, 33.00) -- SD: 4.62)
Term vineland-ii::altro::sum_CD -- Mean score: 27.50 (19.00, 35.00) -- SD: 6.69)
Term vineland-ii::altro::sum_DLSD -- Mean score: 28.75 (23.00, 33.00) -- SD: 4.02)
Term vineland-ii::altro::sum_SD -- Mean score: 25.25 (17.00, 30.00) -- SD: 5.12)
Term vineland-ii::altro::sum_MSD -- Mean score: 18.00 (14.00, 22.00) -- SD: 4.00)
Term vineland-ii::Madre e Padre insieme::sum_CD -- Mean score: 25.24 (3.00, 45.00) -- SD: 9.33)
Term vineland-ii::Madre e Padre insieme::sum_DLSD -- Mean score: 29.53 (3.00, 55.00) -- SD: 9.80)
Term vineland-ii::Madre e Padre insieme::sum_SD -- Mean score: 26.18 (5.00, 52.00) -- SD: 8.11)
Term vineland-ii::Madre e Padre insieme::sum_MSD -- Mean score: 21.28 (4.00, 31.00) -- SD: 5.20)
Term wechsler::GL -- Mean score: 7.00 (7.00, 7.00) -- SD: 0.00)
Term wechsler::PO -- Mean score: 31.75 (0.00, 53.00) -- SD: 20.27)
Term srs::altro::raw_sa -- Mean score: 10.00 (10.00, 10.00) -- SD: 0.00)
Term srs::altro::raw_scog -- Mean score: 7.00 (7.00, 7.00) -- SD: 0.00)
Term srs::altro::raw_scom -- Mean score: 12.00 (12.00, 12.00) -- SD: 0.00)
Term srs::altro::raw_sm -- Mean score: 9.00 (9.00, 9.00) -- SD: 0.00)
Term srs::altro::raw_rirb -- Mean score: 8.00 (8.00, 8.00) -- SD: 0.00)





