Period span: 2010-01-27 -- 2019-06-06

Average number of assessments: 5.52970297029703
Median number of assessments: 5.0
Maximum number of assessments: 24
Minimum number of assessments: 1

Average number of encounters: 1.4356435643564356
Median number of assessments: 1.0
Maximum number of assessments: 5
Minimum number of assessments: 1

Instrument list
wisc-iii
wisc-iv
srs
ados-2modulo1
wppsi-iiifascia26-311
wais-iv
ados-2modulotoddler
psi-sf
vineland-ii
ados-2modulo2
griffithsmentaldevelopmentscales
wppsi-iiifascia40-73
wppsi
emotionalavailabilityscales
ados-2modulo3
leiterinternationalperformancescale-revised


Mean age of the subjects: 10.873353706343343 -- Standard deviation: 5.17208995727237
N Female: 32 -- N Male: 170

