[3J[H[2J
Number of repeated terms: 273 -- Terms with one occurrence: 283

Most frequent terms (TF>20)
ados::sarrb_tot::14, 24
ados-2modulo4::sbri_tot::0, 33


Computing TF-IDF matrix...
Performing SVD on the TF-IDF matrix...
(*) Number of clusters 3 -- Silhouette score 0.31
    MCC RF classifier: 1.00
(*) Number of clusters 4 -- Silhouette score 0.31
    MCC RF classifier: 1.00
(*) Number of clusters 5 -- Silhouette score 0.34
    MCC RF classifier: 0.94
(*) Number of clusters 6 -- Silhouette score 0.37
    MCC RF classifier: 0.97
(*) Number of clusters 7 -- Silhouette score 0.40
    MCC RF classifier: 0.92
(*) Number of clusters 8 -- Silhouette score 0.42
    MCC RF classifier: 0.83
(*) Number of clusters 9 -- Silhouette score 0.42
    MCC RF classifier: 0.93
(*) Number of clusters 10 -- Silhouette score 0.45
    MCC RF classifier: 0.94
(*) Number of clusters 11 -- Silhouette score 0.47
    MCC RF classifier: 0.94
(*) Number of clusters 12 -- Silhouette score 0.46
    MCC RF classifier: 0.87
(*) Number of clusters 13 -- Silhouette score 0.44
    MCC RF classifier: 0.86
(*) Number of clusters 14 -- Silhouette score 0.44
    MCC RF classifier: 0.92


MCC: 0.9409 -- silhouette score: 0.4720 -- Number of clusters: 11

Cluster 0 -- Numerosity 19
Cluster 1 -- Numerosity 32
Cluster 2 -- Numerosity 15
Cluster 3 -- Numerosity 100
Cluster 4 -- Numerosity 9
Cluster 5 -- Numerosity 9
Cluster 6 -- Numerosity 12
Cluster 7 -- Numerosity 5
Cluster 8 -- Numerosity 18
Cluster 9 -- Numerosity 13
Cluster 10 -- Numerosity 15


List of most frequent terms (t) in each cluster
The percentage of t in the cluster and the number of subject with t in their sequence is reported
Only terms with significant proportion compared to other clusters are reported (see Proportion ztest tables)

Cluster 0 numerosity: 19
% Term:ados::sarrb_tot::8 = 1.00 -- N patients in cluster 16 out of 19
['ztest', 'cl1', 'cl2', 'cl3', 'cl4', 'cl5', 'cl6', 'cl7', 'cl8', 'cl9', 'cl10']
['cl0', '0.000', '0.010', '0.000', '0.190', '0.190', '0.027', '1.148', '0.001', '0.008', '0.005']
['cl1', '0.000', '0.000', '0.000', '0.000', '0.000', '0.000', '0.000', '0.000', '0.000', '0.000']
['cl2', '0.000', '0.000', '0.000', '0.000', '0.000', '0.000', '0.000', '0.000', '0.000', '0.000']
['cl3', '0.000', '0.000', '0.000', '0.000', '0.000', '0.000', '0.000', '0.000', '0.000', '0.000']
['cl4', '0.000', '0.000', '0.000', '0.000', '0.000', '0.000', '0.000', '0.000', '0.000', '0.000']
['cl5', '0.000', '0.000', '0.000', '0.000', '0.000', '0.000', '0.000', '0.000', '0.000', '0.000']
['cl6', '0.000', '0.000', '0.000', '0.000', '0.000', '0.000', '0.000', '0.000', '0.000', '0.000']
['cl7', '0.000', '0.000', '0.000', '0.000', '0.000', '0.000', '0.000', '0.000', '0.000', '0.000']
['cl8', '0.000', '0.000', '0.000', '0.000', '0.000', '0.000', '0.000', '0.000', '0.000', '0.000']
['cl9', '0.000', '0.000', '0.000', '0.000', '0.000', '0.000', '0.000', '0.000', '0.000', '0.000']
% Term:ados::sarrb_tot::5 = 0.67 -- N patients in cluster 4 out of 19
['ztest', 'cl1', 'cl2', 'cl3', 'cl4', 'cl5', 'cl6', 'cl7', 'cl8', 'cl9', 'cl10']
['cl0', '3.352', '2.979', '0.022', '7.045', '7.045', '3.980', '12.222', '1.418', '2.852', '2.504']
['cl1', '0.000', '12.537', '9.674', '16.394', '16.394', '13.690', '19.756', '10.088', '12.374', '11.904']
['cl2', '0.000', '0.000', '18.667', '0.000', '0.000', '0.000', '0.000', '0.000', '0.000', '0.000']
['cl3', '0.000', '0.000', '0.000', '21.070', '21.070', '19.410', '23.018', '16.988', '18.559', '18.247']
['cl4', '0.000', '0.000', '0.000', '0.000', '0.000', '0.000', '0.000', '0.000', '0.000', '0.000']
['cl5', '0.000', '0.000', '0.000', '0.000', '0.000', '0.000', '0.000', '0.000', '0.000', '0.000']
['cl6', '0.000', '0.000', '0.000', '0.000', '0.000', '0.000', '0.000', '0.000', '0.000', '0.000']
['cl7', '0.000', '0.000', '0.000', '0.000', '0.000', '0.000', '0.000', '0.000', '0.000', '0.000']
['cl8', '0.000', '0.000', '0.000', '0.000', '0.000', '0.000', '0.000', '0.000', '0.000', '0.000']
['cl9', '0.000', '0.000', '0.000', '0.000', '0.000', '0.000', '0.000', '0.000', '0.000', '0.000']
% Term:ados::sarrb_tot::9 = 0.12 -- N patients in cluster 2 out of 19
['ztest', 'cl1', 'cl2', 'cl3', 'cl4', 'cl5', 'cl6', 'cl7', 'cl8', 'cl9', 'cl10']
['cl0', '2.364', '4.967', '0.091', '8.165', '8.165', '5.860', '11.366', '3.274', '0.001', '4.502']
['cl1', '0.000', '0.000', '0.000', '0.000', '0.000', '0.000', '0.000', '0.000', '0.000', '0.000']
['cl2', '0.000', '0.000', '0.000', '0.000', '0.000', '0.000', '0.000', '0.000', '0.002', '0.000']
['cl3', '0.000', '0.000', '0.000', '0.000', '0.000', '0.000', '0.000', '0.000', '0.000', '0.000']
['cl4', '0.000', '0.000', '0.000', '0.000', '0.000', '0.000', '0.000', '0.000', '0.106', '0.000']
['cl5', '0.000', '0.000', '0.000', '0.000', '0.000', '0.000', '0.000', '0.000', '0.106', '0.000']
['cl6', '0.000', '0.000', '0.000', '0.000', '0.000', '0.000', '0.000', '0.000', '0.008', '0.000']
['cl7', '0.000', '0.000', '0.000', '0.000', '0.000', '0.000', '0.000', '0.000', '1.145', '0.000']
['cl8', '0.000', '0.000', '0.000', '0.000', '0.000', '0.000', '0.000', '0.000', '0.000', '0.000']
['cl9', '0.000', '0.000', '0.000', '0.000', '0.000', '0.000', '0.000', '0.000', '0.000', '0.001']
% Term:psi-sf::Padre::raw_ts::61 = 1.00 -- N patients in cluster 2 out of 19
['ztest', 'cl1', 'cl2', 'cl3', 'cl4', 'cl5', 'cl6', 'cl7', 'cl8', 'cl9', 'cl10']
['cl0', '1.244', '2.614', '0.048', '4.297', '4.297', '3.084', '5.982', '1.723', '2.550', '2.369']
['cl1', '0.000', '0.000', '0.000', '0.000', '0.000', '0.000', '0.000', '0.000', '0.000', '0.000']
['cl2', '0.000', '0.000', '0.000', '0.000', '0.000', '0.000', '0.000', '0.000', '0.000', '0.000']
['cl3', '0.000', '0.000', '0.000', '0.000', '0.000', '0.000', '0.000', '0.000', '0.000', '0.000']
['cl4', '0.000', '0.000', '0.000', '0.000', '0.000', '0.000', '0.000', '0.000', '0.000', '0.000']
['cl5', '0.000', '0.000', '0.000', '0.000', '0.000', '0.000', '0.000', '0.000', '0.000', '0.000']
['cl6', '0.000', '0.000', '0.000', '0.000', '0.000', '0.000', '0.000', '0.000', '0.000', '0.000']
['cl7', '0.000', '0.000', '0.000', '0.000', '0.000', '0.000', '0.000', '0.000', '0.000', '0.000']
['cl8', '0.000', '0.000', '0.000', '0.000', '0.000', '0.000', '0.000', '0.000', '0.000', '0.000']
['cl9', '0.000', '0.000', '0.000', '0.000', '0.000', '0.000', '0.000', '0.000', '0.000', '0.000']
% Term:wechsler::FS::91 = 1.00 -- N patients in cluster 2 out of 19
['ztest', 'cl1', 'cl2', 'cl3', 'cl4', 'cl5', 'cl6', 'cl7', 'cl8', 'cl9', 'cl10']
['cl0', '1.244', '2.614', '0.048', '4.297', '4.297', '3.084', '5.982', '1.723', '2.550', '2.369']
['cl1', '0.000', '0.000', '0.000', '0.000', '0.000', '0.000', '0.000', '0.000', '0.000', '0.000']
['cl2', '0.000', '0.000', '0.000', '0.000', '0.000', '0.000', '0.000', '0.000', '0.000', '0.000']
['cl3', '0.000', '0.000', '0.000', '0.000', '0.000', '0.000', '0.000', '0.000', '0.000', '0.000']
['cl4', '0.000', '0.000', '0.000', '0.000', '0.000', '0.000', '0.000', '0.000', '0.000', '0.000']
['cl5', '0.000', '0.000', '0.000', '0.000', '0.000', '0.000', '0.000', '0.000', '0.000', '0.000']
['cl6', '0.000', '0.000', '0.000', '0.000', '0.000', '0.000', '0.000', '0.000', '0.000', '0.000']
['cl7', '0.000', '0.000', '0.000', '0.000', '0.000', '0.000', '0.000', '0.000', '0.000', '0.000']
['cl8', '0.000', '0.000', '0.000', '0.000', '0.000', '0.000', '0.000', '0.000', '0.000', '0.000']
['cl9', '0.000', '0.000', '0.000', '0.000', '0.000', '0.000', '0.000', '0.000', '0.000', '0.000']
% Term:wechsler::FS::71 = 1.00 -- N patients in cluster 2 out of 19
['ztest', 'cl1', 'cl2', 'cl3', 'cl4', 'cl5', 'cl6', 'cl7', 'cl8', 'cl9', 'cl10']
['cl0', '1.244', '2.614', '0.048', '4.297', '4.297', '3.084', '5.982', '1.723', '2.550', '2.369']
['cl1', '0.000', '0.000', '0.000', '0.000', '0.000', '0.000', '0.000', '0.000', '0.000', '0.000']
['cl2', '0.000', '0.000', '0.000', '0.000', '0.000', '0.000', '0.000', '0.000', '0.000', '0.000']
['cl3', '0.000', '0.000', '0.000', '0.000', '0.000', '0.000', '0.000', '0.000', '0.000', '0.000']
['cl4', '0.000', '0.000', '0.000', '0.000', '0.000', '0.000', '0.000', '0.000', '0.000', '0.000']
['cl5', '0.000', '0.000', '0.000', '0.000', '0.000', '0.000', '0.000', '0.000', '0.000', '0.000']
['cl6', '0.000', '0.000', '0.000', '0.000', '0.000', '0.000', '0.000', '0.000', '0.000', '0.000']
['cl7', '0.000', '0.000', '0.000', '0.000', '0.000', '0.000', '0.000', '0.000', '0.000', '0.000']
['cl8', '0.000', '0.000', '0.000', '0.000', '0.000', '0.000', '0.000', '0.000', '0.000', '0.000']
['cl9', '0.000', '0.000', '0.000', '0.000', '0.000', '0.000', '0.000', '0.000', '0.000', '0.000']
% Term:griffithsmentaldevelopmentscales::GQ::87 = 1.00 -- N patients in cluster 2 out of 19
['ztest', 'cl1', 'cl2', 'cl3', 'cl4', 'cl5', 'cl6', 'cl7', 'cl8', 'cl9', 'cl10']
['cl0', '1.244', '2.614', '0.048', '4.297', '4.297', '3.084', '5.982', '1.723', '2.550', '2.369']
['cl1', '0.000', '0.000', '0.000', '0.000', '0.000', '0.000', '0.000', '0.000', '0.000', '0.000']
['cl2', '0.000', '0.000', '0.000', '0.000', '0.000', '0.000', '0.000', '0.000', '0.000', '0.000']
['cl3', '0.000', '0.000', '0.000', '0.000', '0.000', '0.000', '0.000', '0.000', '0.000', '0.000']
['cl4', '0.000', '0.000', '0.000', '0.000', '0.000', '0.000', '0.000', '0.000', '0.000', '0.000']
['cl5', '0.000', '0.000', '0.000', '0.000', '0.000', '0.000', '0.000', '0.000', '0.000', '0.000']
['cl6', '0.000', '0.000', '0.000', '0.000', '0.000', '0.000', '0.000', '0.000', '0.000', '0.000']
['cl7', '0.000', '0.000', '0.000', '0.000', '0.000', '0.000', '0.000', '0.000', '0.000', '0.000']
['cl8', '0.000', '0.000', '0.000', '0.000', '0.000', '0.000', '0.000', '0.000', '0.000', '0.000']
['cl9', '0.000', '0.000', '0.000', '0.000', '0.000', '0.000', '0.000', '0.000', '0.000', '0.000']
% Term:ados::sarrb_tot::11 = 0.07 -- N patients in cluster 1 out of 19
['ztest', 'cl1', 'cl2', 'cl3', 'cl4', 'cl5', 'cl6', 'cl7', 'cl8', 'cl9', 'cl10']
['cl0', '7.513', '11.566', '7.870', '15.602', '15.602', '0.000', '19.183', '9.061', '11.397', '10.913']
['cl1', '0.000', '0.000', '15.837', '0.000', '0.000', '0.000', '0.000', '0.000', '0.000', '0.000']
['cl2', '0.000', '0.000', '18.667', '0.000', '0.000', '0.002', '0.000', '0.000', '0.000', '0.000']
['cl3', '0.000', '0.000', '0.000', '21.070', '21.070', '0.000', '23.018', '16.988', '18.559', '18.247']
['cl4', '0.000', '0.000', '0.000', '0.000', '0.000', '0.111', '0.000', '0.000', '0.000', '0.000']
['cl5', '0.000', '0.000', '0.000', '0.000', '0.000', '0.111', '0.000', '0.000', '0.000', '0.000']
['cl6', '0.000', '0.000', '0.000', '0.000', '0.000', '0.000', '1.384', '0.000', '0.001', '0.001']
['cl7', '0.000', '0.000', '0.000', '0.000', '0.000', '0.000', '0.000', '0.000', '0.000', '0.000']
['cl8', '0.000', '0.000', '0.000', '0.000', '0.000', '0.000', '0.000', '0.000', '0.000', '0.000']
['cl9', '0.000', '0.000', '0.000', '0.000', '0.000', '0.000', '0.000', '0.000', '0.000', '0.000']
% Term:ados::sarrb_tot::16 = 0.05 -- N patients in cluster 1 out of 19
['ztest', 'cl1', 'cl2', 'cl3', 'cl4', 'cl5', 'cl6', 'cl7', 'cl8', 'cl9', 'cl10']
['cl0', '9.461', '0.000', '9.910', '19.647', '19.647', '16.071', '24.157', '32.458', '14.352', '13.742']
['cl1', '0.000', '0.000', '19.943', '0.000', '0.000', '0.000', '0.000', '8.808', '0.000', '0.000']
['cl2', '0.000', '0.000', '0.000', '0.055', '0.055', '0.002', '1.083', '0.000', '0.000', '0.000']
['cl3', '0.000', '0.000', '0.000', '26.533', '26.533', '24.442', '28.986', '8.839', '23.371', '22.977']
['cl4', '0.000', '0.000', '0.000', '0.000', '0.000', '0.000', '0.000', '19.120', '0.000', '0.000']
['cl5', '0.000', '0.000', '0.000', '0.000', '0.000', '0.000', '0.000', '19.120', '0.000', '0.000']
['cl6', '0.000', '0.000', '0.000', '0.000', '0.000', '0.000', '0.000', '15.460', '0.000', '0.000']
['cl7', '0.000', '0.000', '0.000', '0.000', '0.000', '0.000', '0.000', '23.771', '0.000', '0.000']
['cl8', '0.000', '0.000', '0.000', '0.000', '0.000', '0.000', '0.000', '0.000', '13.715', '13.097']
['cl9', '0.000', '0.000', '0.000', '0.000', '0.000', '0.000', '0.000', '0.000', '0.000', '0.000']
% Term:ados::sarrb_tot::17 = 0.07 -- N patients in cluster 1 out of 19
['ztest', 'cl1', 'cl2', 'cl3', 'cl4', 'cl5', 'cl6', 'cl7', 'cl8', 'cl9', 'cl10']
['cl0', '7.513', '11.566', '26.834', '15.602', '0.000', '12.762', '19.183', '9.061', '11.397', '10.913']
['cl1', '0.000', '0.000', '7.440', '0.000', '0.000', '0.000', '0.000', '0.000', '0.000', '0.000']
['cl2', '0.000', '0.000', '11.499', '0.000', '0.000', '0.000', '0.000', '0.000', '0.000', '0.000']
['cl3', '0.000', '0.000', '0.000', '15.550', '0.000', '12.699', '19.148', '8.988', '11.330', '10.844']
['cl4', '0.000', '0.000', '0.000', '0.000', '0.036', '0.000', '0.000', '0.000', '0.000', '0.000']
['cl5', '0.000', '0.000', '0.000', '0.000', '0.000', '0.001', '0.752', '0.000', '0.000', '0.000']
['cl6', '0.000', '0.000', '0.000', '0.000', '0.000', '0.000', '0.000', '0.000', '0.000', '0.000']
['cl7', '0.000', '0.000', '0.000', '0.000', '0.000', '0.000', '0.000', '0.000', '0.000', '0.000']
['cl8', '0.000', '0.000', '0.000', '0.000', '0.000', '0.000', '0.000', '0.000', '0.000', '0.000']
['cl9', '0.000', '0.000', '0.000', '0.000', '0.000', '0.000', '0.000', '0.000', '0.000', '0.000']


Cluster 1 numerosity: 32
% Term:ados-2modulo4::sbri_tot::0 = 1.00 -- N patients in cluster 32 out of 32
['ztest', 'cl1', 'cl2', 'cl3', 'cl4', 'cl5', 'cl6', 'cl7', 'cl8', 'cl9', 'cl10']
['cl0', '0.000', '0.000', '0.000', '0.000', '0.000', '0.000', '0.000', '0.000', '0.000', '0.000']
['cl1', '0.000', '0.000', '0.000', '0.011', '0.011', '0.000', '0.266', '0.000', '0.000', '0.000']
['cl2', '0.000', '0.000', '0.000', '0.000', '0.000', '0.000', '0.000', '0.000', '0.000', '0.000']
['cl3', '0.000', '0.000', '0.000', '0.000', '0.000', '0.000', '0.000', '0.000', '0.000', '0.000']
['cl4', '0.000', '0.000', '0.000', '0.000', '0.000', '0.000', '0.000', '0.000', '0.000', '0.000']
['cl5', '0.000', '0.000', '0.000', '0.000', '0.000', '0.000', '0.000', '0.000', '0.000', '0.000']
['cl6', '0.000', '0.000', '0.000', '0.000', '0.000', '0.000', '0.000', '0.000', '0.000', '0.000']
['cl7', '0.000', '0.000', '0.000', '0.000', '0.000', '0.000', '0.000', '0.000', '0.000', '0.000']
['cl8', '0.000', '0.000', '0.000', '0.000', '0.000', '0.000', '0.000', '0.000', '0.000', '0.000']
['cl9', '0.000', '0.000', '0.000', '0.000', '0.000', '0.000', '0.000', '0.000', '0.000', '0.000']
% Term:ados-2modulo4::commsi_tot::5 = 1.00 -- N patients in cluster 6 out of 32
['ztest', 'cl1', 'cl2', 'cl3', 'cl4', 'cl5', 'cl6', 'cl7', 'cl8', 'cl9', 'cl10']
['cl0', '0.220', '0.000', '0.000', '0.000', '0.000', '0.000', '0.000', '0.000', '0.000', '0.000']
['cl1', '0.000', '0.697', '0.000', '2.012', '2.012', '0.997', '3.931', '0.277', '0.660', '0.561']
['cl2', '0.000', '0.000', '0.000', '0.000', '0.000', '0.000', '0.000', '0.000', '0.000', '0.000']
['cl3', '0.000', '0.000', '0.000', '0.000', '0.000', '0.000', '0.000', '0.000', '0.000', '0.000']
['cl4', '0.000', '0.000', '0.000', '0.000', '0.000', '0.000', '0.000', '0.000', '0.000', '0.000']
['cl5', '0.000', '0.000', '0.000', '0.000', '0.000', '0.000', '0.000', '0.000', '0.000', '0.000']
['cl6', '0.000', '0.000', '0.000', '0.000', '0.000', '0.000', '0.000', '0.000', '0.000', '0.000']
['cl7', '0.000', '0.000', '0.000', '0.000', '0.000', '0.000', '0.000', '0.000', '0.000', '0.000']
['cl8', '0.000', '0.000', '0.000', '0.000', '0.000', '0.000', '0.000', '0.000', '0.000', '0.000']
['cl9', '0.000', '0.000', '0.000', '0.000', '0.000', '0.000', '0.000', '0.000', '0.000', '0.000']
% Term:ados-2modulo4::commsi_tot::8 = 0.75 -- N patients in cluster 6 out of 32
['ztest', 'cl1', 'cl2', 'cl3', 'cl4', 'cl5', 'cl6', 'cl7', 'cl8', 'cl9', 'cl10']
['cl0', '0.593', '0.000', '16.612', '1.903', '0.000', '0.000', '0.000', '0.000', '0.000', '0.000']
['cl1', '0.000', '1.881', '0.002', '17.935', '5.434', '2.692', '10.614', '0.747', '1.781', '1.516']
['cl2', '0.000', '0.000', '18.667', '4.119', '0.000', '0.000', '0.000', '0.000', '0.000', '0.000']
['cl3', '0.000', '0.000', '0.000', '0.512', '21.070', '19.410', '23.018', '16.988', '18.559', '18.247']
['cl4', '0.000', '0.000', '0.000', '0.000', '8.476', '5.248', '13.523', '2.219', '3.971', '3.563']
['cl5', '0.000', '0.000', '0.000', '0.000', '0.000', '0.000', '0.000', '0.000', '0.000', '0.000']
['cl6', '0.000', '0.000', '0.000', '0.000', '0.000', '0.000', '0.000', '0.000', '0.000', '0.000']
['cl7', '0.000', '0.000', '0.000', '0.000', '0.000', '0.000', '0.000', '0.000', '0.000', '0.000']
['cl8', '0.000', '0.000', '0.000', '0.000', '0.000', '0.000', '0.000', '0.000', '0.000', '0.000']
['cl9', '0.000', '0.000', '0.000', '0.000', '0.000', '0.000', '0.000', '0.000', '0.000', '0.000']
% Term:ados-2modulo4::commsi_tot::6 = 1.00 -- N patients in cluster 3 out of 32
['ztest', 'cl1', 'cl2', 'cl3', 'cl4', 'cl5', 'cl6', 'cl7', 'cl8', 'cl9', 'cl10']
['cl0', '1.074', '0.000', '0.000', '0.000', '0.000', '0.000', '0.000', '0.000', '0.000', '0.000']
['cl1', '0.000', '2.029', '0.014', '3.704', '3.704', '2.481', '5.500', '1.218', '1.968', '1.799']
['cl2', '0.000', '0.000', '0.000', '0.000', '0.000', '0.000', '0.000', '0.000', '0.000', '0.000']
['cl3', '0.000', '0.000', '0.000', '0.000', '0.000', '0.000', '0.000', '0.000', '0.000', '0.000']
['cl4', '0.000', '0.000', '0.000', '0.000', '0.000', '0.000', '0.000', '0.000', '0.000', '0.000']
['cl5', '0.000', '0.000', '0.000', '0.000', '0.000', '0.000', '0.000', '0.000', '0.000', '0.000']
['cl6', '0.000', '0.000', '0.000', '0.000', '0.000', '0.000', '0.000', '0.000', '0.000', '0.000']
['cl7', '0.000', '0.000', '0.000', '0.000', '0.000', '0.000', '0.000', '0.000', '0.000', '0.000']
['cl8', '0.000', '0.000', '0.000', '0.000', '0.000', '0.000', '0.000', '0.000', '0.000', '0.000']
['cl9', '0.000', '0.000', '0.000', '0.000', '0.000', '0.000', '0.000', '0.000', '0.000', '0.000']
% Term:ados-2modulo4::commsi_tot::4 = 1.00 -- N patients in cluster 2 out of 32
['ztest', 'cl1', 'cl2', 'cl3', 'cl4', 'cl5', 'cl6', 'cl7', 'cl8', 'cl9', 'cl10']
['cl0', '1.074', '0.000', '0.000', '0.000', '0.000', '0.000', '0.000', '0.000', '0.000', '0.000']
['cl1', '0.000', '2.029', '0.014', '3.704', '3.704', '2.481', '5.500', '1.218', '1.968', '1.799']
['cl2', '0.000', '0.000', '0.000', '0.000', '0.000', '0.000', '0.000', '0.000', '0.000', '0.000']
['cl3', '0.000', '0.000', '0.000', '0.000', '0.000', '0.000', '0.000', '0.000', '0.000', '0.000']
['cl4', '0.000', '0.000', '0.000', '0.000', '0.000', '0.000', '0.000', '0.000', '0.000', '0.000']
['cl5', '0.000', '0.000', '0.000', '0.000', '0.000', '0.000', '0.000', '0.000', '0.000', '0.000']
['cl6', '0.000', '0.000', '0.000', '0.000', '0.000', '0.000', '0.000', '0.000', '0.000', '0.000']
['cl7', '0.000', '0.000', '0.000', '0.000', '0.000', '0.000', '0.000', '0.000', '0.000', '0.000']
['cl8', '0.000', '0.000', '0.000', '0.000', '0.000', '0.000', '0.000', '0.000', '0.000', '0.000']
['cl9', '0.000', '0.000', '0.000', '0.000', '0.000', '0.000', '0.000', '0.000', '0.000', '0.000']


Cluster 2 numerosity: 15
% Term:ados::sarrb_tot::16 = 0.85 -- N patients in cluster 15 out of 15
['ztest', 'cl1', 'cl2', 'cl3', 'cl4', 'cl5', 'cl6', 'cl7', 'cl8', 'cl9', 'cl10']
['cl0', '9.461', '0.000', '9.910', '19.647', '19.647', '16.071', '24.157', '32.458', '14.352', '13.742']
['cl1', '0.000', '0.000', '19.943', '0.000', '0.000', '0.000', '0.000', '8.808', '0.000', '0.000']
['cl2', '0.000', '0.000', '0.000', '0.055', '0.055', '0.002', '1.083', '0.000', '0.000', '0.000']
['cl3', '0.000', '0.000', '0.000', '26.533', '26.533', '24.442', '28.986', '8.839', '23.371', '22.977']
['cl4', '0.000', '0.000', '0.000', '0.000', '0.000', '0.000', '0.000', '19.120', '0.000', '0.000']
['cl5', '0.000', '0.000', '0.000', '0.000', '0.000', '0.000', '0.000', '19.120', '0.000', '0.000']
['cl6', '0.000', '0.000', '0.000', '0.000', '0.000', '0.000', '0.000', '15.460', '0.000', '0.000']
['cl7', '0.000', '0.000', '0.000', '0.000', '0.000', '0.000', '0.000', '23.771', '0.000', '0.000']
['cl8', '0.000', '0.000', '0.000', '0.000', '0.000', '0.000', '0.000', '0.000', '13.715', '13.097']
['cl9', '0.000', '0.000', '0.000', '0.000', '0.000', '0.000', '0.000', '0.000', '0.000', '0.000']
% Term:srs::Padre::raw_tot::96 = 1.00 -- N patients in cluster 1 out of 15
['ztest', 'cl1', 'cl2', 'cl3', 'cl4', 'cl5', 'cl6', 'cl7', 'cl8', 'cl9', 'cl10']
['cl0', '0.000', '0.719', '0.000', '0.000', '0.000', '0.000', '0.000', '0.000', '0.000', '0.000']
['cl1', '0.000', '0.516', '0.000', '0.000', '0.000', '0.000', '0.000', '0.000', '0.000', '0.000']
['cl2', '0.000', '0.000', '0.004', '3.162', '3.162', '1.964', '5.031', '0.837', '1.490', '1.338']
['cl3', '0.000', '0.000', '0.000', '0.000', '0.000', '0.000', '0.000', '0.000', '0.000', '0.000']
['cl4', '0.000', '0.000', '0.000', '0.000', '0.000', '0.000', '0.000', '0.000', '0.000', '0.000']
['cl5', '0.000', '0.000', '0.000', '0.000', '0.000', '0.000', '0.000', '0.000', '0.000', '0.000']
['cl6', '0.000', '0.000', '0.000', '0.000', '0.000', '0.000', '0.000', '0.000', '0.000', '0.000']
['cl7', '0.000', '0.000', '0.000', '0.000', '0.000', '0.000', '0.000', '0.000', '0.000', '0.000']
['cl8', '0.000', '0.000', '0.000', '0.000', '0.000', '0.000', '0.000', '0.000', '0.000', '0.000']
['cl9', '0.000', '0.000', '0.000', '0.000', '0.000', '0.000', '0.000', '0.000', '0.000', '0.000']
% Term:wechsler::FS::43 = 1.00 -- N patients in cluster 1 out of 15
['ztest', 'cl1', 'cl2', 'cl3', 'cl4', 'cl5', 'cl6', 'cl7', 'cl8', 'cl9', 'cl10']
['cl0', '0.000', '0.719', '0.000', '0.000', '0.000', '0.000', '0.000', '0.000', '0.000', '0.000']
['cl1', '0.000', '0.516', '0.000', '0.000', '0.000', '0.000', '0.000', '0.000', '0.000', '0.000']
['cl2', '0.000', '0.000', '0.004', '3.162', '3.162', '1.964', '5.031', '0.837', '1.490', '1.338']
['cl3', '0.000', '0.000', '0.000', '0.000', '0.000', '0.000', '0.000', '0.000', '0.000', '0.000']
['cl4', '0.000', '0.000', '0.000', '0.000', '0.000', '0.000', '0.000', '0.000', '0.000', '0.000']
['cl5', '0.000', '0.000', '0.000', '0.000', '0.000', '0.000', '0.000', '0.000', '0.000', '0.000']
['cl6', '0.000', '0.000', '0.000', '0.000', '0.000', '0.000', '0.000', '0.000', '0.000', '0.000']
['cl7', '0.000', '0.000', '0.000', '0.000', '0.000', '0.000', '0.000', '0.000', '0.000', '0.000']
['cl8', '0.000', '0.000', '0.000', '0.000', '0.000', '0.000', '0.000', '0.000', '0.000', '0.000']
['cl9', '0.000', '0.000', '0.000', '0.000', '0.000', '0.000', '0.000', '0.000', '0.000', '0.000']


Cluster 3 numerosity: 100
% Term:ados::sarrb_tot::17 = 0.29 -- N patients in cluster 4 out of 100
['ztest', 'cl1', 'cl2', 'cl3', 'cl4', 'cl5', 'cl6', 'cl7', 'cl8', 'cl9', 'cl10']
['cl0', '7.513', '11.566', '26.834', '15.602', '0.000', '12.762', '19.183', '9.061', '11.397', '10.913']
['cl1', '0.000', '0.000', '7.440', '0.000', '0.000', '0.000', '0.000', '0.000', '0.000', '0.000']
['cl2', '0.000', '0.000', '11.499', '0.000', '0.000', '0.000', '0.000', '0.000', '0.000', '0.000']
['cl3', '0.000', '0.000', '0.000', '15.550', '0.000', '12.699', '19.148', '8.988', '11.330', '10.844']
['cl4', '0.000', '0.000', '0.000', '0.000', '0.036', '0.000', '0.000', '0.000', '0.000', '0.000']
['cl5', '0.000', '0.000', '0.000', '0.000', '0.000', '0.001', '0.752', '0.000', '0.000', '0.000']
['cl6', '0.000', '0.000', '0.000', '0.000', '0.000', '0.000', '0.000', '0.000', '0.000', '0.000']
['cl7', '0.000', '0.000', '0.000', '0.000', '0.000', '0.000', '0.000', '0.000', '0.000', '0.000']
['cl8', '0.000', '0.000', '0.000', '0.000', '0.000', '0.000', '0.000', '0.000', '0.000', '0.000']
['cl9', '0.000', '0.000', '0.000', '0.000', '0.000', '0.000', '0.000', '0.000', '0.000', '0.000']
% Term:psi-sf::Padre::raw_ts::73 = 0.40 -- N patients in cluster 2 out of 100
['ztest', 'cl1', 'cl2', 'cl3', 'cl4', 'cl5', 'cl6', 'cl7', 'cl8', 'cl9', 'cl10']
['cl0', '7.513', '11.566', '15.329', '15.602', '2.032', '12.762', '19.183', '9.061', '11.397', '10.913']
['cl1', '0.000', '0.000', '11.919', '0.000', '0.149', '0.000', '0.000', '0.000', '0.000', '0.000']
['cl2', '0.000', '0.000', '15.501', '0.000', '1.137', '0.000', '0.000', '0.000', '0.000', '0.000']
['cl3', '0.000', '0.000', '0.000', '18.713', '0.024', '16.480', '21.396', '13.346', '15.361', '14.955']
['cl4', '0.000', '0.000', '0.000', '0.000', '4.090', '0.000', '0.000', '0.000', '0.000', '0.000']
['cl5', '0.000', '0.000', '0.000', '0.000', '0.000', '1.756', '9.080', '0.368', '1.064', '0.874']
['cl6', '0.000', '0.000', '0.000', '0.000', '0.000', '0.000', '0.000', '0.000', '0.000', '0.000']
['cl7', '0.000', '0.000', '0.000', '0.000', '0.000', '0.000', '0.000', '0.000', '0.000', '0.000']
['cl8', '0.000', '0.000', '0.000', '0.000', '0.000', '0.000', '0.000', '0.000', '0.000', '0.000']
['cl9', '0.000', '0.000', '0.000', '0.000', '0.000', '0.000', '0.000', '0.000', '0.000', '0.000']
% Term:ados-2modulo4::commsi_tot::7 = 0.17 -- N patients in cluster 1 out of 100
['ztest', 'cl1', 'cl2', 'cl3', 'cl4', 'cl5', 'cl6', 'cl7', 'cl8', 'cl9', 'cl10']
['cl0', '2.899', '0.000', '16.612', '0.278', '0.000', '0.000', '0.000', '0.000', '0.000', '0.000']
['cl1', '0.000', '5.477', '0.338', '7.652', '10.002', '6.698', '14.849', '3.288', '5.314', '4.857']
['cl2', '0.000', '0.000', '18.667', '1.137', '0.000', '0.000', '0.000', '0.000', '0.000', '0.000']
['cl3', '0.000', '0.000', '0.000', '0.002', '21.070', '19.410', '23.018', '16.988', '18.559', '18.247']
['cl4', '0.000', '0.000', '0.000', '0.000', '4.090', '1.756', '9.080', '0.368', '1.064', '0.874']
['cl5', '0.000', '0.000', '0.000', '0.000', '0.000', '0.000', '0.000', '0.000', '0.000', '0.000']
['cl6', '0.000', '0.000', '0.000', '0.000', '0.000', '0.000', '0.000', '0.000', '0.000', '0.000']
['cl7', '0.000', '0.000', '0.000', '0.000', '0.000', '0.000', '0.000', '0.000', '0.000', '0.000']
['cl8', '0.000', '0.000', '0.000', '0.000', '0.000', '0.000', '0.000', '0.000', '0.000', '0.000']
['cl9', '0.000', '0.000', '0.000', '0.000', '0.000', '0.000', '0.000', '0.000', '0.000', '0.000']
% Term:ados::sarrb_tot::11 = 0.07 -- N patients in cluster 1 out of 100
['ztest', 'cl1', 'cl2', 'cl3', 'cl4', 'cl5', 'cl6', 'cl7', 'cl8', 'cl9', 'cl10']
['cl0', '7.513', '11.566', '7.870', '15.602', '15.602', '0.000', '19.183', '9.061', '11.397', '10.913']
['cl1', '0.000', '0.000', '15.837', '0.000', '0.000', '0.000', '0.000', '0.000', '0.000', '0.000']
['cl2', '0.000', '0.000', '18.667', '0.000', '0.000', '0.002', '0.000', '0.000', '0.000', '0.000']
['cl3', '0.000', '0.000', '0.000', '21.070', '21.070', '0.000', '23.018', '16.988', '18.559', '18.247']
['cl4', '0.000', '0.000', '0.000', '0.000', '0.000', '0.111', '0.000', '0.000', '0.000', '0.000']
['cl5', '0.000', '0.000', '0.000', '0.000', '0.000', '0.111', '0.000', '0.000', '0.000', '0.000']
['cl6', '0.000', '0.000', '0.000', '0.000', '0.000', '0.000', '1.384', '0.000', '0.001', '0.001']
['cl7', '0.000', '0.000', '0.000', '0.000', '0.000', '0.000', '0.000', '0.000', '0.000', '0.000']
['cl8', '0.000', '0.000', '0.000', '0.000', '0.000', '0.000', '0.000', '0.000', '0.000', '0.000']
['cl9', '0.000', '0.000', '0.000', '0.000', '0.000', '0.000', '0.000', '0.000', '0.000', '0.000']
% Term:ados::sarrb_tot::5 = 0.17 -- N patients in cluster 1 out of 100
['ztest', 'cl1', 'cl2', 'cl3', 'cl4', 'cl5', 'cl6', 'cl7', 'cl8', 'cl9', 'cl10']
['cl0', '3.352', '2.979', '0.022', '7.045', '7.045', '3.980', '12.222', '1.418', '2.852', '2.504']
['cl1', '0.000', '12.537', '9.674', '16.394', '16.394', '13.690', '19.756', '10.088', '12.374', '11.904']
['cl2', '0.000', '0.000', '18.667', '0.000', '0.000', '0.000', '0.000', '0.000', '0.000', '0.000']
['cl3', '0.000', '0.000', '0.000', '21.070', '21.070', '19.410', '23.018', '16.988', '18.559', '18.247']
['cl4', '0.000', '0.000', '0.000', '0.000', '0.000', '0.000', '0.000', '0.000', '0.000', '0.000']
['cl5', '0.000', '0.000', '0.000', '0.000', '0.000', '0.000', '0.000', '0.000', '0.000', '0.000']
['cl6', '0.000', '0.000', '0.000', '0.000', '0.000', '0.000', '0.000', '0.000', '0.000', '0.000']
['cl7', '0.000', '0.000', '0.000', '0.000', '0.000', '0.000', '0.000', '0.000', '0.000', '0.000']
['cl8', '0.000', '0.000', '0.000', '0.000', '0.000', '0.000', '0.000', '0.000', '0.000', '0.000']
['cl9', '0.000', '0.000', '0.000', '0.000', '0.000', '0.000', '0.000', '0.000', '0.000', '0.000']
% Term:ados::sarrb_tot::15 = 0.06 -- N patients in cluster 1 out of 100
['ztest', 'cl1', 'cl2', 'cl3', 'cl4', 'cl5', 'cl6', 'cl7', 'cl8', 'cl9', 'cl10']
['cl0', '0.000', '0.000', '16.612', '0.000', '1.903', '0.000', '0.000', '0.000', '0.000', '0.000']
['cl1', '0.000', '0.000', '15.837', '0.000', '1.361', '0.000', '0.000', '0.000', '0.000', '0.000']
['cl2', '0.000', '0.000', '18.667', '0.000', '4.119', '0.000', '0.000', '0.015', '0.000', '0.000']
['cl3', '0.000', '0.000', '0.000', '21.070', '0.512', '19.410', '23.018', '0.000', '18.559', '18.247']
['cl4', '0.000', '0.000', '0.000', '0.000', '8.476', '0.000', '0.000', '0.386', '0.000', '0.000']
['cl5', '0.000', '0.000', '0.000', '0.000', '0.000', '5.248', '13.523', '1.420', '3.971', '3.563']
['cl6', '0.000', '0.000', '0.000', '0.000', '0.000', '0.000', '0.000', '0.046', '0.000', '0.000']
['cl7', '0.000', '0.000', '0.000', '0.000', '0.000', '0.000', '0.000', '2.673', '0.000', '0.000']
['cl8', '0.000', '0.000', '0.000', '0.000', '0.000', '0.000', '0.000', '0.000', '0.013', '0.008']
['cl9', '0.000', '0.000', '0.000', '0.000', '0.000', '0.000', '0.000', '0.000', '0.000', '0.000']
% Term:ados::sarrb_tot::16 = 0.05 -- N patients in cluster 1 out of 100
['ztest', 'cl1', 'cl2', 'cl3', 'cl4', 'cl5', 'cl6', 'cl7', 'cl8', 'cl9', 'cl10']
['cl0', '9.461', '0.000', '9.910', '19.647', '19.647', '16.071', '24.157', '32.458', '14.352', '13.742']
['cl1', '0.000', '0.000', '19.943', '0.000', '0.000', '0.000', '0.000', '8.808', '0.000', '0.000']
['cl2', '0.000', '0.000', '0.000', '0.055', '0.055', '0.002', '1.083', '0.000', '0.000', '0.000']
['cl3', '0.000', '0.000', '0.000', '26.533', '26.533', '24.442', '28.986', '8.839', '23.371', '22.977']
['cl4', '0.000', '0.000', '0.000', '0.000', '0.000', '0.000', '0.000', '19.120', '0.000', '0.000']
['cl5', '0.000', '0.000', '0.000', '0.000', '0.000', '0.000', '0.000', '19.120', '0.000', '0.000']
['cl6', '0.000', '0.000', '0.000', '0.000', '0.000', '0.000', '0.000', '15.460', '0.000', '0.000']
['cl7', '0.000', '0.000', '0.000', '0.000', '0.000', '0.000', '0.000', '23.771', '0.000', '0.000']
['cl8', '0.000', '0.000', '0.000', '0.000', '0.000', '0.000', '0.000', '0.000', '13.715', '13.097']
['cl9', '0.000', '0.000', '0.000', '0.000', '0.000', '0.000', '0.000', '0.000', '0.000', '0.000']
% Term:ados-2modulo4::commsi_tot::8 = 0.12 -- N patients in cluster 1 out of 100
['ztest', 'cl1', 'cl2', 'cl3', 'cl4', 'cl5', 'cl6', 'cl7', 'cl8', 'cl9', 'cl10']
['cl0', '0.593', '0.000', '16.612', '1.903', '0.000', '0.000', '0.000', '0.000', '0.000', '0.000']
['cl1', '0.000', '1.881', '0.002', '17.935', '5.434', '2.692', '10.614', '0.747', '1.781', '1.516']
['cl2', '0.000', '0.000', '18.667', '4.119', '0.000', '0.000', '0.000', '0.000', '0.000', '0.000']
['cl3', '0.000', '0.000', '0.000', '0.512', '21.070', '19.410', '23.018', '16.988', '18.559', '18.247']
['cl4', '0.000', '0.000', '0.000', '0.000', '8.476', '5.248', '13.523', '2.219', '3.971', '3.563']
['cl5', '0.000', '0.000', '0.000', '0.000', '0.000', '0.000', '0.000', '0.000', '0.000', '0.000']
['cl6', '0.000', '0.000', '0.000', '0.000', '0.000', '0.000', '0.000', '0.000', '0.000', '0.000']
['cl7', '0.000', '0.000', '0.000', '0.000', '0.000', '0.000', '0.000', '0.000', '0.000', '0.000']
['cl8', '0.000', '0.000', '0.000', '0.000', '0.000', '0.000', '0.000', '0.000', '0.000', '0.000']
['cl9', '0.000', '0.000', '0.000', '0.000', '0.000', '0.000', '0.000', '0.000', '0.000', '0.000']


Cluster 4 numerosity: 9
% Term:ados-2modulo4::sbri_tot::1 = 1.00 -- N patients in cluster 9 out of 9
['ztest', 'cl1', 'cl2', 'cl3', 'cl4', 'cl5', 'cl6', 'cl7', 'cl8', 'cl9', 'cl10']
['cl0', '0.000', '0.000', '0.000', '0.000', '0.000', '0.000', '0.000', '0.000', '0.000', '0.000']
['cl1', '0.000', '0.000', '0.000', '0.000', '0.000', '0.000', '0.000', '0.000', '0.000', '0.000']
['cl2', '0.000', '0.000', '0.000', '0.000', '0.000', '0.000', '0.000', '0.000', '0.000', '0.000']
['cl3', '0.000', '0.000', '0.000', '0.000', '0.000', '0.000', '0.000', '0.000', '0.000', '0.000']
['cl4', '0.000', '0.000', '0.000', '0.000', '0.013', '0.000', '0.279', '0.000', '0.000', '0.000']
['cl5', '0.000', '0.000', '0.000', '0.000', '0.000', '0.000', '0.000', '0.000', '0.000', '0.000']
['cl6', '0.000', '0.000', '0.000', '0.000', '0.000', '0.000', '0.000', '0.000', '0.000', '0.000']
['cl7', '0.000', '0.000', '0.000', '0.000', '0.000', '0.000', '0.000', '0.000', '0.000', '0.000']
['cl8', '0.000', '0.000', '0.000', '0.000', '0.000', '0.000', '0.000', '0.000', '0.000', '0.000']
['cl9', '0.000', '0.000', '0.000', '0.000', '0.000', '0.000', '0.000', '0.000', '0.000', '0.000']
% Term:ados-2modulo4::commsi_tot::9 = 0.67 -- N patients in cluster 2 out of 9
['ztest', 'cl1', 'cl2', 'cl3', 'cl4', 'cl5', 'cl6', 'cl7', 'cl8', 'cl9', 'cl10']
['cl0', '6.735', '0.000', '0.000', '0.195', '0.000', '0.000', '0.000', '0.000', '0.000', '0.000']
['cl1', '0.000', '8.823', '1.244', '0.920', '11.536', '9.634', '13.902', '7.099', '8.708', '8.377']
['cl2', '0.000', '0.000', '0.000', '0.800', '0.000', '0.000', '0.000', '0.000', '0.000', '0.000']
['cl3', '0.000', '0.000', '0.000', '0.000', '0.000', '0.000', '0.000', '0.000', '0.000', '0.000']
['cl4', '0.000', '0.000', '0.000', '0.000', '2.878', '1.236', '6.390', '0.259', '0.749', '0.615']
['cl5', '0.000', '0.000', '0.000', '0.000', '0.000', '0.000', '0.000', '0.000', '0.000', '0.000']
['cl6', '0.000', '0.000', '0.000', '0.000', '0.000', '0.000', '0.000', '0.000', '0.000', '0.000']
['cl7', '0.000', '0.000', '0.000', '0.000', '0.000', '0.000', '0.000', '0.000', '0.000', '0.000']
['cl8', '0.000', '0.000', '0.000', '0.000', '0.000', '0.000', '0.000', '0.000', '0.000', '0.000']
['cl9', '0.000', '0.000', '0.000', '0.000', '0.000', '0.000', '0.000', '0.000', '0.000', '0.000']
% Term:ados-2modulo4::commsi_tot::12 = 0.50 -- N patients in cluster 2 out of 9
['ztest', 'cl1', 'cl2', 'cl3', 'cl4', 'cl5', 'cl6', 'cl7', 'cl8', 'cl9', 'cl10']
['cl0', '3.600', '0.000', '0.000', '0.195', '0.000', '0.000', '0.000', '0.000', '0.000', '0.000']
['cl1', '0.000', '5.693', '0.174', '2.767', '8.852', '6.590', '11.906', '3.940', '5.569', '5.218']
['cl2', '0.000', '0.000', '0.000', '0.800', '0.000', '0.000', '0.000', '0.000', '0.000', '0.000']
['cl3', '0.000', '0.000', '0.000', '0.000', '0.000', '0.000', '0.000', '0.000', '0.000', '0.000']
['cl4', '0.000', '0.000', '0.000', '0.000', '2.878', '1.236', '6.390', '0.259', '0.749', '0.615']
['cl5', '0.000', '0.000', '0.000', '0.000', '0.000', '0.000', '0.000', '0.000', '0.000', '0.000']
['cl6', '0.000', '0.000', '0.000', '0.000', '0.000', '0.000', '0.000', '0.000', '0.000', '0.000']
['cl7', '0.000', '0.000', '0.000', '0.000', '0.000', '0.000', '0.000', '0.000', '0.000', '0.000']
['cl8', '0.000', '0.000', '0.000', '0.000', '0.000', '0.000', '0.000', '0.000', '0.000', '0.000']
['cl9', '0.000', '0.000', '0.000', '0.000', '0.000', '0.000', '0.000', '0.000', '0.000', '0.000']
% Term:ados-2modulo4::commsi_tot::7 = 0.33 -- N patients in cluster 2 out of 9
['ztest', 'cl1', 'cl2', 'cl3', 'cl4', 'cl5', 'cl6', 'cl7', 'cl8', 'cl9', 'cl10']
['cl0', '2.899', '0.000', '16.612', '0.278', '0.000', '0.000', '0.000', '0.000', '0.000', '0.000']
['cl1', '0.000', '5.477', '0.338', '7.652', '10.002', '6.698', '14.849', '3.288', '5.314', '4.857']
['cl2', '0.000', '0.000', '18.667', '1.137', '0.000', '0.000', '0.000', '0.000', '0.000', '0.000']
['cl3', '0.000', '0.000', '0.000', '0.002', '21.070', '19.410', '23.018', '16.988', '18.559', '18.247']
['cl4', '0.000', '0.000', '0.000', '0.000', '4.090', '1.756', '9.080', '0.368', '1.064', '0.874']
['cl5', '0.000', '0.000', '0.000', '0.000', '0.000', '0.000', '0.000', '0.000', '0.000', '0.000']
['cl6', '0.000', '0.000', '0.000', '0.000', '0.000', '0.000', '0.000', '0.000', '0.000', '0.000']
['cl7', '0.000', '0.000', '0.000', '0.000', '0.000', '0.000', '0.000', '0.000', '0.000', '0.000']
['cl8', '0.000', '0.000', '0.000', '0.000', '0.000', '0.000', '0.000', '0.000', '0.000', '0.000']
['cl9', '0.000', '0.000', '0.000', '0.000', '0.000', '0.000', '0.000', '0.000', '0.000', '0.000']
% Term:srs::Madre::raw_tot::31 = 1.00 -- N patients in cluster 1 out of 9
['ztest', 'cl1', 'cl2', 'cl3', 'cl4', 'cl5', 'cl6', 'cl7', 'cl8', 'cl9', 'cl10']
['cl0', '0.000', '0.000', '0.000', '0.705', '0.000', '0.000', '0.000', '0.000', '0.000', '0.000']
['cl1', '0.000', '0.000', '0.000', '0.504', '0.000', '0.000', '0.000', '0.000', '0.000', '0.000']
['cl2', '0.000', '0.000', '0.000', '1.526', '0.000', '0.000', '0.000', '0.000', '0.000', '0.000']
['cl3', '0.000', '0.000', '0.000', '0.003', '0.000', '0.000', '0.000', '0.000', '0.000', '0.000']
['cl4', '0.000', '0.000', '0.000', '0.000', '3.139', '1.944', '5.008', '0.822', '1.471', '1.320']
['cl5', '0.000', '0.000', '0.000', '0.000', '0.000', '0.000', '0.000', '0.000', '0.000', '0.000']
['cl6', '0.000', '0.000', '0.000', '0.000', '0.000', '0.000', '0.000', '0.000', '0.000', '0.000']
['cl7', '0.000', '0.000', '0.000', '0.000', '0.000', '0.000', '0.000', '0.000', '0.000', '0.000']
['cl8', '0.000', '0.000', '0.000', '0.000', '0.000', '0.000', '0.000', '0.000', '0.000', '0.000']
['cl9', '0.000', '0.000', '0.000', '0.000', '0.000', '0.000', '0.000', '0.000', '0.000', '0.000']
% Term:wechsler::FS::135 = 0.50 -- N patients in cluster 1 out of 9
['ztest', 'cl1', 'cl2', 'cl3', 'cl4', 'cl5', 'cl6', 'cl7', 'cl8', 'cl9', 'cl10']
['cl0', '0.000', '0.000', '0.000', '1.339', '0.000', '0.000', '0.126', '0.000', '0.000', '0.000']
['cl1', '0.000', '0.000', '0.000', '0.958', '0.000', '0.000', '0.063', '0.000', '0.000', '0.000']
['cl2', '0.000', '0.000', '0.000', '2.898', '0.000', '0.000', '0.602', '0.000', '0.000', '0.000']
['cl3', '0.000', '0.000', '0.000', '0.006', '0.000', '0.000', '0.000', '0.000', '0.000', '0.000']
['cl4', '0.000', '0.000', '0.000', '0.000', '5.965', '3.693', '10.410', '1.562', '2.795', '2.507']
['cl5', '0.000', '0.000', '0.000', '0.000', '0.000', '0.000', '2.467', '0.000', '0.000', '0.000']
['cl6', '0.000', '0.000', '0.000', '0.000', '0.000', '0.000', '0.974', '0.000', '0.000', '0.000']
['cl7', '0.000', '0.000', '0.000', '0.000', '0.000', '0.000', '0.000', '0.173', '0.560', '0.451']
['cl8', '0.000', '0.000', '0.000', '0.000', '0.000', '0.000', '0.000', '0.000', '0.000', '0.000']
['cl9', '0.000', '0.000', '0.000', '0.000', '0.000', '0.000', '0.000', '0.000', '0.000', '0.000']
% Term:srs::Padre::raw_tot::98 = 1.00 -- N patients in cluster 1 out of 9
['ztest', 'cl1', 'cl2', 'cl3', 'cl4', 'cl5', 'cl6', 'cl7', 'cl8', 'cl9', 'cl10']
['cl0', '0.000', '0.000', '0.000', '0.705', '0.000', '0.000', '0.000', '0.000', '0.000', '0.000']
['cl1', '0.000', '0.000', '0.000', '0.504', '0.000', '0.000', '0.000', '0.000', '0.000', '0.000']
['cl2', '0.000', '0.000', '0.000', '1.526', '0.000', '0.000', '0.000', '0.000', '0.000', '0.000']
['cl3', '0.000', '0.000', '0.000', '0.003', '0.000', '0.000', '0.000', '0.000', '0.000', '0.000']
['cl4', '0.000', '0.000', '0.000', '0.000', '3.139', '1.944', '5.008', '0.822', '1.471', '1.320']
['cl5', '0.000', '0.000', '0.000', '0.000', '0.000', '0.000', '0.000', '0.000', '0.000', '0.000']
['cl6', '0.000', '0.000', '0.000', '0.000', '0.000', '0.000', '0.000', '0.000', '0.000', '0.000']
['cl7', '0.000', '0.000', '0.000', '0.000', '0.000', '0.000', '0.000', '0.000', '0.000', '0.000']
['cl8', '0.000', '0.000', '0.000', '0.000', '0.000', '0.000', '0.000', '0.000', '0.000', '0.000']
['cl9', '0.000', '0.000', '0.000', '0.000', '0.000', '0.000', '0.000', '0.000', '0.000', '0.000']
% Term:wechsler::FS::31 = 1.00 -- N patients in cluster 1 out of 9
['ztest', 'cl1', 'cl2', 'cl3', 'cl4', 'cl5', 'cl6', 'cl7', 'cl8', 'cl9', 'cl10']
['cl0', '0.000', '0.000', '0.000', '0.705', '0.000', '0.000', '0.000', '0.000', '0.000', '0.000']
['cl1', '0.000', '0.000', '0.000', '0.504', '0.000', '0.000', '0.000', '0.000', '0.000', '0.000']
['cl2', '0.000', '0.000', '0.000', '1.526', '0.000', '0.000', '0.000', '0.000', '0.000', '0.000']
['cl3', '0.000', '0.000', '0.000', '0.003', '0.000', '0.000', '0.000', '0.000', '0.000', '0.000']
['cl4', '0.000', '0.000', '0.000', '0.000', '3.139', '1.944', '5.008', '0.822', '1.471', '1.320']
['cl5', '0.000', '0.000', '0.000', '0.000', '0.000', '0.000', '0.000', '0.000', '0.000', '0.000']
['cl6', '0.000', '0.000', '0.000', '0.000', '0.000', '0.000', '0.000', '0.000', '0.000', '0.000']
['cl7', '0.000', '0.000', '0.000', '0.000', '0.000', '0.000', '0.000', '0.000', '0.000', '0.000']
['cl8', '0.000', '0.000', '0.000', '0.000', '0.000', '0.000', '0.000', '0.000', '0.000', '0.000']
['cl9', '0.000', '0.000', '0.000', '0.000', '0.000', '0.000', '0.000', '0.000', '0.000', '0.000']
% Term:srs::Padre::raw_tot::62 = 1.00 -- N patients in cluster 1 out of 9
['ztest', 'cl1', 'cl2', 'cl3', 'cl4', 'cl5', 'cl6', 'cl7', 'cl8', 'cl9', 'cl10']
['cl0', '0.000', '0.000', '0.000', '0.705', '0.000', '0.000', '0.000', '0.000', '0.000', '0.000']
['cl1', '0.000', '0.000', '0.000', '0.504', '0.000', '0.000', '0.000', '0.000', '0.000', '0.000']
['cl2', '0.000', '0.000', '0.000', '1.526', '0.000', '0.000', '0.000', '0.000', '0.000', '0.000']
['cl3', '0.000', '0.000', '0.000', '0.003', '0.000', '0.000', '0.000', '0.000', '0.000', '0.000']
['cl4', '0.000', '0.000', '0.000', '0.000', '3.139', '1.944', '5.008', '0.822', '1.471', '1.320']
['cl5', '0.000', '0.000', '0.000', '0.000', '0.000', '0.000', '0.000', '0.000', '0.000', '0.000']
['cl6', '0.000', '0.000', '0.000', '0.000', '0.000', '0.000', '0.000', '0.000', '0.000', '0.000']
['cl7', '0.000', '0.000', '0.000', '0.000', '0.000', '0.000', '0.000', '0.000', '0.000', '0.000']
['cl8', '0.000', '0.000', '0.000', '0.000', '0.000', '0.000', '0.000', '0.000', '0.000', '0.000']
['cl9', '0.000', '0.000', '0.000', '0.000', '0.000', '0.000', '0.000', '0.000', '0.000', '0.000']
% Term:psi-sf::Padre::raw_ts::46 = 1.00 -- N patients in cluster 1 out of 9
['ztest', 'cl1', 'cl2', 'cl3', 'cl4', 'cl5', 'cl6', 'cl7', 'cl8', 'cl9', 'cl10']
['cl0', '0.000', '0.000', '0.000', '0.705', '0.000', '0.000', '0.000', '0.000', '0.000', '0.000']
['cl1', '0.000', '0.000', '0.000', '0.504', '0.000', '0.000', '0.000', '0.000', '0.000', '0.000']
['cl2', '0.000', '0.000', '0.000', '1.526', '0.000', '0.000', '0.000', '0.000', '0.000', '0.000']
['cl3', '0.000', '0.000', '0.000', '0.003', '0.000', '0.000', '0.000', '0.000', '0.000', '0.000']
['cl4', '0.000', '0.000', '0.000', '0.000', '3.139', '1.944', '5.008', '0.822', '1.471', '1.320']
['cl5', '0.000', '0.000', '0.000', '0.000', '0.000', '0.000', '0.000', '0.000', '0.000', '0.000']
['cl6', '0.000', '0.000', '0.000', '0.000', '0.000', '0.000', '0.000', '0.000', '0.000', '0.000']
['cl7', '0.000', '0.000', '0.000', '0.000', '0.000', '0.000', '0.000', '0.000', '0.000', '0.000']
['cl8', '0.000', '0.000', '0.000', '0.000', '0.000', '0.000', '0.000', '0.000', '0.000', '0.000']
['cl9', '0.000', '0.000', '0.000', '0.000', '0.000', '0.000', '0.000', '0.000', '0.000', '0.000']
% Term:srs::Madre::raw_tot::66 = 1.00 -- N patients in cluster 1 out of 9
['ztest', 'cl1', 'cl2', 'cl3', 'cl4', 'cl5', 'cl6', 'cl7', 'cl8', 'cl9', 'cl10']
['cl0', '0.000', '0.000', '0.000', '0.705', '0.000', '0.000', '0.000', '0.000', '0.000', '0.000']
['cl1', '0.000', '0.000', '0.000', '0.504', '0.000', '0.000', '0.000', '0.000', '0.000', '0.000']
['cl2', '0.000', '0.000', '0.000', '1.526', '0.000', '0.000', '0.000', '0.000', '0.000', '0.000']
['cl3', '0.000', '0.000', '0.000', '0.003', '0.000', '0.000', '0.000', '0.000', '0.000', '0.000']
['cl4', '0.000', '0.000', '0.000', '0.000', '3.139', '1.944', '5.008', '0.822', '1.471', '1.320']
['cl5', '0.000', '0.000', '0.000', '0.000', '0.000', '0.000', '0.000', '0.000', '0.000', '0.000']
['cl6', '0.000', '0.000', '0.000', '0.000', '0.000', '0.000', '0.000', '0.000', '0.000', '0.000']
['cl7', '0.000', '0.000', '0.000', '0.000', '0.000', '0.000', '0.000', '0.000', '0.000', '0.000']
['cl8', '0.000', '0.000', '0.000', '0.000', '0.000', '0.000', '0.000', '0.000', '0.000', '0.000']
['cl9', '0.000', '0.000', '0.000', '0.000', '0.000', '0.000', '0.000', '0.000', '0.000', '0.000']
% Term:wechsler::FS::110 = 0.33 -- N patients in cluster 1 out of 9
['ztest', 'cl1', 'cl2', 'cl3', 'cl4', 'cl5', 'cl6', 'cl7', 'cl8', 'cl9', 'cl10']
['cl0', '3.600', '0.000', '0.000', '1.339', '0.000', '0.000', '0.000', '0.000', '0.000', '0.000']
['cl1', '0.000', '5.693', '0.174', '11.207', '8.852', '6.590', '11.906', '3.940', '5.569', '5.218']
['cl2', '0.000', '0.000', '0.000', '2.898', '0.000', '0.000', '0.000', '0.000', '0.000', '0.000']
['cl3', '0.000', '0.000', '0.000', '0.006', '0.000', '0.000', '0.000', '0.000', '0.000', '0.000']
['cl4', '0.000', '0.000', '0.000', '0.000', '5.965', '3.693', '9.516', '1.562', '2.795', '2.507']
['cl5', '0.000', '0.000', '0.000', '0.000', '0.000', '0.000', '0.000', '0.000', '0.000', '0.000']
['cl6', '0.000', '0.000', '0.000', '0.000', '0.000', '0.000', '0.000', '0.000', '0.000', '0.000']
['cl7', '0.000', '0.000', '0.000', '0.000', '0.000', '0.000', '0.000', '0.000', '0.000', '0.000']
['cl8', '0.000', '0.000', '0.000', '0.000', '0.000', '0.000', '0.000', '0.000', '0.000', '0.000']
['cl9', '0.000', '0.000', '0.000', '0.000', '0.000', '0.000', '0.000', '0.000', '0.000', '0.000']
% Term:srs::Padre::raw_tot::79 = 0.33 -- N patients in cluster 1 out of 9
['ztest', 'cl1', 'cl2', 'cl3', 'cl4', 'cl5', 'cl6', 'cl7', 'cl8', 'cl9', 'cl10']
['cl0', '0.000', '0.000', '0.000', '1.903', '0.000', '4.358', '0.000', '0.000', '0.000', '6.163']
['cl1', '0.000', '0.000', '0.000', '1.361', '0.000', '3.504', '0.000', '0.000', '0.000', '5.195']
['cl2', '0.000', '0.000', '0.000', '4.119', '0.000', '7.242', '0.000', '0.000', '0.000', '9.204']
['cl3', '0.000', '0.000', '0.000', '0.009', '0.000', '0.145', '0.000', '0.000', '0.000', '0.448']
['cl4', '0.000', '0.000', '0.000', '0.000', '8.476', '19.227', '13.523', '2.219', '3.971', '14.911']
['cl5', '0.000', '0.000', '0.000', '0.000', '0.000', '11.777', '0.000', '0.000', '0.000', '13.585']
['cl6', '0.000', '0.000', '0.000', '0.000', '0.000', '0.000', '16.286', '4.817', '7.068', '22.414']
['cl7', '0.000', '0.000', '0.000', '0.000', '0.000', '0.000', '0.000', '0.000', '0.000', '17.686']
['cl8', '0.000', '0.000', '0.000', '0.000', '0.000', '0.000', '0.000', '0.000', '0.000', '6.668']
['cl9', '0.000', '0.000', '0.000', '0.000', '0.000', '0.000', '0.000', '0.000', '0.000', '9.028']


Cluster 5 numerosity: 9
% Term:ados::sarrb_tot::17 = 0.64 -- N patients in cluster 9 out of 9
['ztest', 'cl1', 'cl2', 'cl3', 'cl4', 'cl5', 'cl6', 'cl7', 'cl8', 'cl9', 'cl10']
['cl0', '7.513', '11.566', '26.834', '15.602', '0.000', '12.762', '19.183', '9.061', '11.397', '10.913']
['cl1', '0.000', '0.000', '7.440', '0.000', '0.000', '0.000', '0.000', '0.000', '0.000', '0.000']
['cl2', '0.000', '0.000', '11.499', '0.000', '0.000', '0.000', '0.000', '0.000', '0.000', '0.000']
['cl3', '0.000', '0.000', '0.000', '15.550', '0.000', '12.699', '19.148', '8.988', '11.330', '10.844']
['cl4', '0.000', '0.000', '0.000', '0.000', '0.036', '0.000', '0.000', '0.000', '0.000', '0.000']
['cl5', '0.000', '0.000', '0.000', '0.000', '0.000', '0.001', '0.752', '0.000', '0.000', '0.000']
['cl6', '0.000', '0.000', '0.000', '0.000', '0.000', '0.000', '0.000', '0.000', '0.000', '0.000']
['cl7', '0.000', '0.000', '0.000', '0.000', '0.000', '0.000', '0.000', '0.000', '0.000', '0.000']
['cl8', '0.000', '0.000', '0.000', '0.000', '0.000', '0.000', '0.000', '0.000', '0.000', '0.000']
['cl9', '0.000', '0.000', '0.000', '0.000', '0.000', '0.000', '0.000', '0.000', '0.000', '0.000']
% Term:psi-sf::Padre::raw_ts::73 = 0.40 -- N patients in cluster 2 out of 9
['ztest', 'cl1', 'cl2', 'cl3', 'cl4', 'cl5', 'cl6', 'cl7', 'cl8', 'cl9', 'cl10']
['cl0', '7.513', '11.566', '15.329', '15.602', '2.032', '12.762', '19.183', '9.061', '11.397', '10.913']
['cl1', '0.000', '0.000', '11.919', '0.000', '0.149', '0.000', '0.000', '0.000', '0.000', '0.000']
['cl2', '0.000', '0.000', '15.501', '0.000', '1.137', '0.000', '0.000', '0.000', '0.000', '0.000']
['cl3', '0.000', '0.000', '0.000', '18.713', '0.024', '16.480', '21.396', '13.346', '15.361', '14.955']
['cl4', '0.000', '0.000', '0.000', '0.000', '4.090', '0.000', '0.000', '0.000', '0.000', '0.000']
['cl5', '0.000', '0.000', '0.000', '0.000', '0.000', '1.756', '9.080', '0.368', '1.064', '0.874']
['cl6', '0.000', '0.000', '0.000', '0.000', '0.000', '0.000', '0.000', '0.000', '0.000', '0.000']
['cl7', '0.000', '0.000', '0.000', '0.000', '0.000', '0.000', '0.000', '0.000', '0.000', '0.000']
['cl8', '0.000', '0.000', '0.000', '0.000', '0.000', '0.000', '0.000', '0.000', '0.000', '0.000']
['cl9', '0.000', '0.000', '0.000', '0.000', '0.000', '0.000', '0.000', '0.000', '0.000', '0.000']
% Term:psi-sf::Padre::raw_ts::136 = 1.00 -- N patients in cluster 1 out of 9
['ztest', 'cl1', 'cl2', 'cl3', 'cl4', 'cl5', 'cl6', 'cl7', 'cl8', 'cl9', 'cl10']
['cl0', '0.000', '0.000', '0.000', '0.000', '0.705', '0.000', '0.000', '0.000', '0.000', '0.000']
['cl1', '0.000', '0.000', '0.000', '0.000', '0.504', '0.000', '0.000', '0.000', '0.000', '0.000']
['cl2', '0.000', '0.000', '0.000', '0.000', '1.526', '0.000', '0.000', '0.000', '0.000', '0.000']
['cl3', '0.000', '0.000', '0.000', '0.000', '0.003', '0.000', '0.000', '0.000', '0.000', '0.000']
['cl4', '0.000', '0.000', '0.000', '0.000', '3.139', '0.000', '0.000', '0.000', '0.000', '0.000']
['cl5', '0.000', '0.000', '0.000', '0.000', '0.000', '1.944', '5.008', '0.822', '1.471', '1.320']
['cl6', '0.000', '0.000', '0.000', '0.000', '0.000', '0.000', '0.000', '0.000', '0.000', '0.000']
['cl7', '0.000', '0.000', '0.000', '0.000', '0.000', '0.000', '0.000', '0.000', '0.000', '0.000']
['cl8', '0.000', '0.000', '0.000', '0.000', '0.000', '0.000', '0.000', '0.000', '0.000', '0.000']
['cl9', '0.000', '0.000', '0.000', '0.000', '0.000', '0.000', '0.000', '0.000', '0.000', '0.000']
% Term:wechsler::FS::94 = 0.50 -- N patients in cluster 1 out of 9
['ztest', 'cl1', 'cl2', 'cl3', 'cl4', 'cl5', 'cl6', 'cl7', 'cl8', 'cl9', 'cl10']
['cl0', '6.735', '0.000', '0.000', '0.000', '1.339', '0.000', '0.000', '0.000', '0.000', '0.000']
['cl1', '0.000', '8.823', '1.244', '11.536', '5.821', '9.634', '13.902', '7.099', '8.708', '8.377']
['cl2', '0.000', '0.000', '0.000', '0.000', '2.898', '0.000', '0.000', '0.000', '0.000', '0.000']
['cl3', '0.000', '0.000', '0.000', '0.000', '0.006', '0.000', '0.000', '0.000', '0.000', '0.000']
['cl4', '0.000', '0.000', '0.000', '0.000', '5.965', '0.000', '0.000', '0.000', '0.000', '0.000']
['cl5', '0.000', '0.000', '0.000', '0.000', '0.000', '3.693', '9.516', '1.562', '2.795', '2.507']
['cl6', '0.000', '0.000', '0.000', '0.000', '0.000', '0.000', '0.000', '0.000', '0.000', '0.000']
['cl7', '0.000', '0.000', '0.000', '0.000', '0.000', '0.000', '0.000', '0.000', '0.000', '0.000']
['cl8', '0.000', '0.000', '0.000', '0.000', '0.000', '0.000', '0.000', '0.000', '0.000', '0.000']
['cl9', '0.000', '0.000', '0.000', '0.000', '0.000', '0.000', '0.000', '0.000', '0.000', '0.000']
% Term:srs::Padre::raw_tot::39 = 1.00 -- N patients in cluster 1 out of 9
['ztest', 'cl1', 'cl2', 'cl3', 'cl4', 'cl5', 'cl6', 'cl7', 'cl8', 'cl9', 'cl10']
['cl0', '0.000', '0.000', '0.000', '0.000', '0.705', '0.000', '0.000', '0.000', '0.000', '0.000']
['cl1', '0.000', '0.000', '0.000', '0.000', '0.504', '0.000', '0.000', '0.000', '0.000', '0.000']
['cl2', '0.000', '0.000', '0.000', '0.000', '1.526', '0.000', '0.000', '0.000', '0.000', '0.000']
['cl3', '0.000', '0.000', '0.000', '0.000', '0.003', '0.000', '0.000', '0.000', '0.000', '0.000']
['cl4', '0.000', '0.000', '0.000', '0.000', '3.139', '0.000', '0.000', '0.000', '0.000', '0.000']
['cl5', '0.000', '0.000', '0.000', '0.000', '0.000', '1.944', '5.008', '0.822', '1.471', '1.320']
['cl6', '0.000', '0.000', '0.000', '0.000', '0.000', '0.000', '0.000', '0.000', '0.000', '0.000']
['cl7', '0.000', '0.000', '0.000', '0.000', '0.000', '0.000', '0.000', '0.000', '0.000', '0.000']
['cl8', '0.000', '0.000', '0.000', '0.000', '0.000', '0.000', '0.000', '0.000', '0.000', '0.000']
['cl9', '0.000', '0.000', '0.000', '0.000', '0.000', '0.000', '0.000', '0.000', '0.000', '0.000']
% Term:griffithsmentaldevelopmentscales::GQ::91 = 0.33 -- N patients in cluster 1 out of 9
['ztest', 'cl1', 'cl2', 'cl3', 'cl4', 'cl5', 'cl6', 'cl7', 'cl8', 'cl9', 'cl10']
['cl0', '2.364', '4.967', '0.091', '8.165', '13.034', '5.860', '11.366', '3.274', '4.846', '4.502']
['cl1', '0.000', '0.000', '0.000', '0.000', '0.958', '0.000', '0.000', '0.000', '0.000', '0.000']
['cl2', '0.000', '0.000', '0.000', '0.000', '2.898', '0.000', '0.000', '0.000', '0.000', '0.000']
['cl3', '0.000', '0.000', '0.000', '0.000', '0.006', '0.000', '0.000', '0.000', '0.000', '0.000']
['cl4', '0.000', '0.000', '0.000', '0.000', '5.965', '0.000', '0.000', '0.000', '0.000', '0.000']
['cl5', '0.000', '0.000', '0.000', '0.000', '0.000', '3.693', '9.516', '1.562', '2.795', '2.507']
['cl6', '0.000', '0.000', '0.000', '0.000', '0.000', '0.000', '0.000', '0.000', '0.000', '0.000']
['cl7', '0.000', '0.000', '0.000', '0.000', '0.000', '0.000', '0.000', '0.000', '0.000', '0.000']
['cl8', '0.000', '0.000', '0.000', '0.000', '0.000', '0.000', '0.000', '0.000', '0.000', '0.000']
['cl9', '0.000', '0.000', '0.000', '0.000', '0.000', '0.000', '0.000', '0.000', '0.000', '0.000']
% Term:griffithsmentaldevelopmentscales::GQ::25 = 1.00 -- N patients in cluster 1 out of 9
['ztest', 'cl1', 'cl2', 'cl3', 'cl4', 'cl5', 'cl6', 'cl7', 'cl8', 'cl9', 'cl10']
['cl0', '0.000', '0.000', '0.000', '0.000', '0.705', '0.000', '0.000', '0.000', '0.000', '0.000']
['cl1', '0.000', '0.000', '0.000', '0.000', '0.504', '0.000', '0.000', '0.000', '0.000', '0.000']
['cl2', '0.000', '0.000', '0.000', '0.000', '1.526', '0.000', '0.000', '0.000', '0.000', '0.000']
['cl3', '0.000', '0.000', '0.000', '0.000', '0.003', '0.000', '0.000', '0.000', '0.000', '0.000']
['cl4', '0.000', '0.000', '0.000', '0.000', '3.139', '0.000', '0.000', '0.000', '0.000', '0.000']
['cl5', '0.000', '0.000', '0.000', '0.000', '0.000', '1.944', '5.008', '0.822', '1.471', '1.320']
['cl6', '0.000', '0.000', '0.000', '0.000', '0.000', '0.000', '0.000', '0.000', '0.000', '0.000']
['cl7', '0.000', '0.000', '0.000', '0.000', '0.000', '0.000', '0.000', '0.000', '0.000', '0.000']
['cl8', '0.000', '0.000', '0.000', '0.000', '0.000', '0.000', '0.000', '0.000', '0.000', '0.000']
['cl9', '0.000', '0.000', '0.000', '0.000', '0.000', '0.000', '0.000', '0.000', '0.000', '0.000']
% Term:srs::Padre::raw_tot::48 = 1.00 -- N patients in cluster 1 out of 9
['ztest', 'cl1', 'cl2', 'cl3', 'cl4', 'cl5', 'cl6', 'cl7', 'cl8', 'cl9', 'cl10']
['cl0', '0.000', '0.000', '0.000', '0.000', '0.705', '0.000', '0.000', '0.000', '0.000', '0.000']
['cl1', '0.000', '0.000', '0.000', '0.000', '0.504', '0.000', '0.000', '0.000', '0.000', '0.000']
['cl2', '0.000', '0.000', '0.000', '0.000', '1.526', '0.000', '0.000', '0.000', '0.000', '0.000']
['cl3', '0.000', '0.000', '0.000', '0.000', '0.003', '0.000', '0.000', '0.000', '0.000', '0.000']
['cl4', '0.000', '0.000', '0.000', '0.000', '3.139', '0.000', '0.000', '0.000', '0.000', '0.000']
['cl5', '0.000', '0.000', '0.000', '0.000', '0.000', '1.944', '5.008', '0.822', '1.471', '1.320']
['cl6', '0.000', '0.000', '0.000', '0.000', '0.000', '0.000', '0.000', '0.000', '0.000', '0.000']
['cl7', '0.000', '0.000', '0.000', '0.000', '0.000', '0.000', '0.000', '0.000', '0.000', '0.000']
['cl8', '0.000', '0.000', '0.000', '0.000', '0.000', '0.000', '0.000', '0.000', '0.000', '0.000']
['cl9', '0.000', '0.000', '0.000', '0.000', '0.000', '0.000', '0.000', '0.000', '0.000', '0.000']
% Term:psi-sf::Padre::raw_ts::80 = 0.50 -- N patients in cluster 1 out of 9
['ztest', 'cl1', 'cl2', 'cl3', 'cl4', 'cl5', 'cl6', 'cl7', 'cl8', 'cl9', 'cl10']
['cl0', '0.000', '0.000', '0.000', '0.000', '1.339', '0.000', '0.000', '0.000', '3.999', '0.000']
['cl1', '0.000', '0.000', '0.000', '0.000', '0.958', '0.000', '0.000', '0.000', '3.335', '0.000']
['cl2', '0.000', '0.000', '0.000', '0.000', '2.898', '0.000', '0.000', '0.000', '6.122', '0.000']
['cl3', '0.000', '0.000', '0.000', '0.000', '0.006', '0.000', '0.000', '0.000', '0.243', '0.000']
['cl4', '0.000', '0.000', '0.000', '0.000', '5.965', '0.000', '0.000', '0.000', '9.243', '0.000']
['cl5', '0.000', '0.000', '0.000', '0.000', '0.000', '3.693', '9.516', '1.562', '11.253', '2.507']
['cl6', '0.000', '0.000', '0.000', '0.000', '0.000', '0.000', '0.000', '0.000', '7.017', '0.000']
['cl7', '0.000', '0.000', '0.000', '0.000', '0.000', '0.000', '0.000', '0.000', '12.204', '0.000']
['cl8', '0.000', '0.000', '0.000', '0.000', '0.000', '0.000', '0.000', '0.000', '4.348', '0.000']
['cl9', '0.000', '0.000', '0.000', '0.000', '0.000', '0.000', '0.000', '0.000', '0.000', '5.646']
% Term:griffithsmentaldevelopmentscales::GQ::43 = 1.00 -- N patients in cluster 1 out of 9
['ztest', 'cl1', 'cl2', 'cl3', 'cl4', 'cl5', 'cl6', 'cl7', 'cl8', 'cl9', 'cl10']
['cl0', '0.000', '0.000', '0.000', '0.000', '0.705', '0.000', '0.000', '0.000', '0.000', '0.000']
['cl1', '0.000', '0.000', '0.000', '0.000', '0.504', '0.000', '0.000', '0.000', '0.000', '0.000']
['cl2', '0.000', '0.000', '0.000', '0.000', '1.526', '0.000', '0.000', '0.000', '0.000', '0.000']
['cl3', '0.000', '0.000', '0.000', '0.000', '0.003', '0.000', '0.000', '0.000', '0.000', '0.000']
['cl4', '0.000', '0.000', '0.000', '0.000', '3.139', '0.000', '0.000', '0.000', '0.000', '0.000']
['cl5', '0.000', '0.000', '0.000', '0.000', '0.000', '1.944', '5.008', '0.822', '1.471', '1.320']
['cl6', '0.000', '0.000', '0.000', '0.000', '0.000', '0.000', '0.000', '0.000', '0.000', '0.000']
['cl7', '0.000', '0.000', '0.000', '0.000', '0.000', '0.000', '0.000', '0.000', '0.000', '0.000']
['cl8', '0.000', '0.000', '0.000', '0.000', '0.000', '0.000', '0.000', '0.000', '0.000', '0.000']
['cl9', '0.000', '0.000', '0.000', '0.000', '0.000', '0.000', '0.000', '0.000', '0.000', '0.000']
% Term:griffithsmentaldevelopmentscales::GQ::36 = 1.00 -- N patients in cluster 1 out of 9
['ztest', 'cl1', 'cl2', 'cl3', 'cl4', 'cl5', 'cl6', 'cl7', 'cl8', 'cl9', 'cl10']
['cl0', '0.000', '0.000', '0.000', '0.000', '0.705', '0.000', '0.000', '0.000', '0.000', '0.000']
['cl1', '0.000', '0.000', '0.000', '0.000', '0.504', '0.000', '0.000', '0.000', '0.000', '0.000']
['cl2', '0.000', '0.000', '0.000', '0.000', '1.526', '0.000', '0.000', '0.000', '0.000', '0.000']
['cl3', '0.000', '0.000', '0.000', '0.000', '0.003', '0.000', '0.000', '0.000', '0.000', '0.000']
['cl4', '0.000', '0.000', '0.000', '0.000', '3.139', '0.000', '0.000', '0.000', '0.000', '0.000']
['cl5', '0.000', '0.000', '0.000', '0.000', '0.000', '1.944', '5.008', '0.822', '1.471', '1.320']
['cl6', '0.000', '0.000', '0.000', '0.000', '0.000', '0.000', '0.000', '0.000', '0.000', '0.000']
['cl7', '0.000', '0.000', '0.000', '0.000', '0.000', '0.000', '0.000', '0.000', '0.000', '0.000']
['cl8', '0.000', '0.000', '0.000', '0.000', '0.000', '0.000', '0.000', '0.000', '0.000', '0.000']
['cl9', '0.000', '0.000', '0.000', '0.000', '0.000', '0.000', '0.000', '0.000', '0.000', '0.000']
% Term:wechsler::FS::57 = 1.00 -- N patients in cluster 1 out of 9
['ztest', 'cl1', 'cl2', 'cl3', 'cl4', 'cl5', 'cl6', 'cl7', 'cl8', 'cl9', 'cl10']
['cl0', '0.000', '0.000', '0.000', '0.000', '0.705', '0.000', '0.000', '0.000', '0.000', '0.000']
['cl1', '0.000', '0.000', '0.000', '0.000', '0.504', '0.000', '0.000', '0.000', '0.000', '0.000']
['cl2', '0.000', '0.000', '0.000', '0.000', '1.526', '0.000', '0.000', '0.000', '0.000', '0.000']
['cl3', '0.000', '0.000', '0.000', '0.000', '0.003', '0.000', '0.000', '0.000', '0.000', '0.000']
['cl4', '0.000', '0.000', '0.000', '0.000', '3.139', '0.000', '0.000', '0.000', '0.000', '0.000']
['cl5', '0.000', '0.000', '0.000', '0.000', '0.000', '1.944', '5.008', '0.822', '1.471', '1.320']
['cl6', '0.000', '0.000', '0.000', '0.000', '0.000', '0.000', '0.000', '0.000', '0.000', '0.000']
['cl7', '0.000', '0.000', '0.000', '0.000', '0.000', '0.000', '0.000', '0.000', '0.000', '0.000']
['cl8', '0.000', '0.000', '0.000', '0.000', '0.000', '0.000', '0.000', '0.000', '0.000', '0.000']
['cl9', '0.000', '0.000', '0.000', '0.000', '0.000', '0.000', '0.000', '0.000', '0.000', '0.000']
% Term:psi-sf::Padre::raw_ts::47 = 0.25 -- N patients in cluster 1 out of 9
['ztest', 'cl1', 'cl2', 'cl3', 'cl4', 'cl5', 'cl6', 'cl7', 'cl8', 'cl9', 'cl10']
['cl0', '0.000', '0.000', '0.000', '0.000', '2.397', '5.488', '0.000', '10.094', '0.000', '7.760']
['cl1', '0.000', '0.000', '0.000', '0.000', '1.714', '4.413', '0.000', '8.808', '0.000', '6.542']
['cl2', '0.000', '0.000', '0.000', '0.000', '5.187', '9.119', '0.000', '13.930', '0.000', '11.590']
['cl3', '0.000', '0.000', '0.000', '0.000', '0.011', '0.183', '0.000', '1.293', '0.000', '0.564']
['cl4', '0.000', '0.000', '0.000', '0.000', '10.673', '14.830', '0.000', '19.120', '0.000', '17.107']
['cl5', '0.000', '0.000', '0.000', '0.000', '0.000', '24.212', '17.029', '13.972', '5.001', '18.777']
['cl6', '0.000', '0.000', '0.000', '0.000', '0.000', '0.000', '20.508', '22.829', '8.900', '28.225']
['cl7', '0.000', '0.000', '0.000', '0.000', '0.000', '0.000', '0.000', '23.771', '0.000', '22.272']
['cl8', '0.000', '0.000', '0.000', '0.000', '0.000', '0.000', '0.000', '0.000', '13.715', '28.472']
['cl9', '0.000', '0.000', '0.000', '0.000', '0.000', '0.000', '0.000', '0.000', '0.000', '11.369']
% Term:wechsler::FS::63 = 0.33 -- N patients in cluster 1 out of 9
['ztest', 'cl1', 'cl2', 'cl3', 'cl4', 'cl5', 'cl6', 'cl7', 'cl8', 'cl9', 'cl10']
['cl0', '7.513', '11.566', '1.249', '15.602', '10.108', '12.762', '19.183', '25.776', '11.397', '10.913']
['cl1', '0.000', '0.000', '0.000', '0.000', '1.361', '0.000', '0.000', '6.995', '0.000', '0.000']
['cl2', '0.000', '0.000', '0.000', '0.000', '4.119', '0.000', '0.000', '11.062', '0.000', '0.000']
['cl3', '0.000', '0.000', '0.000', '0.000', '0.009', '0.000', '0.000', '1.027', '0.000', '0.000']
['cl4', '0.000', '0.000', '0.000', '0.000', '8.476', '0.000', '0.000', '15.183', '0.000', '0.000']
['cl5', '0.000', '0.000', '0.000', '0.000', '0.000', '5.248', '13.523', '11.096', '3.971', '3.563']
['cl6', '0.000', '0.000', '0.000', '0.000', '0.000', '0.000', '0.000', '12.277', '0.000', '0.000']
['cl7', '0.000', '0.000', '0.000', '0.000', '0.000', '0.000', '0.000', '18.877', '0.000', '0.000']
['cl8', '0.000', '0.000', '0.000', '0.000', '0.000', '0.000', '0.000', '0.000', '10.891', '10.401']
['cl9', '0.000', '0.000', '0.000', '0.000', '0.000', '0.000', '0.000', '0.000', '0.000', '0.000']
% Term:psi-sf::Madre::raw_ts::124 = 1.00 -- N patients in cluster 1 out of 9
['ztest', 'cl1', 'cl2', 'cl3', 'cl4', 'cl5', 'cl6', 'cl7', 'cl8', 'cl9', 'cl10']
['cl0', '0.000', '0.000', '0.000', '0.000', '0.705', '0.000', '0.000', '0.000', '0.000', '0.000']
['cl1', '0.000', '0.000', '0.000', '0.000', '0.504', '0.000', '0.000', '0.000', '0.000', '0.000']
['cl2', '0.000', '0.000', '0.000', '0.000', '1.526', '0.000', '0.000', '0.000', '0.000', '0.000']
['cl3', '0.000', '0.000', '0.000', '0.000', '0.003', '0.000', '0.000', '0.000', '0.000', '0.000']
['cl4', '0.000', '0.000', '0.000', '0.000', '3.139', '0.000', '0.000', '0.000', '0.000', '0.000']
['cl5', '0.000', '0.000', '0.000', '0.000', '0.000', '1.944', '5.008', '0.822', '1.471', '1.320']
['cl6', '0.000', '0.000', '0.000', '0.000', '0.000', '0.000', '0.000', '0.000', '0.000', '0.000']
['cl7', '0.000', '0.000', '0.000', '0.000', '0.000', '0.000', '0.000', '0.000', '0.000', '0.000']
['cl8', '0.000', '0.000', '0.000', '0.000', '0.000', '0.000', '0.000', '0.000', '0.000', '0.000']
['cl9', '0.000', '0.000', '0.000', '0.000', '0.000', '0.000', '0.000', '0.000', '0.000', '0.000']
% Term:psi-sf::Madre::raw_ts::60 = 0.50 -- N patients in cluster 1 out of 9
['ztest', 'cl1', 'cl2', 'cl3', 'cl4', 'cl5', 'cl6', 'cl7', 'cl8', 'cl9', 'cl10']
['cl0', '0.000', '0.000', '0.000', '0.000', '1.339', '0.000', '0.000', '5.641', '0.000', '0.000']
['cl1', '0.000', '0.000', '0.000', '0.000', '0.958', '0.000', '0.000', '4.922', '0.000', '0.000']
['cl2', '0.000', '0.000', '0.000', '0.000', '2.898', '0.000', '0.000', '7.784', '0.000', '0.000']
['cl3', '0.000', '0.000', '0.000', '0.000', '0.006', '0.000', '0.000', '0.723', '0.000', '0.000']
['cl4', '0.000', '0.000', '0.000', '0.000', '5.965', '0.000', '0.000', '10.685', '0.000', '0.000']
['cl5', '0.000', '0.000', '0.000', '0.000', '0.000', '3.693', '9.516', '7.808', '2.795', '2.507']
['cl6', '0.000', '0.000', '0.000', '0.000', '0.000', '0.000', '0.000', '8.640', '0.000', '0.000']
['cl7', '0.000', '0.000', '0.000', '0.000', '0.000', '0.000', '0.000', '13.284', '0.000', '0.000']
['cl8', '0.000', '0.000', '0.000', '0.000', '0.000', '0.000', '0.000', '0.000', '7.664', '7.319']
['cl9', '0.000', '0.000', '0.000', '0.000', '0.000', '0.000', '0.000', '0.000', '0.000', '0.000']
% Term:vineland-ii::Madre e Padre insieme::standard_ABC::56 = 1.00 -- N patients in cluster 1 out of 9
['ztest', 'cl1', 'cl2', 'cl3', 'cl4', 'cl5', 'cl6', 'cl7', 'cl8', 'cl9', 'cl10']
['cl0', '0.000', '0.000', '0.000', '0.000', '0.705', '0.000', '0.000', '0.000', '0.000', '0.000']
['cl1', '0.000', '0.000', '0.000', '0.000', '0.504', '0.000', '0.000', '0.000', '0.000', '0.000']
['cl2', '0.000', '0.000', '0.000', '0.000', '1.526', '0.000', '0.000', '0.000', '0.000', '0.000']
['cl3', '0.000', '0.000', '0.000', '0.000', '0.003', '0.000', '0.000', '0.000', '0.000', '0.000']
['cl4', '0.000', '0.000', '0.000', '0.000', '3.139', '0.000', '0.000', '0.000', '0.000', '0.000']
['cl5', '0.000', '0.000', '0.000', '0.000', '0.000', '1.944', '5.008', '0.822', '1.471', '1.320']
['cl6', '0.000', '0.000', '0.000', '0.000', '0.000', '0.000', '0.000', '0.000', '0.000', '0.000']
['cl7', '0.000', '0.000', '0.000', '0.000', '0.000', '0.000', '0.000', '0.000', '0.000', '0.000']
['cl8', '0.000', '0.000', '0.000', '0.000', '0.000', '0.000', '0.000', '0.000', '0.000', '0.000']
['cl9', '0.000', '0.000', '0.000', '0.000', '0.000', '0.000', '0.000', '0.000', '0.000', '0.000']
% Term:psi-sf::Madre::raw_ts::101 = 0.25 -- N patients in cluster 1 out of 9
['ztest', 'cl1', 'cl2', 'cl3', 'cl4', 'cl5', 'cl6', 'cl7', 'cl8', 'cl9', 'cl10']
['cl0', '0.000', '0.000', '0.000', '0.000', '1.903', '0.000', '0.000', '0.000', '5.683', '2.365']
['cl1', '0.000', '0.000', '0.000', '0.000', '1.361', '0.000', '0.000', '0.000', '4.739', '1.745']
['cl2', '0.000', '0.000', '0.000', '0.000', '4.119', '0.000', '0.000', '0.000', '8.700', '4.768']
['cl3', '0.000', '0.000', '0.000', '0.000', '0.009', '0.000', '0.000', '0.000', '0.345', '0.019']
['cl4', '0.000', '0.000', '0.000', '0.000', '8.476', '0.000', '0.000', '0.000', '13.134', '9.224']
['cl5', '0.000', '0.000', '0.000', '0.000', '0.000', '5.248', '13.523', '2.219', '15.991', '24.903']
['cl6', '0.000', '0.000', '0.000', '0.000', '0.000', '0.000', '0.000', '0.000', '9.971', '5.947']
['cl7', '0.000', '0.000', '0.000', '0.000', '0.000', '0.000', '0.000', '0.000', '17.343', '14.184']
['cl8', '0.000', '0.000', '0.000', '0.000', '0.000', '0.000', '0.000', '0.000', '6.179', '2.718']
['cl9', '0.000', '0.000', '0.000', '0.000', '0.000', '0.000', '0.000', '0.000', '0.000', '16.356']


Cluster 6 numerosity: 12
% Term:ados::sarrb_tot::11 = 0.86 -- N patients in cluster 11 out of 12
['ztest', 'cl1', 'cl2', 'cl3', 'cl4', 'cl5', 'cl6', 'cl7', 'cl8', 'cl9', 'cl10']
['cl0', '7.513', '11.566', '7.870', '15.602', '15.602', '0.000', '19.183', '9.061', '11.397', '10.913']
['cl1', '0.000', '0.000', '15.837', '0.000', '0.000', '0.000', '0.000', '0.000', '0.000', '0.000']
['cl2', '0.000', '0.000', '18.667', '0.000', '0.000', '0.002', '0.000', '0.000', '0.000', '0.000']
['cl3', '0.000', '0.000', '0.000', '21.070', '21.070', '0.000', '23.018', '16.988', '18.559', '18.247']
['cl4', '0.000', '0.000', '0.000', '0.000', '0.000', '0.111', '0.000', '0.000', '0.000', '0.000']
['cl5', '0.000', '0.000', '0.000', '0.000', '0.000', '0.111', '0.000', '0.000', '0.000', '0.000']
['cl6', '0.000', '0.000', '0.000', '0.000', '0.000', '0.000', '1.384', '0.000', '0.001', '0.001']
['cl7', '0.000', '0.000', '0.000', '0.000', '0.000', '0.000', '0.000', '0.000', '0.000', '0.000']
['cl8', '0.000', '0.000', '0.000', '0.000', '0.000', '0.000', '0.000', '0.000', '0.000', '0.000']
['cl9', '0.000', '0.000', '0.000', '0.000', '0.000', '0.000', '0.000', '0.000', '0.000', '0.000']
% Term:griffithsmentaldevelopmentscales::GQ::62 = 1.00 -- N patients in cluster 2 out of 12
['ztest', 'cl1', 'cl2', 'cl3', 'cl4', 'cl5', 'cl6', 'cl7', 'cl8', 'cl9', 'cl10']
['cl0', '0.000', '0.000', '0.000', '0.000', '0.000', '0.470', '0.000', '0.000', '0.000', '0.000']
['cl1', '0.000', '0.000', '0.000', '0.000', '0.000', '0.317', '0.000', '0.000', '0.000', '0.000']
['cl2', '0.000', '0.000', '0.000', '0.000', '0.000', '1.160', '0.000', '0.000', '0.000', '0.000']
['cl3', '0.000', '0.000', '0.000', '0.000', '0.000', '0.001', '0.000', '0.000', '0.000', '0.000']
['cl4', '0.000', '0.000', '0.000', '0.000', '0.000', '2.683', '0.000', '0.000', '0.000', '0.000']
['cl5', '0.000', '0.000', '0.000', '0.000', '0.000', '2.683', '0.000', '0.000', '0.000', '0.000']
['cl6', '0.000', '0.000', '0.000', '0.000', '0.000', '0.000', '4.592', '0.563', '1.112', '0.979']
['cl7', '0.000', '0.000', '0.000', '0.000', '0.000', '0.000', '0.000', '0.000', '0.000', '0.000']
['cl8', '0.000', '0.000', '0.000', '0.000', '0.000', '0.000', '0.000', '0.000', '0.000', '0.000']
['cl9', '0.000', '0.000', '0.000', '0.000', '0.000', '0.000', '0.000', '0.000', '0.000', '0.000']


Cluster 7 numerosity: 5
% Term:ados::sarrb_tot::6 = 1.00 -- N patients in cluster 5 out of 5
['ztest', 'cl1', 'cl2', 'cl3', 'cl4', 'cl5', 'cl6', 'cl7', 'cl8', 'cl9', 'cl10']
['cl0', '0.000', '0.000', '0.000', '0.000', '0.000', '0.000', '0.000', '0.000', '0.000', '0.000']
['cl1', '0.000', '0.000', '0.000', '0.000', '0.000', '0.000', '0.000', '0.000', '0.000', '0.000']
['cl2', '0.000', '0.000', '0.000', '0.000', '0.000', '0.000', '0.000', '0.000', '0.000', '0.000']
['cl3', '0.000', '0.000', '0.000', '0.000', '0.000', '0.000', '0.000', '0.000', '0.000', '0.000']
['cl4', '0.000', '0.000', '0.000', '0.000', '0.000', '0.000', '0.004', '0.000', '0.000', '0.000']
['cl5', '0.000', '0.000', '0.000', '0.000', '0.000', '0.000', '0.004', '0.000', '0.000', '0.000']
['cl6', '0.000', '0.000', '0.000', '0.000', '0.000', '0.000', '0.000', '0.000', '0.000', '0.000']
['cl7', '0.000', '0.000', '0.000', '0.000', '0.000', '0.000', '0.000', '0.000', '0.000', '0.000']
['cl8', '0.000', '0.000', '0.000', '0.000', '0.000', '0.000', '0.000', '0.000', '0.000', '0.000']
['cl9', '0.000', '0.000', '0.000', '0.000', '0.000', '0.000', '0.000', '0.000', '0.000', '0.000']
% Term:srs::Madre::raw_tot::9 = 1.00 -- N patients in cluster 1 out of 5
['ztest', 'cl1', 'cl2', 'cl3', 'cl4', 'cl5', 'cl6', 'cl7', 'cl8', 'cl9', 'cl10']
['cl0', '0.000', '0.000', '0.000', '0.000', '0.000', '0.000', '0.066', '0.000', '0.000', '0.000']
['cl1', '0.000', '0.000', '0.000', '0.000', '0.000', '0.000', '0.033', '0.000', '0.000', '0.000']
['cl2', '0.000', '0.000', '0.000', '0.000', '0.000', '0.000', '0.317', '0.000', '0.000', '0.000']
['cl3', '0.000', '0.000', '0.000', '0.000', '0.000', '0.000', '0.000', '0.000', '0.000', '0.000']
['cl4', '0.000', '0.000', '0.000', '0.000', '0.000', '0.000', '1.299', '0.000', '0.000', '0.000']
['cl5', '0.000', '0.000', '0.000', '0.000', '0.000', '0.000', '1.299', '0.000', '0.000', '0.000']
['cl6', '0.000', '0.000', '0.000', '0.000', '0.000', '0.000', '0.513', '0.000', '0.000', '0.000']
['cl7', '0.000', '0.000', '0.000', '0.000', '0.000', '0.000', '0.000', '0.091', '0.295', '0.237']
['cl8', '0.000', '0.000', '0.000', '0.000', '0.000', '0.000', '0.000', '0.000', '0.000', '0.000']
['cl9', '0.000', '0.000', '0.000', '0.000', '0.000', '0.000', '0.000', '0.000', '0.000', '0.000']
% Term:griffithsmentaldevelopmentscales::GQ::112 = 0.50 -- N patients in cluster 1 out of 5
['ztest', 'cl1', 'cl2', 'cl3', 'cl4', 'cl5', 'cl6', 'cl7', 'cl8', 'cl9', 'cl10']
['cl0', '5.287', '8.139', '0.879', '10.979', '10.979', '8.981', '1.829', '6.376', '8.020', '7.680']
['cl1', '0.000', '0.000', '0.000', '0.000', '0.000', '0.000', '0.063', '0.000', '0.000', '0.000']
['cl2', '0.000', '0.000', '0.000', '0.000', '0.000', '0.000', '0.602', '0.000', '0.000', '0.000']
['cl3', '0.000', '0.000', '0.000', '0.000', '0.000', '0.000', '0.000', '0.000', '0.000', '0.000']
['cl4', '0.000', '0.000', '0.000', '0.000', '0.000', '0.000', '2.467', '0.000', '0.000', '0.000']
['cl5', '0.000', '0.000', '0.000', '0.000', '0.000', '0.000', '2.467', '0.000', '0.000', '0.000']
['cl6', '0.000', '0.000', '0.000', '0.000', '0.000', '0.000', '0.974', '0.000', '0.000', '0.000']
['cl7', '0.000', '0.000', '0.000', '0.000', '0.000', '0.000', '0.000', '0.173', '0.560', '0.451']
['cl8', '0.000', '0.000', '0.000', '0.000', '0.000', '0.000', '0.000', '0.000', '0.000', '0.000']
['cl9', '0.000', '0.000', '0.000', '0.000', '0.000', '0.000', '0.000', '0.000', '0.000', '0.000']
% Term:psi-sf::Madre::raw_ts::41 = 1.00 -- N patients in cluster 1 out of 5
['ztest', 'cl1', 'cl2', 'cl3', 'cl4', 'cl5', 'cl6', 'cl7', 'cl8', 'cl9', 'cl10']
['cl0', '0.000', '0.000', '0.000', '0.000', '0.000', '0.000', '0.066', '0.000', '0.000', '0.000']
['cl1', '0.000', '0.000', '0.000', '0.000', '0.000', '0.000', '0.033', '0.000', '0.000', '0.000']
['cl2', '0.000', '0.000', '0.000', '0.000', '0.000', '0.000', '0.317', '0.000', '0.000', '0.000']
['cl3', '0.000', '0.000', '0.000', '0.000', '0.000', '0.000', '0.000', '0.000', '0.000', '0.000']
['cl4', '0.000', '0.000', '0.000', '0.000', '0.000', '0.000', '1.299', '0.000', '0.000', '0.000']
['cl5', '0.000', '0.000', '0.000', '0.000', '0.000', '0.000', '1.299', '0.000', '0.000', '0.000']
['cl6', '0.000', '0.000', '0.000', '0.000', '0.000', '0.000', '0.513', '0.000', '0.000', '0.000']
['cl7', '0.000', '0.000', '0.000', '0.000', '0.000', '0.000', '0.000', '0.091', '0.295', '0.237']
['cl8', '0.000', '0.000', '0.000', '0.000', '0.000', '0.000', '0.000', '0.000', '0.000', '0.000']
['cl9', '0.000', '0.000', '0.000', '0.000', '0.000', '0.000', '0.000', '0.000', '0.000', '0.000']
% Term:psi-sf::Padre::raw_ts::40 = 1.00 -- N patients in cluster 1 out of 5
['ztest', 'cl1', 'cl2', 'cl3', 'cl4', 'cl5', 'cl6', 'cl7', 'cl8', 'cl9', 'cl10']
['cl0', '0.000', '0.000', '0.000', '0.000', '0.000', '0.000', '0.066', '0.000', '0.000', '0.000']
['cl1', '0.000', '0.000', '0.000', '0.000', '0.000', '0.000', '0.033', '0.000', '0.000', '0.000']
['cl2', '0.000', '0.000', '0.000', '0.000', '0.000', '0.000', '0.317', '0.000', '0.000', '0.000']
['cl3', '0.000', '0.000', '0.000', '0.000', '0.000', '0.000', '0.000', '0.000', '0.000', '0.000']
['cl4', '0.000', '0.000', '0.000', '0.000', '0.000', '0.000', '1.299', '0.000', '0.000', '0.000']
['cl5', '0.000', '0.000', '0.000', '0.000', '0.000', '0.000', '1.299', '0.000', '0.000', '0.000']
['cl6', '0.000', '0.000', '0.000', '0.000', '0.000', '0.000', '0.513', '0.000', '0.000', '0.000']
['cl7', '0.000', '0.000', '0.000', '0.000', '0.000', '0.000', '0.000', '0.091', '0.295', '0.237']
['cl8', '0.000', '0.000', '0.000', '0.000', '0.000', '0.000', '0.000', '0.000', '0.000', '0.000']
['cl9', '0.000', '0.000', '0.000', '0.000', '0.000', '0.000', '0.000', '0.000', '0.000', '0.000']
% Term:wechsler::FS::135 = 0.50 -- N patients in cluster 1 out of 5
['ztest', 'cl1', 'cl2', 'cl3', 'cl4', 'cl5', 'cl6', 'cl7', 'cl8', 'cl9', 'cl10']
['cl0', '0.000', '0.000', '0.000', '1.339', '0.000', '0.000', '0.126', '0.000', '0.000', '0.000']
['cl1', '0.000', '0.000', '0.000', '0.958', '0.000', '0.000', '0.063', '0.000', '0.000', '0.000']
['cl2', '0.000', '0.000', '0.000', '2.898', '0.000', '0.000', '0.602', '0.000', '0.000', '0.000']
['cl3', '0.000', '0.000', '0.000', '0.006', '0.000', '0.000', '0.000', '0.000', '0.000', '0.000']
['cl4', '0.000', '0.000', '0.000', '0.000', '5.965', '3.693', '10.410', '1.562', '2.795', '2.507']
['cl5', '0.000', '0.000', '0.000', '0.000', '0.000', '0.000', '2.467', '0.000', '0.000', '0.000']
['cl6', '0.000', '0.000', '0.000', '0.000', '0.000', '0.000', '0.974', '0.000', '0.000', '0.000']
['cl7', '0.000', '0.000', '0.000', '0.000', '0.000', '0.000', '0.000', '0.173', '0.560', '0.451']
['cl8', '0.000', '0.000', '0.000', '0.000', '0.000', '0.000', '0.000', '0.000', '0.000', '0.000']
['cl9', '0.000', '0.000', '0.000', '0.000', '0.000', '0.000', '0.000', '0.000', '0.000', '0.000']
% Term:wechsler::FS::73 = 1.00 -- N patients in cluster 1 out of 5
['ztest', 'cl1', 'cl2', 'cl3', 'cl4', 'cl5', 'cl6', 'cl7', 'cl8', 'cl9', 'cl10']
['cl0', '0.000', '0.000', '0.000', '0.000', '0.000', '0.000', '0.066', '0.000', '0.000', '0.000']
['cl1', '0.000', '0.000', '0.000', '0.000', '0.000', '0.000', '0.033', '0.000', '0.000', '0.000']
['cl2', '0.000', '0.000', '0.000', '0.000', '0.000', '0.000', '0.317', '0.000', '0.000', '0.000']
['cl3', '0.000', '0.000', '0.000', '0.000', '0.000', '0.000', '0.000', '0.000', '0.000', '0.000']
['cl4', '0.000', '0.000', '0.000', '0.000', '0.000', '0.000', '1.299', '0.000', '0.000', '0.000']
['cl5', '0.000', '0.000', '0.000', '0.000', '0.000', '0.000', '1.299', '0.000', '0.000', '0.000']
['cl6', '0.000', '0.000', '0.000', '0.000', '0.000', '0.000', '0.513', '0.000', '0.000', '0.000']
['cl7', '0.000', '0.000', '0.000', '0.000', '0.000', '0.000', '0.000', '0.091', '0.295', '0.237']
['cl8', '0.000', '0.000', '0.000', '0.000', '0.000', '0.000', '0.000', '0.000', '0.000', '0.000']
['cl9', '0.000', '0.000', '0.000', '0.000', '0.000', '0.000', '0.000', '0.000', '0.000', '0.000']
% Term:srs::Madre::raw_tot::64 = 1.00 -- N patients in cluster 1 out of 5
['ztest', 'cl1', 'cl2', 'cl3', 'cl4', 'cl5', 'cl6', 'cl7', 'cl8', 'cl9', 'cl10']
['cl0', '0.000', '0.000', '0.000', '0.000', '0.000', '0.000', '0.066', '0.000', '0.000', '0.000']
['cl1', '0.000', '0.000', '0.000', '0.000', '0.000', '0.000', '0.033', '0.000', '0.000', '0.000']
['cl2', '0.000', '0.000', '0.000', '0.000', '0.000', '0.000', '0.317', '0.000', '0.000', '0.000']
['cl3', '0.000', '0.000', '0.000', '0.000', '0.000', '0.000', '0.000', '0.000', '0.000', '0.000']
['cl4', '0.000', '0.000', '0.000', '0.000', '0.000', '0.000', '1.299', '0.000', '0.000', '0.000']
['cl5', '0.000', '0.000', '0.000', '0.000', '0.000', '0.000', '1.299', '0.000', '0.000', '0.000']
['cl6', '0.000', '0.000', '0.000', '0.000', '0.000', '0.000', '0.513', '0.000', '0.000', '0.000']
['cl7', '0.000', '0.000', '0.000', '0.000', '0.000', '0.000', '0.000', '0.091', '0.295', '0.237']
['cl8', '0.000', '0.000', '0.000', '0.000', '0.000', '0.000', '0.000', '0.000', '0.000', '0.000']
['cl9', '0.000', '0.000', '0.000', '0.000', '0.000', '0.000', '0.000', '0.000', '0.000', '0.000']
% Term:psi-sf::Madre::raw_ts::80 = 1.00 -- N patients in cluster 1 out of 5
['ztest', 'cl1', 'cl2', 'cl3', 'cl4', 'cl5', 'cl6', 'cl7', 'cl8', 'cl9', 'cl10']
['cl0', '0.000', '0.000', '0.000', '0.000', '0.000', '0.000', '0.066', '0.000', '0.000', '0.000']
['cl1', '0.000', '0.000', '0.000', '0.000', '0.000', '0.000', '0.033', '0.000', '0.000', '0.000']
['cl2', '0.000', '0.000', '0.000', '0.000', '0.000', '0.000', '0.317', '0.000', '0.000', '0.000']
['cl3', '0.000', '0.000', '0.000', '0.000', '0.000', '0.000', '0.000', '0.000', '0.000', '0.000']
['cl4', '0.000', '0.000', '0.000', '0.000', '0.000', '0.000', '1.299', '0.000', '0.000', '0.000']
['cl5', '0.000', '0.000', '0.000', '0.000', '0.000', '0.000', '1.299', '0.000', '0.000', '0.000']
['cl6', '0.000', '0.000', '0.000', '0.000', '0.000', '0.000', '0.513', '0.000', '0.000', '0.000']
['cl7', '0.000', '0.000', '0.000', '0.000', '0.000', '0.000', '0.000', '0.091', '0.295', '0.237']
['cl8', '0.000', '0.000', '0.000', '0.000', '0.000', '0.000', '0.000', '0.000', '0.000', '0.000']
['cl9', '0.000', '0.000', '0.000', '0.000', '0.000', '0.000', '0.000', '0.000', '0.000', '0.000']
% Term:psi-sf::Padre::raw_ts::101 = 1.00 -- N patients in cluster 1 out of 5
['ztest', 'cl1', 'cl2', 'cl3', 'cl4', 'cl5', 'cl6', 'cl7', 'cl8', 'cl9', 'cl10']
['cl0', '0.000', '0.000', '0.000', '0.000', '0.000', '0.000', '0.066', '0.000', '0.000', '0.000']
['cl1', '0.000', '0.000', '0.000', '0.000', '0.000', '0.000', '0.033', '0.000', '0.000', '0.000']
['cl2', '0.000', '0.000', '0.000', '0.000', '0.000', '0.000', '0.317', '0.000', '0.000', '0.000']
['cl3', '0.000', '0.000', '0.000', '0.000', '0.000', '0.000', '0.000', '0.000', '0.000', '0.000']
['cl4', '0.000', '0.000', '0.000', '0.000', '0.000', '0.000', '1.299', '0.000', '0.000', '0.000']
['cl5', '0.000', '0.000', '0.000', '0.000', '0.000', '0.000', '1.299', '0.000', '0.000', '0.000']
['cl6', '0.000', '0.000', '0.000', '0.000', '0.000', '0.000', '0.513', '0.000', '0.000', '0.000']
['cl7', '0.000', '0.000', '0.000', '0.000', '0.000', '0.000', '0.000', '0.091', '0.295', '0.237']
['cl8', '0.000', '0.000', '0.000', '0.000', '0.000', '0.000', '0.000', '0.000', '0.000', '0.000']
['cl9', '0.000', '0.000', '0.000', '0.000', '0.000', '0.000', '0.000', '0.000', '0.000', '0.000']
% Term:srs::Padre::raw_tot::26 = 1.00 -- N patients in cluster 1 out of 5
['ztest', 'cl1', 'cl2', 'cl3', 'cl4', 'cl5', 'cl6', 'cl7', 'cl8', 'cl9', 'cl10']
['cl0', '0.000', '0.000', '0.000', '0.000', '0.000', '0.000', '0.066', '0.000', '0.000', '0.000']
['cl1', '0.000', '0.000', '0.000', '0.000', '0.000', '0.000', '0.033', '0.000', '0.000', '0.000']
['cl2', '0.000', '0.000', '0.000', '0.000', '0.000', '0.000', '0.317', '0.000', '0.000', '0.000']
['cl3', '0.000', '0.000', '0.000', '0.000', '0.000', '0.000', '0.000', '0.000', '0.000', '0.000']
['cl4', '0.000', '0.000', '0.000', '0.000', '0.000', '0.000', '1.299', '0.000', '0.000', '0.000']
['cl5', '0.000', '0.000', '0.000', '0.000', '0.000', '0.000', '1.299', '0.000', '0.000', '0.000']
['cl6', '0.000', '0.000', '0.000', '0.000', '0.000', '0.000', '0.513', '0.000', '0.000', '0.000']
['cl7', '0.000', '0.000', '0.000', '0.000', '0.000', '0.000', '0.000', '0.091', '0.295', '0.237']
['cl8', '0.000', '0.000', '0.000', '0.000', '0.000', '0.000', '0.000', '0.000', '0.000', '0.000']
['cl9', '0.000', '0.000', '0.000', '0.000', '0.000', '0.000', '0.000', '0.000', '0.000', '0.000']


Cluster 8 numerosity: 18
% Term:ados::sarrb_tot::15 = 0.89 -- N patients in cluster 16 out of 18
['ztest', 'cl1', 'cl2', 'cl3', 'cl4', 'cl5', 'cl6', 'cl7', 'cl8', 'cl9', 'cl10']
['cl0', '0.000', '0.000', '16.612', '0.000', '1.903', '0.000', '0.000', '0.000', '0.000', '0.000']
['cl1', '0.000', '0.000', '15.837', '0.000', '1.361', '0.000', '0.000', '0.000', '0.000', '0.000']
['cl2', '0.000', '0.000', '18.667', '0.000', '4.119', '0.000', '0.000', '0.015', '0.000', '0.000']
['cl3', '0.000', '0.000', '0.000', '21.070', '0.512', '19.410', '23.018', '0.000', '18.559', '18.247']
['cl4', '0.000', '0.000', '0.000', '0.000', '8.476', '0.000', '0.000', '0.386', '0.000', '0.000']
['cl5', '0.000', '0.000', '0.000', '0.000', '0.000', '5.248', '13.523', '1.420', '3.971', '3.563']
['cl6', '0.000', '0.000', '0.000', '0.000', '0.000', '0.000', '0.000', '0.046', '0.000', '0.000']
['cl7', '0.000', '0.000', '0.000', '0.000', '0.000', '0.000', '0.000', '2.673', '0.000', '0.000']
['cl8', '0.000', '0.000', '0.000', '0.000', '0.000', '0.000', '0.000', '0.000', '0.013', '0.008']
['cl9', '0.000', '0.000', '0.000', '0.000', '0.000', '0.000', '0.000', '0.000', '0.000', '0.000']
% Term:griffithsmentaldevelopmentscales::GQ::73 = 0.57 -- N patients in cluster 4 out of 18
['ztest', 'cl1', 'cl2', 'cl3', 'cl4', 'cl5', 'cl6', 'cl7', 'cl8', 'cl9', 'cl10']
['cl0', '0.000', '0.000', '0.000', '0.000', '0.000', '4.358', '0.000', '0.964', '2.046', '0.000']
['cl1', '0.000', '0.000', '0.000', '0.000', '0.000', '3.504', '0.000', '0.625', '1.480', '0.000']
['cl2', '0.000', '0.000', '0.000', '0.000', '0.000', '7.242', '0.000', '2.602', '4.323', '0.000']
['cl3', '0.000', '0.000', '0.000', '0.000', '0.000', '0.145', '0.000', '0.001', '0.011', '0.000']
['cl4', '0.000', '0.000', '0.000', '0.000', '0.000', '11.777', '0.000', '6.522', '8.715', '0.000']
['cl5', '0.000', '0.000', '0.000', '0.000', '0.000', '11.777', '0.000', '6.522', '8.715', '0.000']
['cl6', '0.000', '0.000', '0.000', '0.000', '0.000', '0.000', '16.286', '12.328', '18.773', '6.577']
['cl7', '0.000', '0.000', '0.000', '0.000', '0.000', '0.000', '0.000', '11.715', '13.741', '0.000']
['cl8', '0.000', '0.000', '0.000', '0.000', '0.000', '0.000', '0.000', '0.000', '18.858', '2.160']
['cl9', '0.000', '0.000', '0.000', '0.000', '0.000', '0.000', '0.000', '0.000', '0.000', '3.755']
% Term:vineland-ii::Madre::standard_ABC::70 = 1.00 -- N patients in cluster 2 out of 18
['ztest', 'cl1', 'cl2', 'cl3', 'cl4', 'cl5', 'cl6', 'cl7', 'cl8', 'cl9', 'cl10']
['cl0', '0.000', '0.000', '0.000', '0.000', '0.000', '0.000', '0.000', '1.393', '0.000', '0.000']
['cl1', '0.000', '0.000', '0.000', '0.000', '0.000', '0.000', '0.000', '1.097', '0.000', '0.000']
['cl2', '0.000', '0.000', '0.000', '0.000', '0.000', '0.000', '0.000', '2.423', '0.000', '0.000']
['cl3', '0.000', '0.000', '0.000', '0.000', '0.000', '0.000', '0.000', '0.033', '0.000', '0.000']
['cl4', '0.000', '0.000', '0.000', '0.000', '0.000', '0.000', '0.000', '4.109', '0.000', '0.000']
['cl5', '0.000', '0.000', '0.000', '0.000', '0.000', '0.000', '0.000', '4.109', '0.000', '0.000']
['cl6', '0.000', '0.000', '0.000', '0.000', '0.000', '0.000', '0.000', '2.890', '0.000', '0.000']
['cl7', '0.000', '0.000', '0.000', '0.000', '0.000', '0.000', '0.000', '5.832', '0.000', '0.000']
['cl8', '0.000', '0.000', '0.000', '0.000', '0.000', '0.000', '0.000', '0.000', '2.360', '2.182']
['cl9', '0.000', '0.000', '0.000', '0.000', '0.000', '0.000', '0.000', '0.000', '0.000', '0.000']
% Term:vineland-ii::Madre e Padre insieme::standard_ABC::104 = 1.00 -- N patients in cluster 1 out of 18
['ztest', 'cl1', 'cl2', 'cl3', 'cl4', 'cl5', 'cl6', 'cl7', 'cl8', 'cl9', 'cl10']
['cl0', '0.000', '0.000', '0.000', '0.000', '0.000', '0.000', '0.000', '1.393', '0.000', '0.000']
['cl1', '0.000', '0.000', '0.000', '0.000', '0.000', '0.000', '0.000', '1.097', '0.000', '0.000']
['cl2', '0.000', '0.000', '0.000', '0.000', '0.000', '0.000', '0.000', '2.423', '0.000', '0.000']
['cl3', '0.000', '0.000', '0.000', '0.000', '0.000', '0.000', '0.000', '0.033', '0.000', '0.000']
['cl4', '0.000', '0.000', '0.000', '0.000', '0.000', '0.000', '0.000', '4.109', '0.000', '0.000']
['cl5', '0.000', '0.000', '0.000', '0.000', '0.000', '0.000', '0.000', '4.109', '0.000', '0.000']
['cl6', '0.000', '0.000', '0.000', '0.000', '0.000', '0.000', '0.000', '2.890', '0.000', '0.000']
['cl7', '0.000', '0.000', '0.000', '0.000', '0.000', '0.000', '0.000', '5.832', '0.000', '0.000']
['cl8', '0.000', '0.000', '0.000', '0.000', '0.000', '0.000', '0.000', '0.000', '2.360', '2.182']
['cl9', '0.000', '0.000', '0.000', '0.000', '0.000', '0.000', '0.000', '0.000', '0.000', '0.000']
% Term:ados::sarrb_tot::16 = 0.05 -- N patients in cluster 1 out of 18
['ztest', 'cl1', 'cl2', 'cl3', 'cl4', 'cl5', 'cl6', 'cl7', 'cl8', 'cl9', 'cl10']
['cl0', '9.461', '0.000', '9.910', '19.647', '19.647', '16.071', '24.157', '32.458', '14.352', '13.742']
['cl1', '0.000', '0.000', '19.943', '0.000', '0.000', '0.000', '0.000', '8.808', '0.000', '0.000']
['cl2', '0.000', '0.000', '0.000', '0.055', '0.055', '0.002', '1.083', '0.000', '0.000', '0.000']
['cl3', '0.000', '0.000', '0.000', '26.533', '26.533', '24.442', '28.986', '8.839', '23.371', '22.977']
['cl4', '0.000', '0.000', '0.000', '0.000', '0.000', '0.000', '0.000', '19.120', '0.000', '0.000']
['cl5', '0.000', '0.000', '0.000', '0.000', '0.000', '0.000', '0.000', '19.120', '0.000', '0.000']
['cl6', '0.000', '0.000', '0.000', '0.000', '0.000', '0.000', '0.000', '15.460', '0.000', '0.000']
['cl7', '0.000', '0.000', '0.000', '0.000', '0.000', '0.000', '0.000', '23.771', '0.000', '0.000']
['cl8', '0.000', '0.000', '0.000', '0.000', '0.000', '0.000', '0.000', '0.000', '13.715', '13.097']
['cl9', '0.000', '0.000', '0.000', '0.000', '0.000', '0.000', '0.000', '0.000', '0.000', '0.000']


Cluster 9 numerosity: 13
% Term:ados::sarrb_tot::9 = 0.88 -- N patients in cluster 13 out of 13
['ztest', 'cl1', 'cl2', 'cl3', 'cl4', 'cl5', 'cl6', 'cl7', 'cl8', 'cl9', 'cl10']
['cl0', '2.364', '4.967', '0.091', '8.165', '8.165', '5.860', '11.366', '3.274', '0.001', '4.502']
['cl1', '0.000', '0.000', '0.000', '0.000', '0.000', '0.000', '0.000', '0.000', '0.000', '0.000']
['cl2', '0.000', '0.000', '0.000', '0.000', '0.000', '0.000', '0.000', '0.000', '0.002', '0.000']
['cl3', '0.000', '0.000', '0.000', '0.000', '0.000', '0.000', '0.000', '0.000', '0.000', '0.000']
['cl4', '0.000', '0.000', '0.000', '0.000', '0.000', '0.000', '0.000', '0.000', '0.106', '0.000']
['cl5', '0.000', '0.000', '0.000', '0.000', '0.000', '0.000', '0.000', '0.000', '0.106', '0.000']
['cl6', '0.000', '0.000', '0.000', '0.000', '0.000', '0.000', '0.000', '0.000', '0.008', '0.000']
['cl7', '0.000', '0.000', '0.000', '0.000', '0.000', '0.000', '0.000', '0.000', '1.145', '0.000']
['cl8', '0.000', '0.000', '0.000', '0.000', '0.000', '0.000', '0.000', '0.000', '0.000', '0.000']
['cl9', '0.000', '0.000', '0.000', '0.000', '0.000', '0.000', '0.000', '0.000', '0.000', '0.001']
% Term:srs::Madre::raw_tot::99 = 1.00 -- N patients in cluster 2 out of 13
['ztest', 'cl1', 'cl2', 'cl3', 'cl4', 'cl5', 'cl6', 'cl7', 'cl8', 'cl9', 'cl10']
['cl0', '0.000', '0.000', '0.000', '0.000', '0.000', '0.000', '0.000', '0.000', '0.758', '0.000']
['cl1', '0.000', '0.000', '0.000', '0.000', '0.000', '0.000', '0.000', '0.000', '0.548', '0.000']
['cl2', '0.000', '0.000', '0.000', '0.000', '0.000', '0.000', '0.000', '0.000', '1.601', '0.000']
['cl3', '0.000', '0.000', '0.000', '0.000', '0.000', '0.000', '0.000', '0.000', '0.004', '0.000']
['cl4', '0.000', '0.000', '0.000', '0.000', '0.000', '0.000', '0.000', '0.000', '3.228', '0.000']
['cl5', '0.000', '0.000', '0.000', '0.000', '0.000', '0.000', '0.000', '0.000', '3.228', '0.000']
['cl6', '0.000', '0.000', '0.000', '0.000', '0.000', '0.000', '0.000', '0.000', '2.025', '0.000']
['cl7', '0.000', '0.000', '0.000', '0.000', '0.000', '0.000', '0.000', '0.000', '5.089', '0.000']
['cl8', '0.000', '0.000', '0.000', '0.000', '0.000', '0.000', '0.000', '0.000', '0.879', '0.000']
['cl9', '0.000', '0.000', '0.000', '0.000', '0.000', '0.000', '0.000', '0.000', '0.000', '1.391']
% Term:griffithsmentaldevelopmentscales::GQ::73 = 0.29 -- N patients in cluster 2 out of 13
['ztest', 'cl1', 'cl2', 'cl3', 'cl4', 'cl5', 'cl6', 'cl7', 'cl8', 'cl9', 'cl10']
['cl0', '0.000', '0.000', '0.000', '0.000', '0.000', '4.358', '0.000', '0.964', '2.046', '0.000']
['cl1', '0.000', '0.000', '0.000', '0.000', '0.000', '3.504', '0.000', '0.625', '1.480', '0.000']
['cl2', '0.000', '0.000', '0.000', '0.000', '0.000', '7.242', '0.000', '2.602', '4.323', '0.000']
['cl3', '0.000', '0.000', '0.000', '0.000', '0.000', '0.145', '0.000', '0.001', '0.011', '0.000']
['cl4', '0.000', '0.000', '0.000', '0.000', '0.000', '11.777', '0.000', '6.522', '8.715', '0.000']
['cl5', '0.000', '0.000', '0.000', '0.000', '0.000', '11.777', '0.000', '6.522', '8.715', '0.000']
['cl6', '0.000', '0.000', '0.000', '0.000', '0.000', '0.000', '16.286', '12.328', '18.773', '6.577']
['cl7', '0.000', '0.000', '0.000', '0.000', '0.000', '0.000', '0.000', '11.715', '13.741', '0.000']
['cl8', '0.000', '0.000', '0.000', '0.000', '0.000', '0.000', '0.000', '0.000', '18.858', '2.160']
['cl9', '0.000', '0.000', '0.000', '0.000', '0.000', '0.000', '0.000', '0.000', '0.000', '3.755']
% Term:psi-sf::Madre::raw_ts::81 = 0.50 -- N patients in cluster 2 out of 13
['ztest', 'cl1', 'cl2', 'cl3', 'cl4', 'cl5', 'cl6', 'cl7', 'cl8', 'cl9', 'cl10']
['cl0', '2.364', '4.967', '0.091', '8.165', '8.165', '5.860', '11.366', '3.274', '12.359', '4.502']
['cl1', '0.000', '0.000', '0.000', '0.000', '0.000', '0.000', '0.000', '0.000', '1.041', '0.000']
['cl2', '0.000', '0.000', '0.000', '0.000', '0.000', '0.000', '0.000', '0.000', '3.042', '0.000']
['cl3', '0.000', '0.000', '0.000', '0.000', '0.000', '0.000', '0.000', '0.000', '0.008', '0.000']
['cl4', '0.000', '0.000', '0.000', '0.000', '0.000', '0.000', '0.000', '0.000', '6.133', '0.000']
['cl5', '0.000', '0.000', '0.000', '0.000', '0.000', '0.000', '0.000', '0.000', '6.133', '0.000']
['cl6', '0.000', '0.000', '0.000', '0.000', '0.000', '0.000', '0.000', '0.000', '3.848', '0.000']
['cl7', '0.000', '0.000', '0.000', '0.000', '0.000', '0.000', '0.000', '0.000', '9.670', '0.000']
['cl8', '0.000', '0.000', '0.000', '0.000', '0.000', '0.000', '0.000', '0.000', '1.671', '0.000']
['cl9', '0.000', '0.000', '0.000', '0.000', '0.000', '0.000', '0.000', '0.000', '0.000', '2.643']


Cluster 10 numerosity: 15
% Term:ados::sarrb_tot::20 = 1.00 -- N patients in cluster 9 out of 15
['ztest', 'cl1', 'cl2', 'cl3', 'cl4', 'cl5', 'cl6', 'cl7', 'cl8', 'cl9', 'cl10']
['cl0', '0.000', '0.000', '0.000', '0.000', '0.000', '0.000', '0.000', '0.000', '0.000', '0.002']
['cl1', '0.000', '0.000', '0.000', '0.000', '0.000', '0.000', '0.000', '0.000', '0.000', '0.001']
['cl2', '0.000', '0.000', '0.000', '0.000', '0.000', '0.000', '0.000', '0.000', '0.000', '0.033']
['cl3', '0.000', '0.000', '0.000', '0.000', '0.000', '0.000', '0.000', '0.000', '0.000', '0.000']
['cl4', '0.000', '0.000', '0.000', '0.000', '0.000', '0.000', '0.000', '0.000', '0.000', '0.374']
['cl5', '0.000', '0.000', '0.000', '0.000', '0.000', '0.000', '0.000', '0.000', '0.000', '0.374']
['cl6', '0.000', '0.000', '0.000', '0.000', '0.000', '0.000', '0.000', '0.000', '0.000', '0.076']
['cl7', '0.000', '0.000', '0.000', '0.000', '0.000', '0.000', '0.000', '0.000', '0.000', '1.616']
['cl8', '0.000', '0.000', '0.000', '0.000', '0.000', '0.000', '0.000', '0.000', '0.000', '0.004']
['cl9', '0.000', '0.000', '0.000', '0.000', '0.000', '0.000', '0.000', '0.000', '0.000', '0.029']
% Term:ados::sarrb_tot::21 = 1.00 -- N patients in cluster 6 out of 15
['ztest', 'cl1', 'cl2', 'cl3', 'cl4', 'cl5', 'cl6', 'cl7', 'cl8', 'cl9', 'cl10']
['cl0', '0.000', '0.000', '0.000', '0.000', '0.000', '0.000', '0.000', '0.000', '0.000', '0.028']
['cl1', '0.000', '0.000', '0.000', '0.000', '0.000', '0.000', '0.000', '0.000', '0.000', '0.012']
['cl2', '0.000', '0.000', '0.000', '0.000', '0.000', '0.000', '0.000', '0.000', '0.000', '0.177']
['cl3', '0.000', '0.000', '0.000', '0.000', '0.000', '0.000', '0.000', '0.000', '0.000', '0.000']
['cl4', '0.000', '0.000', '0.000', '0.000', '0.000', '0.000', '0.000', '0.000', '0.000', '0.936']
['cl5', '0.000', '0.000', '0.000', '0.000', '0.000', '0.000', '0.000', '0.000', '0.000', '0.936']
['cl6', '0.000', '0.000', '0.000', '0.000', '0.000', '0.000', '0.000', '0.000', '0.000', '0.312']
['cl7', '0.000', '0.000', '0.000', '0.000', '0.000', '0.000', '0.000', '0.000', '0.000', '2.610']
['cl8', '0.000', '0.000', '0.000', '0.000', '0.000', '0.000', '0.000', '0.000', '0.000', '0.040']
['cl9', '0.000', '0.000', '0.000', '0.000', '0.000', '0.000', '0.000', '0.000', '0.000', '0.162']
% Term:griffithsmentaldevelopmentscales::GQ::64 = 0.50 -- N patients in cluster 2 out of 15
['ztest', 'cl1', 'cl2', 'cl3', 'cl4', 'cl5', 'cl6', 'cl7', 'cl8', 'cl9', 'cl10']
['cl0', '0.000', '0.000', '0.000', '0.000', '0.000', '4.358', '0.000', '0.000', '5.683', '2.365']
['cl1', '0.000', '0.000', '0.000', '0.000', '0.000', '3.504', '0.000', '0.000', '4.739', '1.745']
['cl2', '0.000', '0.000', '0.000', '0.000', '0.000', '7.242', '0.000', '0.000', '8.700', '4.768']
['cl3', '0.000', '0.000', '0.000', '0.000', '0.000', '0.145', '0.000', '0.000', '0.345', '0.019']
['cl4', '0.000', '0.000', '0.000', '0.000', '0.000', '11.777', '0.000', '0.000', '13.134', '9.224']
['cl5', '0.000', '0.000', '0.000', '0.000', '0.000', '11.777', '0.000', '0.000', '13.134', '9.224']
['cl6', '0.000', '0.000', '0.000', '0.000', '0.000', '0.000', '16.286', '4.817', '23.583', '20.090']
['cl7', '0.000', '0.000', '0.000', '0.000', '0.000', '0.000', '0.000', '0.000', '17.343', '14.184']
['cl8', '0.000', '0.000', '0.000', '0.000', '0.000', '0.000', '0.000', '0.000', '6.179', '2.718']
['cl9', '0.000', '0.000', '0.000', '0.000', '0.000', '0.000', '0.000', '0.000', '0.000', '16.356']
% Term:griffithsmentaldevelopmentscales::GQ::46 = 1.00 -- N patients in cluster 2 out of 15
['ztest', 'cl1', 'cl2', 'cl3', 'cl4', 'cl5', 'cl6', 'cl7', 'cl8', 'cl9', 'cl10']
['cl0', '0.000', '0.000', '0.000', '0.000', '0.000', '0.000', '0.000', '0.000', '0.000', '0.876']
['cl1', '0.000', '0.000', '0.000', '0.000', '0.000', '0.000', '0.000', '0.000', '0.000', '0.646']
['cl2', '0.000', '0.000', '0.000', '0.000', '0.000', '0.000', '0.000', '0.000', '0.000', '1.766']
['cl3', '0.000', '0.000', '0.000', '0.000', '0.000', '0.000', '0.000', '0.000', '0.000', '0.007']
['cl4', '0.000', '0.000', '0.000', '0.000', '0.000', '0.000', '0.000', '0.000', '0.000', '3.416']
['cl5', '0.000', '0.000', '0.000', '0.000', '0.000', '0.000', '0.000', '0.000', '0.000', '3.416']
['cl6', '0.000', '0.000', '0.000', '0.000', '0.000', '0.000', '0.000', '0.000', '0.000', '2.202']
['cl7', '0.000', '0.000', '0.000', '0.000', '0.000', '0.000', '0.000', '0.000', '0.000', '5.253']
['cl8', '0.000', '0.000', '0.000', '0.000', '0.000', '0.000', '0.000', '0.000', '0.000', '1.007']
['cl9', '0.000', '0.000', '0.000', '0.000', '0.000', '0.000', '0.000', '0.000', '0.000', '1.708']
% Term:psi-sf::Madre::raw_ts::101 = 0.50 -- N patients in cluster 2 out of 15
['ztest', 'cl1', 'cl2', 'cl3', 'cl4', 'cl5', 'cl6', 'cl7', 'cl8', 'cl9', 'cl10']
['cl0', '0.000', '0.000', '0.000', '0.000', '1.903', '0.000', '0.000', '0.000', '5.683', '2.365']
['cl1', '0.000', '0.000', '0.000', '0.000', '1.361', '0.000', '0.000', '0.000', '4.739', '1.745']
['cl2', '0.000', '0.000', '0.000', '0.000', '4.119', '0.000', '0.000', '0.000', '8.700', '4.768']
['cl3', '0.000', '0.000', '0.000', '0.000', '0.009', '0.000', '0.000', '0.000', '0.345', '0.019']
['cl4', '0.000', '0.000', '0.000', '0.000', '8.476', '0.000', '0.000', '0.000', '13.134', '9.224']
['cl5', '0.000', '0.000', '0.000', '0.000', '0.000', '5.248', '13.523', '2.219', '15.991', '24.903']
['cl6', '0.000', '0.000', '0.000', '0.000', '0.000', '0.000', '0.000', '0.000', '9.971', '5.947']
['cl7', '0.000', '0.000', '0.000', '0.000', '0.000', '0.000', '0.000', '0.000', '17.343', '14.184']
['cl8', '0.000', '0.000', '0.000', '0.000', '0.000', '0.000', '0.000', '0.000', '6.179', '2.718']
['cl9', '0.000', '0.000', '0.000', '0.000', '0.000', '0.000', '0.000', '0.000', '0.000', '16.356']
% Term:griffithsmentaldevelopmentscales::GQ::96 = 1.00 -- N patients in cluster 1 out of 15
['ztest', 'cl1', 'cl2', 'cl3', 'cl4', 'cl5', 'cl6', 'cl7', 'cl8', 'cl9', 'cl10']
['cl0', '0.000', '0.000', '0.000', '0.000', '0.000', '0.000', '0.000', '0.000', '0.000', '0.876']
['cl1', '0.000', '0.000', '0.000', '0.000', '0.000', '0.000', '0.000', '0.000', '0.000', '0.646']
['cl2', '0.000', '0.000', '0.000', '0.000', '0.000', '0.000', '0.000', '0.000', '0.000', '1.766']
['cl3', '0.000', '0.000', '0.000', '0.000', '0.000', '0.000', '0.000', '0.000', '0.000', '0.007']
['cl4', '0.000', '0.000', '0.000', '0.000', '0.000', '0.000', '0.000', '0.000', '0.000', '3.416']
['cl5', '0.000', '0.000', '0.000', '0.000', '0.000', '0.000', '0.000', '0.000', '0.000', '3.416']
['cl6', '0.000', '0.000', '0.000', '0.000', '0.000', '0.000', '0.000', '0.000', '0.000', '2.202']
['cl7', '0.000', '0.000', '0.000', '0.000', '0.000', '0.000', '0.000', '0.000', '0.000', '5.253']
['cl8', '0.000', '0.000', '0.000', '0.000', '0.000', '0.000', '0.000', '0.000', '0.000', '1.007']
['cl9', '0.000', '0.000', '0.000', '0.000', '0.000', '0.000', '0.000', '0.000', '0.000', '1.708']


