Cluster 0 -- Level-1

Term srs::caretaker::raw_sa -- Mean score: 11.26 (2.00, 21.50) -- SD: 4.94)
Term srs::caretaker::raw_scog -- Mean score: 19.00 (5.50, 32.00) -- SD: 7.03)
Term srs::caretaker::raw_scom -- Mean score: 32.52 (4.00, 56.00) -- SD: 13.17)
Term srs::caretaker::raw_sm -- Mean score: 17.04 (4.50, 30.50) -- SD: 6.88)
Term srs::caretaker::raw_rirb -- Mean score: 17.09 (1.00, 30.00) -- SD: 7.45)
Term gmds::q_A -- Mean score: 82.86 (65.00, 109.00) -- SD: 14.13)
Term gmds::q_B -- Mean score: 78.41 (56.00, 96.00) -- SD: 14.24)
Term gmds::q_C -- Mean score: 83.27 (44.00, 130.00) -- SD: 29.68)
Term gmds::q_D -- Mean score: 85.50 (57.00, 118.00) -- SD: 18.85)
Term gmds::q_E -- Mean score: 91.36 (71.00, 132.00) -- SD: 18.02)
Term gmds::q_F -- Mean score: 82.77 (56.00, 120.00) -- SD: 23.71)
Term ados-2modulo1::a2 -- Mean score: 0.60 (0.00, 1.00) -- SD: 0.37)
Term ados-2modulo1::a7 -- Mean score: 0.40 (0.00, 1.00) -- SD: 0.49)
Term ados-2modulo1::a8 -- Mean score: 0.30 (0.00, 1.00) -- SD: 0.40)
Term ados::b1 -- Mean score: 1.36 (0.00, 2.00) -- SD: 0.91)
Term ados-2modulo1::b3 -- Mean score: 0.70 (0.00, 1.00) -- SD: 0.40)
Term ados-2modulo1::b4 -- Mean score: 0.50 (0.00, 1.00) -- SD: 0.45)
Term ados-2modulo1::b5 -- Mean score: 0.00 (0.00, 0.00) -- SD: 0.00)
Term ados-2modulo1::b9 -- Mean score: 0.80 (0.00, 1.50) -- SD: 0.68)
Term ados-2modulo1::b10 -- Mean score: 0.40 (0.00, 1.00) -- SD: 0.49)
Term ados-2modulo1::b12 -- Mean score: 0.70 (0.00, 1.00) -- SD: 0.40)
Term ados-2modulo1::a5 -- Mean score: 0.20 (0.00, 1.00) -- SD: 0.40)
Term ados::d1 -- Mean score: 0.11 (0.00, 1.00) -- SD: 0.31)
Term ados::d2 -- Mean score: 0.09 (0.00, 2.00) -- SD: 0.33)
Term ados-2modulo1::d4 -- Mean score: 0.90 (0.00, 2.00) -- SD: 0.92)
Term psi-sf::Madre::raw_pd -- Mean score: 25.74 (13.00, 43.00) -- SD: 7.71)
Term psi-sf::Madre::raw_pcdi -- Mean score: 25.33 (15.00, 44.00) -- SD: 7.39)
Term psi-sf::Madre::raw_DC -- Mean score: 33.22 (13.00, 51.00) -- SD: 10.02)
Term psi-sf::Padre::raw_pd -- Mean score: 24.50 (12.00, 37.00) -- SD: 5.44)
Term psi-sf::Padre::raw_pcdi -- Mean score: 24.42 (12.00, 41.00) -- SD: 7.07)
Term psi-sf::Padre::raw_DC -- Mean score: 30.19 (14.00, 48.00) -- SD: 9.50)
Term leiterinternationalperformancescale-revised::scaled_fg -- Mean score: 6.85 (2.00, 14.00) -- SD: 3.13)
Term leiterinternationalperformancescale-revised::scaled_fc -- Mean score: 8.95 (1.00, 15.00) -- SD: 3.76)
Term leiterinternationalperformancescale-revised::scaled_so -- Mean score: 7.15 (3.50, 12.00) -- SD: 2.95)
Term leiterinternationalperformancescale-revised::scaled_rp -- Mean score: 6.50 (1.00, 11.00) -- SD: 2.79)
Term ados-2modulo1::b11 -- Mean score: 0.00 (0.00, 0.00) -- SD: 0.00)
Term ados-2modulo1::a3 -- Mean score: 2.00 (2.00, 2.00) -- SD: 0.00)
Term vineland::caretaker::scaled_rec -- Mean score: 10.71 (9.00, 13.00) -- SD: 1.44)
Term vineland::caretaker::scaled_exp -- Mean score: 10.71 (7.00, 14.00) -- SD: 2.04)
Term vineland::caretaker::scaled_wri -- Mean score: 10.54 (2.00, 15.00) -- SD: 3.06)
Term vineland::caretaker::scaled_per -- Mean score: 11.46 (9.00, 18.00) -- SD: 2.16)
Term vineland::caretaker::scaled_dom -- Mean score: 11.54 (8.00, 16.00) -- SD: 2.50)
Term vineland::caretaker::scaled_community -- Mean score: 9.96 (8.00, 13.00) -- SD: 1.82)
Term vineland::caretaker::scaled_ir -- Mean score: 9.93 (7.00, 12.00) -- SD: 1.59)
Term vineland::caretaker::scaled_play -- Mean score: 9.75 (7.00, 15.00) -- SD: 2.14)
Term vineland::caretaker::scaled_cs -- Mean score: 9.61 (7.00, 12.00) -- SD: 1.28)
Term vineland::caretaker::scaled_gm -- Mean score: 12.28 (10.00, 15.00) -- SD: 1.81)
Term vineland::caretaker::scaled_fm -- Mean score: 11.11 (9.00, 13.00) -- SD: 1.10)
Term ados-2modulo2::a6 -- Mean score: 0.43 (0.00, 1.00) -- SD: 0.49)
Term ados-2modulo2::a7 -- Mean score: 0.57 (0.00, 1.00) -- SD: 0.49)
Term ados-2modulo2::b2 -- Mean score: 0.43 (0.00, 1.00) -- SD: 0.49)
Term ados-2modulo2::b3 -- Mean score: 0.14 (0.00, 1.00) -- SD: 0.35)
Term ados-2modulo2::b5 -- Mean score: 0.43 (0.00, 1.00) -- SD: 0.49)
Term ados-2modulo2::b6 -- Mean score: 0.43 (0.00, 1.00) -- SD: 0.49)
Term ados-2modulo2::b8 -- Mean score: 0.71 (0.00, 1.00) -- SD: 0.45)
Term ados-2modulo2::b11 -- Mean score: 0.57 (0.00, 2.00) -- SD: 0.90)
Term ados-2modulo2::b12 -- Mean score: 0.57 (0.00, 1.00) -- SD: 0.49)
Term ados-2modulo2::a4 -- Mean score: 0.14 (0.00, 1.00) -- SD: 0.35)
Term ados-2modulo2::d4 -- Mean score: 0.29 (0.00, 1.00) -- SD: 0.45)
Term ados-2modulo3::a7 -- Mean score: 0.79 (0.00, 2.00) -- SD: 0.70)
Term ados-2modulo3::a8 -- Mean score: 0.61 (0.00, 2.00) -- SD: 0.59)
Term ados-2modulo3::a9 -- Mean score: 0.56 (0.00, 2.00) -- SD: 0.75)
Term ados-2modulo3::b2 -- Mean score: 0.88 (0.00, 2.00) -- SD: 0.56)
Term ados-2modulo3::b4 -- Mean score: 0.36 (0.00, 2.00) -- SD: 0.58)
Term ados-2modulo3::b7 -- Mean score: 0.76 (0.00, 2.00) -- SD: 0.53)
Term ados-2modulo3::b9 -- Mean score: 0.75 (0.00, 2.00) -- SD: 0.56)
Term ados-2modulo3::b10 -- Mean score: 0.43 (0.00, 2.00) -- SD: 0.63)
Term ados-2modulo3::b11 -- Mean score: 0.56 (0.00, 2.00) -- SD: 0.54)
Term ados-2modulo3::a4 -- Mean score: 0.03 (0.00, 1.00) -- SD: 0.16)
Term ados-2modulo3::d4 -- Mean score: 0.11 (0.00, 1.00) -- SD: 0.29)


Cluster 1 -- Level-1

Term gmds::q_A -- Mean score: 72.41 (24.00, 111.50) -- SD: 18.99)
Term gmds::q_B -- Mean score: 61.51 (15.00, 107.00) -- SD: 21.02)
Term gmds::q_C -- Mean score: 54.65 (9.00, 125.50) -- SD: 29.15)
Term gmds::q_D -- Mean score: 65.95 (18.00, 115.00) -- SD: 21.57)
Term gmds::q_E -- Mean score: 80.43 (21.00, 126.00) -- SD: 25.52)
Term gmds::q_F -- Mean score: 62.14 (17.00, 146.00) -- SD: 26.86)
Term vineland::caretaker::scaled_rec -- Mean score: 9.19 (1.00, 18.00) -- SD: 3.26)
Term vineland::caretaker::scaled_exp -- Mean score: 7.75 (1.00, 17.00) -- SD: 3.34)
Term vineland::caretaker::scaled_per -- Mean score: 9.07 (1.00, 19.00) -- SD: 3.38)
Term vineland::caretaker::scaled_dom -- Mean score: 11.13 (1.00, 22.00) -- SD: 3.50)
Term vineland::caretaker::scaled_community -- Mean score: 9.48 (1.00, 19.00) -- SD: 3.72)
Term vineland::caretaker::scaled_ir -- Mean score: 8.36 (1.00, 18.00) -- SD: 3.07)
Term vineland::caretaker::scaled_play -- Mean score: 8.14 (1.00, 18.00) -- SD: 3.39)
Term vineland::caretaker::scaled_cs -- Mean score: 9.76 (3.00, 18.00) -- SD: 2.68)
Term vineland::caretaker::scaled_gm -- Mean score: 11.07 (3.00, 19.00) -- SD: 2.58)
Term vineland::caretaker::scaled_fm -- Mean score: 10.19 (1.00, 17.00) -- SD: 2.78)
Term ados-2modulo1::a2 -- Mean score: 1.32 (0.00, 2.00) -- SD: 0.56)
Term ados-2modulo1::a8 -- Mean score: 1.17 (0.00, 2.00) -- SD: 0.76)
Term ados::b1 -- Mean score: 1.80 (0.00, 2.00) -- SD: 0.57)
Term ados-2modulo1::b3 -- Mean score: 1.14 (0.00, 2.00) -- SD: 0.39)
Term ados-2modulo1::b4 -- Mean score: 1.26 (0.00, 2.00) -- SD: 0.56)
Term ados-2modulo1::b5 -- Mean score: 0.71 (0.00, 2.00) -- SD: 0.65)
Term ados-2modulo1::b9 -- Mean score: 1.63 (0.00, 2.00) -- SD: 0.59)
Term ados-2modulo1::b10 -- Mean score: 1.17 (0.00, 2.00) -- SD: 0.60)
Term ados-2modulo1::b11 -- Mean score: 0.91 (0.00, 2.00) -- SD: 0.74)
Term ados-2modulo1::b12 -- Mean score: 1.24 (0.00, 2.00) -- SD: 0.52)
Term ados-2modulo1::a3 -- Mean score: 0.37 (0.00, 2.00) -- SD: 0.72)
Term ados::d1 -- Mean score: 0.58 (0.00, 2.00) -- SD: 0.71)
Term ados::d2 -- Mean score: 0.84 (0.00, 2.00) -- SD: 0.84)
Term ados-2modulo1::d4 -- Mean score: 1.38 (0.00, 2.00) -- SD: 0.66)
Term psi-sf::Madre::raw_pd -- Mean score: 28.70 (12.00, 52.00) -- SD: 8.78)
Term psi-sf::Madre::raw_pcdi -- Mean score: 27.50 (12.00, 52.00) -- SD: 8.41)
Term psi-sf::Madre::raw_DC -- Mean score: 34.43 (12.00, 58.00) -- SD: 10.27)
Term psi-sf::Padre::raw_pd -- Mean score: 26.84 (12.00, 85.00) -- SD: 9.84)
Term psi-sf::Padre::raw_pcdi -- Mean score: 27.07 (12.00, 85.00) -- SD: 9.81)
Term psi-sf::Padre::raw_DC -- Mean score: 31.67 (12.00, 51.00) -- SD: 8.68)
Term leiterinternationalperformancescale-revised::scaled_fg -- Mean score: 6.77 (1.00, 15.00) -- SD: 3.62)
Term leiterinternationalperformancescale-revised::scaled_fc -- Mean score: 8.07 (1.00, 16.00) -- SD: 3.31)
Term leiterinternationalperformancescale-revised::scaled_so -- Mean score: 7.67 (1.00, 14.00) -- SD: 3.82)
Term leiterinternationalperformancescale-revised::scaled_rp -- Mean score: 7.44 (1.00, 14.00) -- SD: 3.84)
Term ados-2modulo1::a7 -- Mean score: 0.97 (0.00, 2.00) -- SD: 0.59)
Term ados-2modulo1::a5 -- Mean score: 0.61 (0.00, 2.00) -- SD: 0.71)
Term ados-2modulo2::a6 -- Mean score: 0.50 (0.00, 2.00) -- SD: 0.57)
Term ados-2modulo2::a7 -- Mean score: 0.98 (0.00, 2.00) -- SD: 0.69)
Term ados-2modulo2::b2 -- Mean score: 0.90 (0.00, 2.00) -- SD: 0.39)
Term ados-2modulo2::b3 -- Mean score: 0.44 (0.00, 2.00) -- SD: 0.56)
Term ados-2modulo2::b5 -- Mean score: 1.04 (0.00, 2.00) -- SD: 0.81)
Term ados-2modulo2::b6 -- Mean score: 0.86 (0.00, 2.00) -- SD: 0.61)
Term ados-2modulo2::b8 -- Mean score: 1.17 (1.00, 2.00) -- SD: 0.36)
Term ados-2modulo2::b11 -- Mean score: 1.22 (0.00, 2.00) -- SD: 0.70)
Term ados-2modulo2::b12 -- Mean score: 0.90 (0.00, 2.00) -- SD: 0.56)
Term ados-2modulo2::a4 -- Mean score: 0.71 (0.00, 2.00) -- SD: 0.71)
Term ados-2modulo2::d4 -- Mean score: 1.10 (0.00, 2.00) -- SD: 0.56)
Term srs::caretaker::raw_sa -- Mean score: 10.38 (4.00, 20.00) -- SD: 3.41)
Term srs::caretaker::raw_scog -- Mean score: 16.28 (3.00, 31.00) -- SD: 5.99)
Term srs::caretaker::raw_scom -- Mean score: 29.72 (9.50, 61.50) -- SD: 11.69)
Term srs::caretaker::raw_sm -- Mean score: 14.41 (5.00, 27.50) -- SD: 5.39)
Term srs::caretaker::raw_rirb -- Mean score: 16.25 (2.00, 30.00) -- SD: 7.24)
Term vineland::caretaker::scaled_wri -- Mean score: 9.36 (1.00, 20.00) -- SD: 3.41)
Term ados-2modulotoddler::a2 -- Mean score: 1.40 (0.00, 2.00) -- SD: 0.66)
Term ados-2modulotoddler::a8 -- Mean score: 1.30 (0.00, 2.00) -- SD: 0.78)
Term ados-2modulotoddler::b4 -- Mean score: 1.45 (0.00, 2.00) -- SD: 0.66)
Term ados-2modulotoddler::b5 -- Mean score: 1.45 (1.00, 2.00) -- SD: 0.50)
Term ados-2modulotoddler::b6 -- Mean score: 0.60 (0.00, 2.00) -- SD: 0.66)
Term ados-2modulotoddler::b12 -- Mean score: 1.60 (0.00, 2.00) -- SD: 0.66)
Term ados-2modulotoddler::b13 -- Mean score: 1.27 (0.00, 2.00) -- SD: 0.62)
Term ados-2modulotoddler::b14 -- Mean score: 1.00 (0.00, 2.00) -- SD: 0.63)
Term ados-2modulotoddler::b15 -- Mean score: 1.18 (0.00, 2.00) -- SD: 0.57)
Term ados-2modulotoddler::a3 -- Mean score: 0.00 (0.00, 0.00) -- SD: 0.00)
Term ados-2modulotoddler::d5 -- Mean score: 1.73 (1.00, 2.00) -- SD: 0.45)
Term ados-2modulo3::a7 -- Mean score: 1.22 (0.00, 2.00) -- SD: 0.55)
Term ados-2modulo3::a8 -- Mean score: 1.03 (0.00, 2.00) -- SD: 0.78)
Term ados-2modulo3::a9 -- Mean score: 0.88 (0.00, 2.00) -- SD: 0.79)
Term ados-2modulo3::b2 -- Mean score: 1.12 (0.00, 2.00) -- SD: 0.44)
Term ados-2modulo3::b4 -- Mean score: 0.67 (0.00, 2.00) -- SD: 0.65)
Term ados-2modulo3::b7 -- Mean score: 0.91 (0.00, 2.00) -- SD: 0.51)
Term ados-2modulo3::b9 -- Mean score: 1.03 (0.00, 2.00) -- SD: 0.56)
Term ados-2modulo3::b10 -- Mean score: 0.91 (0.00, 2.00) -- SD: 0.80)
Term ados-2modulo3::b11 -- Mean score: 0.91 (0.00, 2.00) -- SD: 0.74)
Term ados-2modulo3::a4 -- Mean score: 0.26 (0.00, 1.00) -- SD: 0.43)
Term ados-2modulo3::d4 -- Mean score: 0.66 (0.00, 2.00) -- SD: 0.71)
Term ados-2modulotoddler::a7 -- Mean score: 2.00 (2.00, 2.00) -- SD: 0.00)
Term ados-2modulotoddler::b7 -- Mean score: 1.00 (1.00, 1.00) -- SD: 0.00)
Term ados-2modulotoddler::b8 -- Mean score: 2.00 (2.00, 2.00) -- SD: 0.00)
Term ados-2modulotoddler::b9 -- Mean score: 2.00 (2.00, 2.00) -- SD: 0.00)
Term ados-2modulotoddler::b16b -- Mean score: 1.00 (1.00, 1.00) -- SD: 0.00)
Term ados-2modulotoddler::b18 -- Mean score: 2.00 (2.00, 2.00) -- SD: 0.00)





Cluster 0 -- Level-2

Term srs::caretaker::raw_sa -- Mean score: 11.26 (2.00, 21.50) -- SD: 4.94)
Term srs::caretaker::raw_scog -- Mean score: 19.00 (5.50, 32.00) -- SD: 7.03)
Term srs::caretaker::raw_scom -- Mean score: 32.52 (4.00, 56.00) -- SD: 13.17)
Term srs::caretaker::raw_sm -- Mean score: 17.04 (4.50, 30.50) -- SD: 6.88)
Term srs::caretaker::raw_rirb -- Mean score: 17.09 (1.00, 30.00) -- SD: 7.45)
Term gmds::q_A -- Mean score: 82.86 (65.00, 109.00) -- SD: 14.13)
Term gmds::q_B -- Mean score: 78.41 (56.00, 96.00) -- SD: 14.24)
Term gmds::q_C -- Mean score: 83.27 (44.00, 130.00) -- SD: 29.68)
Term gmds::q_D -- Mean score: 85.50 (57.00, 118.00) -- SD: 18.85)
Term gmds::q_E -- Mean score: 91.36 (71.00, 132.00) -- SD: 18.02)
Term gmds::q_F -- Mean score: 82.77 (56.00, 120.00) -- SD: 23.71)
Term wechsler::V -- Mean score: 37.95 (16.00, 68.00) -- SD: 16.31)
Term wechsler::P -- Mean score: 37.40 (17.00, 67.00) -- SD: 13.84)
Term ados::sa_tot -- Mean score: 6.67 (1.00, 18.00) -- SD: 3.27)
Term ados::rrb_tot -- Mean score: 0.49 (0.00, 5.00) -- SD: 0.98)
Term wechsler::PS -- Mean score: 14.67 (2.00, 31.00) -- SD: 7.01)
Term psi-sf::Madre::raw_pd -- Mean score: 25.74 (13.00, 43.00) -- SD: 7.71)
Term psi-sf::Madre::raw_pcdi -- Mean score: 25.33 (15.00, 44.00) -- SD: 7.39)
Term psi-sf::Madre::raw_DC -- Mean score: 33.22 (13.00, 51.00) -- SD: 10.02)
Term psi-sf::Padre::raw_pd -- Mean score: 24.50 (12.00, 37.00) -- SD: 5.44)
Term psi-sf::Padre::raw_pcdi -- Mean score: 24.42 (12.00, 41.00) -- SD: 7.07)
Term psi-sf::Padre::raw_DC -- Mean score: 30.19 (14.00, 48.00) -- SD: 9.50)
Term leiterinternationalperformancescale-revised::scaled_fg -- Mean score: 6.85 (2.00, 14.00) -- SD: 3.13)
Term leiterinternationalperformancescale-revised::scaled_fc -- Mean score: 8.95 (1.00, 15.00) -- SD: 3.76)
Term leiterinternationalperformancescale-revised::scaled_so -- Mean score: 7.15 (3.50, 12.00) -- SD: 2.95)
Term leiterinternationalperformancescale-revised::scaled_rp -- Mean score: 6.50 (1.00, 11.00) -- SD: 2.79)
Term vineland::caretaker::sum_CD -- Mean score: 31.96 (24.00, 39.00) -- SD: 4.86)
Term vineland::caretaker::sum_DLSD -- Mean score: 32.96 (27.00, 47.00) -- SD: 5.17)
Term vineland::caretaker::sum_SD -- Mean score: 29.29 (23.50, 37.00) -- SD: 3.92)
Term vineland::caretaker::sum_MSD -- Mean score: 23.39 (19.00, 27.00) -- SD: 2.66)
Term wechsler::VC -- Mean score: 30.88 (7.00, 57.00) -- SD: 12.32)
Term wechsler::PR -- Mean score: 32.70 (14.00, 47.00) -- SD: 8.71)
Term wechsler::WM -- Mean score: 15.83 (3.00, 31.00) -- SD: 6.31)
Term wechsler::PO -- Mean score: 46.57 (29.00, 67.00) -- SD: 11.82)


Cluster 1 -- Level-2

Term gmds::q_A -- Mean score: 72.41 (24.00, 111.50) -- SD: 18.99)
Term gmds::q_B -- Mean score: 61.51 (15.00, 107.00) -- SD: 21.02)
Term gmds::q_C -- Mean score: 54.65 (9.00, 125.50) -- SD: 29.15)
Term gmds::q_D -- Mean score: 65.95 (18.00, 115.00) -- SD: 21.57)
Term gmds::q_E -- Mean score: 80.43 (21.00, 126.00) -- SD: 25.52)
Term gmds::q_F -- Mean score: 62.14 (17.00, 146.00) -- SD: 26.86)
Term vineland::caretaker::sum_CD -- Mean score: 25.18 (3.00, 46.00) -- SD: 8.79)
Term vineland::caretaker::sum_DLSD -- Mean score: 29.63 (3.00, 57.00) -- SD: 9.55)
Term vineland::caretaker::sum_SD -- Mean score: 26.27 (5.00, 53.00) -- SD: 8.47)
Term vineland::caretaker::sum_MSD -- Mean score: 21.21 (4.00, 33.00) -- SD: 4.96)
Term ados::sa_tot -- Mean score: 11.61 (1.00, 20.00) -- SD: 3.69)
Term ados::rrb_tot -- Mean score: 2.98 (0.00, 7.00) -- SD: 1.66)
Term psi-sf::Madre::raw_pd -- Mean score: 28.70 (12.00, 52.00) -- SD: 8.78)
Term psi-sf::Madre::raw_pcdi -- Mean score: 27.50 (12.00, 52.00) -- SD: 8.41)
Term psi-sf::Madre::raw_DC -- Mean score: 34.43 (12.00, 58.00) -- SD: 10.27)
Term psi-sf::Padre::raw_pd -- Mean score: 26.84 (12.00, 85.00) -- SD: 9.84)
Term psi-sf::Padre::raw_pcdi -- Mean score: 27.07 (12.00, 85.00) -- SD: 9.81)
Term psi-sf::Padre::raw_DC -- Mean score: 31.67 (12.00, 51.00) -- SD: 8.68)
Term leiterinternationalperformancescale-revised::scaled_fg -- Mean score: 6.77 (1.00, 15.00) -- SD: 3.62)
Term leiterinternationalperformancescale-revised::scaled_fc -- Mean score: 8.07 (1.00, 16.00) -- SD: 3.31)
Term leiterinternationalperformancescale-revised::scaled_so -- Mean score: 7.67 (1.00, 14.00) -- SD: 3.82)
Term leiterinternationalperformancescale-revised::scaled_rp -- Mean score: 7.44 (1.00, 14.00) -- SD: 3.84)
Term wechsler::V -- Mean score: 24.52 (7.00, 47.00) -- SD: 10.37)
Term wechsler::P -- Mean score: 31.10 (13.00, 50.00) -- SD: 8.66)
Term wechsler::PS -- Mean score: 12.94 (0.00, 27.00) -- SD: 5.94)
Term srs::caretaker::raw_sa -- Mean score: 10.38 (4.00, 20.00) -- SD: 3.41)
Term srs::caretaker::raw_scog -- Mean score: 16.28 (3.00, 31.00) -- SD: 5.99)
Term srs::caretaker::raw_scom -- Mean score: 29.72 (9.50, 61.50) -- SD: 11.69)
Term srs::caretaker::raw_sm -- Mean score: 14.41 (5.00, 27.50) -- SD: 5.39)
Term srs::caretaker::raw_rirb -- Mean score: 16.25 (2.00, 30.00) -- SD: 7.24)
Term wechsler::VC -- Mean score: 23.33 (0.00, 43.00) -- SD: 11.08)
Term wechsler::PR -- Mean score: 31.50 (15.00, 47.00) -- SD: 9.30)
Term wechsler::WM -- Mean score: 14.73 (2.00, 30.00) -- SD: 7.09)
Term wechsler::GL -- Mean score: 7.00 (7.00, 7.00) -- SD: 0.00)
Term wechsler::PO -- Mean score: 31.75 (0.00, 53.00) -- SD: 20.27)





Cluster 0 -- Level-3

Term srs::caretaker::raw_tot -- Mean score: 97.04 (17.50, 170.00) -- SD: 36.45)
Term gmds::GQ -- Mean score: 84.09 (61.00, 112.00) -- SD: 18.03)
Term wechsler::FS -- Mean score: 88.94 (32.00, 141.00) -- SD: 28.33)
Term ados::sarrb_tot -- Mean score: 7.16 (2.00, 18.00) -- SD: 3.18)
Term ados::comparison_score -- Mean score: 4.01 (1.00, 10.00) -- SD: 1.85)
Term psi-sf::Madre::raw_ts -- Mean score: 84.30 (41.00, 134.00) -- SD: 22.14)
Term psi-sf::Padre::raw_ts -- Mean score: 79.12 (40.00, 120.00) -- SD: 19.30)
Term vineland::caretaker::standard_ABC -- Mean score: 68.82 (36.00, 87.00) -- SD: 12.10)


Cluster 1 -- Level-3

Term gmds::GQ -- Mean score: 65.61 (21.00, 103.00) -- SD: 20.98)
Term vineland::caretaker::standard_ABC -- Mean score: 66.00 (20.00, 106.00) -- SD: 15.30)
Term ados::sarrb_tot -- Mean score: 14.57 (2.00, 25.00) -- SD: 4.34)
Term ados::comparison_score -- Mean score: 6.48 (1.00, 10.00) -- SD: 1.68)
Term psi-sf::Madre::raw_ts -- Mean score: 90.75 (36.00, 147.00) -- SD: 23.35)
Term psi-sf::Padre::raw_ts -- Mean score: 84.46 (36.00, 136.00) -- SD: 21.24)
Term wechsler::FS -- Mean score: 75.04 (20.00, 137.00) -- SD: 27.26)
Term srs::caretaker::raw_tot -- Mean score: 88.39 (27.50, 163.50) -- SD: 30.83)





Cluster 0 -- Level-4

Term srs::caretaker::raw_tot -- Mean score: 97.04 (17.50, 170.00) -- SD: 36.45)
Term gmds::q_A -- Mean score: 82.86 (65.00, 109.00) -- SD: 14.13)
Term gmds::q_B -- Mean score: 78.41 (56.00, 96.00) -- SD: 14.24)
Term gmds::q_C -- Mean score: 83.27 (44.00, 130.00) -- SD: 29.68)
Term gmds::q_D -- Mean score: 85.50 (57.00, 118.00) -- SD: 18.85)
Term gmds::q_E -- Mean score: 91.36 (71.00, 132.00) -- SD: 18.02)
Term gmds::q_F -- Mean score: 82.77 (56.00, 120.00) -- SD: 23.71)
Term gmds::GQ -- Mean score: 84.09 (61.00, 112.00) -- SD: 18.03)
Term wechsler::FS -- Mean score: 88.94 (32.00, 141.00) -- SD: 28.33)
Term ados::sa_tot -- Mean score: 6.67 (1.00, 18.00) -- SD: 3.27)
Term ados::rrb_tot -- Mean score: 0.49 (0.00, 5.00) -- SD: 0.98)
Term ados::comparison_score -- Mean score: 4.01 (1.00, 10.00) -- SD: 1.85)
Term psi-sf::Madre::raw_ts -- Mean score: 84.30 (41.00, 134.00) -- SD: 22.14)
Term psi-sf::Padre::raw_ts -- Mean score: 79.12 (40.00, 120.00) -- SD: 19.30)
Term vineland::caretaker::standard_CD -- Mean score: 71.93 (38.00, 92.00) -- SD: 14.27)
Term vineland::caretaker::standard_DLSD -- Mean score: 75.36 (66.00, 103.00) -- SD: 10.52)
Term vineland::caretaker::standard_SD -- Mean score: 69.29 (42.00, 85.00) -- SD: 10.31)
Term vineland::caretaker::standard_ABC -- Mean score: 68.82 (36.00, 87.00) -- SD: 12.10)
Term vineland::caretaker::standard_MSD -- Mean score: 79.94 (67.00, 91.00) -- SD: 8.21)


Cluster 1 -- Level-4

Term gmds::q_A -- Mean score: 72.41 (24.00, 111.50) -- SD: 18.99)
Term gmds::q_B -- Mean score: 61.51 (15.00, 107.00) -- SD: 21.02)
Term gmds::q_C -- Mean score: 54.65 (9.00, 125.50) -- SD: 29.15)
Term gmds::q_D -- Mean score: 65.95 (18.00, 115.00) -- SD: 21.57)
Term gmds::q_E -- Mean score: 80.43 (21.00, 126.00) -- SD: 25.52)
Term gmds::q_F -- Mean score: 62.14 (17.00, 146.00) -- SD: 26.86)
Term gmds::GQ -- Mean score: 65.61 (21.00, 103.00) -- SD: 20.98)
Term vineland::caretaker::standard_CD -- Mean score: 63.22 (20.00, 104.00) -- SD: 16.21)
Term vineland::caretaker::standard_DLSD -- Mean score: 70.36 (21.00, 122.00) -- SD: 17.54)
Term vineland::caretaker::standard_SD -- Mean score: 66.16 (20.00, 118.00) -- SD: 15.82)
Term vineland::caretaker::standard_MSD -- Mean score: 72.92 (22.00, 106.00) -- SD: 14.12)
Term vineland::caretaker::standard_ABC -- Mean score: 66.00 (20.00, 106.00) -- SD: 15.30)
Term ados::sa_tot -- Mean score: 11.61 (1.00, 20.00) -- SD: 3.69)
Term ados::rrb_tot -- Mean score: 2.98 (0.00, 7.00) -- SD: 1.66)
Term ados::comparison_score -- Mean score: 6.48 (1.00, 10.00) -- SD: 1.68)
Term psi-sf::Madre::raw_ts -- Mean score: 90.75 (36.00, 147.00) -- SD: 23.35)
Term psi-sf::Padre::raw_ts -- Mean score: 84.46 (36.00, 136.00) -- SD: 21.24)
Term wechsler::FS -- Mean score: 75.04 (20.00, 137.00) -- SD: 27.26)
Term srs::caretaker::raw_tot -- Mean score: 88.39 (27.50, 163.50) -- SD: 30.83)





