Cluster 0 -- Level-1

Term vineland-ii::Madre::scaled_rec -- Mean score: 10.67 (9.00, 13.00) -- SD: 1.49)
Term vineland-ii::Madre::scaled_exp -- Mean score: 10.00 (8.00, 12.00) -- SD: 1.29)
Term vineland-ii::Madre::scaled_wri -- Mean score: 9.17 (2.00, 12.00) -- SD: 3.48)
Term vineland-ii::Madre::scaled_per -- Mean score: 10.50 (6.00, 13.00) -- SD: 2.22)
Term vineland-ii::Madre::scaled_dom -- Mean score: 11.00 (4.00, 15.00) -- SD: 3.42)
Term vineland-ii::Madre::scaled_community -- Mean score: 9.67 (6.00, 13.00) -- SD: 2.29)
Term vineland-ii::Madre::scaled_ir -- Mean score: 9.83 (6.00, 12.00) -- SD: 1.95)
Term vineland-ii::Madre::scaled_play -- Mean score: 9.83 (7.00, 15.00) -- SD: 2.54)
Term vineland-ii::Madre::scaled_cs -- Mean score: 9.83 (6.00, 12.00) -- SD: 1.95)
Term ados-2modulo3::a7 -- Mean score: 1.03 (0.00, 2.00) -- SD: 0.65)
Term ados-2modulo3::a8 -- Mean score: 0.85 (0.00, 2.00) -- SD: 0.75)
Term ados-2modulo3::a9 -- Mean score: 0.72 (0.00, 2.00) -- SD: 0.78)
Term ados::b1 -- Mean score: 1.46 (0.00, 2.00) -- SD: 0.87)
Term ados-2modulo3::b2 -- Mean score: 0.98 (0.00, 2.00) -- SD: 0.50)
Term ados-2modulo3::b4 -- Mean score: 0.55 (0.00, 2.00) -- SD: 0.64)
Term ados-2modulo3::b7 -- Mean score: 0.84 (0.00, 2.00) -- SD: 0.54)
Term ados-2modulo3::b9 -- Mean score: 0.91 (0.00, 2.00) -- SD: 0.58)
Term ados-2modulo3::b10 -- Mean score: 0.67 (0.00, 2.00) -- SD: 0.75)
Term ados-2modulo3::b11 -- Mean score: 0.78 (0.00, 2.00) -- SD: 0.68)
Term ados-2modulo3::a4 -- Mean score: 0.16 (0.00, 1.00) -- SD: 0.37)
Term ados::d1 -- Mean score: 0.24 (0.00, 2.00) -- SD: 0.49)
Term ados::d2 -- Mean score: 0.30 (0.00, 2.00) -- SD: 0.61)
Term ados-2modulo3::d4 -- Mean score: 0.42 (0.00, 2.00) -- SD: 0.63)
Term wechsler::bd -- Mean score: 10.98 (1.00, 17.00) -- SD: 3.73)
Term wechsler::si -- Mean score: 9.71 (1.00, 17.00) -- SD: 3.65)
Term wechsler::pcn -- Mean score: 9.57 (2.00, 16.00) -- SD: 3.22)
Term wechsler::cd -- Mean score: 6.46 (1.00, 15.00) -- SD: 3.75)
Term wechsler::vc -- Mean score: 9.01 (1.00, 18.00) -- SD: 4.07)
Term wechsler::mr -- Mean score: 10.76 (4.00, 18.00) -- SD: 3.67)
Term wechsler::co -- Mean score: 8.21 (1.00, 19.00) -- SD: 4.25)
Term wechsler::ss -- Mean score: 7.85 (1.00, 18.00) -- SD: 3.46)
Term psi-sf::Padre::raw_pd -- Mean score: 27.09 (12.00, 85.00) -- SD: 10.99)
Term psi-sf::Padre::raw_pcdi -- Mean score: 27.62 (12.00, 85.00) -- SD: 11.69)
Term psi-sf::Padre::raw_DC -- Mean score: 31.13 (12.00, 48.00) -- SD: 9.01)
Term psi-sf::Madre::raw_pd -- Mean score: 26.53 (12.00, 41.00) -- SD: 6.99)
Term psi-sf::Madre::raw_pcdi -- Mean score: 26.57 (12.00, 44.00) -- SD: 7.29)
Term psi-sf::Madre::raw_DC -- Mean score: 34.45 (12.00, 58.00) -- SD: 9.61)
Term griffithsmentaldevelopmentscales::q_A -- Mean score: 66.25 (44.00, 89.00) -- SD: 15.93)
Term griffithsmentaldevelopmentscales::q_B -- Mean score: 59.25 (24.00, 76.00) -- SD: 20.58)
Term griffithsmentaldevelopmentscales::q_C -- Mean score: 76.00 (42.00, 119.00) -- SD: 28.77)
Term griffithsmentaldevelopmentscales::q_D -- Mean score: 69.50 (21.00, 110.00) -- SD: 31.82)
Term griffithsmentaldevelopmentscales::q_E -- Mean score: 74.00 (21.00, 116.00) -- SD: 34.26)
Term griffithsmentaldevelopmentscales::q_F -- Mean score: 79.50 (57.00, 137.00) -- SD: 33.45)
Term ados-2modulo1::a2 -- Mean score: 1.00 (1.00, 1.00) -- SD: 0.00)
Term ados-2modulo1::a7 -- Mean score: 1.00 (1.00, 1.00) -- SD: 0.00)
Term ados-2modulo1::a8 -- Mean score: 0.00 (0.00, 0.00) -- SD: 0.00)
Term ados-2modulo1::b3 -- Mean score: 1.00 (1.00, 1.00) -- SD: 0.00)
Term ados-2modulo1::b4 -- Mean score: 1.00 (1.00, 1.00) -- SD: 0.00)
Term ados-2modulo1::b5 -- Mean score: 0.00 (0.00, 0.00) -- SD: 0.00)
Term ados-2modulo1::b9 -- Mean score: 1.00 (1.00, 1.00) -- SD: 0.00)
Term ados-2modulo1::b10 -- Mean score: 1.00 (1.00, 1.00) -- SD: 0.00)
Term ados-2modulo1::b12 -- Mean score: 0.00 (0.00, 0.00) -- SD: 0.00)
Term ados-2modulo1::a5 -- Mean score: 0.00 (0.00, 0.00) -- SD: 0.00)
Term ados-2modulo1::d4 -- Mean score: 1.00 (1.00, 1.00) -- SD: 0.00)
Term leiterinternationalperformancescale-revised::scaled_fg -- Mean score: 6.12 (1.00, 15.00) -- SD: 3.55)
Term leiterinternationalperformancescale-revised::scaled_fc -- Mean score: 8.29 (1.00, 16.00) -- SD: 3.57)
Term leiterinternationalperformancescale-revised::scaled_so -- Mean score: 6.88 (1.00, 13.00) -- SD: 3.63)
Term leiterinternationalperformancescale-revised::scaled_rp -- Mean score: 6.79 (1.00, 14.00) -- SD: 3.69)
Term vineland-ii::Madre e Padre insieme::scaled_rec -- Mean score: 11.86 (9.00, 14.00) -- SD: 1.55)
Term vineland-ii::Madre e Padre insieme::scaled_exp -- Mean score: 11.14 (9.00, 13.00) -- SD: 1.25)
Term vineland-ii::Madre e Padre insieme::scaled_wri -- Mean score: 12.71 (9.00, 20.00) -- SD: 3.57)
Term vineland-ii::Madre e Padre insieme::scaled_per -- Mean score: 12.43 (10.00, 18.00) -- SD: 2.56)
Term vineland-ii::Madre e Padre insieme::scaled_dom -- Mean score: 13.14 (10.00, 17.00) -- SD: 2.36)
Term vineland-ii::Madre e Padre insieme::scaled_community -- Mean score: 10.71 (8.00, 15.00) -- SD: 2.60)
Term vineland-ii::Madre e Padre insieme::scaled_ir -- Mean score: 9.14 (7.00, 10.00) -- SD: 1.12)
Term vineland-ii::Madre e Padre insieme::scaled_play -- Mean score: 9.14 (7.00, 11.00) -- SD: 1.36)
Term vineland-ii::Madre e Padre insieme::scaled_cs -- Mean score: 10.00 (9.00, 11.00) -- SD: 0.76)
Term ados-2modulo2::a6 -- Mean score: 1.00 (0.00, 2.00) -- SD: 1.00)
Term ados-2modulo2::a7 -- Mean score: 1.50 (1.00, 2.00) -- SD: 0.50)
Term ados-2modulo2::b2 -- Mean score: 1.00 (1.00, 1.00) -- SD: 0.00)
Term ados-2modulo2::b3 -- Mean score: 1.00 (1.00, 1.00) -- SD: 0.00)
Term ados-2modulo2::b5 -- Mean score: 1.50 (1.00, 2.00) -- SD: 0.50)
Term ados-2modulo2::b6 -- Mean score: 1.50 (1.00, 2.00) -- SD: 0.50)
Term ados-2modulo2::b8 -- Mean score: 1.50 (1.00, 2.00) -- SD: 0.50)
Term ados-2modulo2::b11 -- Mean score: 2.00 (2.00, 2.00) -- SD: 0.00)
Term ados-2modulo2::b12 -- Mean score: 1.50 (1.00, 2.00) -- SD: 0.50)
Term ados-2modulo2::a4 -- Mean score: 1.50 (1.00, 2.00) -- SD: 0.50)
Term ados-2modulo2::d4 -- Mean score: 0.50 (0.00, 1.00) -- SD: 0.50)
Term vineland-ii::Madre::scaled_gm -- Mean score: 10.33 (8.00, 13.00) -- SD: 2.05)
Term vineland-ii::Madre::scaled_fm -- Mean score: 11.00 (7.00, 13.00) -- SD: 2.83)
Term wechsler::pc -- Mean score: 10.81 (5.00, 16.00) -- SD: 3.49)
Term wechsler::in -- Mean score: 8.16 (3.00, 14.00) -- SD: 3.69)
Term srs::Padre::raw_sa -- Mean score: 10.30 (2.00, 20.00) -- SD: 4.71)
Term srs::Padre::raw_scog -- Mean score: 17.37 (5.00, 28.00) -- SD: 6.35)
Term srs::Padre::raw_scom -- Mean score: 30.50 (12.00, 57.00) -- SD: 11.73)
Term srs::Padre::raw_sm -- Mean score: 17.33 (5.00, 30.00) -- SD: 6.36)
Term srs::Padre::raw_rirb -- Mean score: 18.93 (4.00, 33.00) -- SD: 7.11)
Term srs::Madre::raw_sa -- Mean score: 11.19 (4.00, 24.00) -- SD: 4.43)
Term srs::Madre::raw_scog -- Mean score: 18.62 (1.00, 32.00) -- SD: 7.48)
Term srs::Madre::raw_scom -- Mean score: 33.32 (10.00, 58.00) -- SD: 12.91)
Term srs::Madre::raw_sm -- Mean score: 16.92 (5.00, 33.00) -- SD: 6.33)
Term srs::Madre::raw_rirb -- Mean score: 19.32 (5.00, 36.00) -- SD: 7.57)
Term vineland-ii::Madre e Padre insieme::scaled_gm -- Mean score: 12.67 (11.00, 16.00) -- SD: 2.36)
Term vineland-ii::Madre e Padre insieme::scaled_fm -- Mean score: 12.50 (11.00, 14.00) -- SD: 1.50)
Term wechsler::oa -- Mean score: 8.91 (2.00, 19.00) -- SD: 4.83)
Term vineland-ii::Genitore::scaled_rec -- Mean score: 8.50 (8.00, 9.00) -- SD: 0.50)
Term vineland-ii::Genitore::scaled_exp -- Mean score: 9.50 (9.00, 10.00) -- SD: 0.50)
Term vineland-ii::Genitore::scaled_wri -- Mean score: 11.50 (9.00, 14.00) -- SD: 2.50)
Term vineland-ii::Genitore::scaled_per -- Mean score: 6.00 (2.00, 10.00) -- SD: 4.00)
Term vineland-ii::Genitore::scaled_dom -- Mean score: 9.50 (9.00, 10.00) -- SD: 0.50)
Term vineland-ii::Genitore::scaled_community -- Mean score: 8.00 (5.00, 11.00) -- SD: 3.00)
Term vineland-ii::Genitore::scaled_ir -- Mean score: 5.50 (2.00, 9.00) -- SD: 3.50)
Term vineland-ii::Genitore::scaled_play -- Mean score: 5.00 (2.00, 8.00) -- SD: 3.00)
Term vineland-ii::Genitore::scaled_cs -- Mean score: 7.50 (6.00, 9.00) -- SD: 1.50)


Cluster 1 -- Level-1

Term ados-2modulotoddler::a2 -- Mean score: 1.40 (0.00, 2.00) -- SD: 0.66)
Term ados-2modulotoddler::a8 -- Mean score: 1.30 (0.00, 2.00) -- SD: 0.78)
Term ados::b1 -- Mean score: 1.78 (0.00, 2.00) -- SD: 0.57)
Term ados-2modulotoddler::b4 -- Mean score: 1.45 (0.00, 2.00) -- SD: 0.66)
Term ados-2modulotoddler::b5 -- Mean score: 1.45 (1.00, 2.00) -- SD: 0.50)
Term ados-2modulotoddler::b6 -- Mean score: 0.60 (0.00, 2.00) -- SD: 0.66)
Term ados-2modulotoddler::b12 -- Mean score: 1.60 (0.00, 2.00) -- SD: 0.66)
Term ados-2modulotoddler::b13 -- Mean score: 1.27 (0.00, 2.00) -- SD: 0.62)
Term ados-2modulotoddler::b14 -- Mean score: 1.00 (0.00, 2.00) -- SD: 0.63)
Term ados-2modulotoddler::b15 -- Mean score: 1.18 (0.00, 2.00) -- SD: 0.57)
Term ados-2modulotoddler::a3 -- Mean score: 0.00 (0.00, 0.00) -- SD: 0.00)
Term ados::d1 -- Mean score: 0.47 (0.00, 2.00) -- SD: 0.72)
Term ados::d2 -- Mean score: 0.58 (0.00, 2.00) -- SD: 0.71)
Term ados-2modulotoddler::d5 -- Mean score: 1.64 (1.00, 2.00) -- SD: 0.48)
Term griffithsmentaldevelopmentscales::q_A -- Mean score: 85.54 (51.00, 111.50) -- SD: 15.27)
Term griffithsmentaldevelopmentscales::q_B -- Mean score: 75.93 (46.00, 105.00) -- SD: 16.20)
Term griffithsmentaldevelopmentscales::q_C -- Mean score: 80.34 (35.00, 130.00) -- SD: 27.92)
Term griffithsmentaldevelopmentscales::q_D -- Mean score: 82.16 (37.00, 118.00) -- SD: 19.91)
Term griffithsmentaldevelopmentscales::q_E -- Mean score: 94.44 (49.00, 132.00) -- SD: 21.37)
Term psi-sf::Madre::raw_pd -- Mean score: 28.29 (13.00, 47.00) -- SD: 8.94)
Term psi-sf::Madre::raw_pcdi -- Mean score: 25.44 (14.00, 44.00) -- SD: 7.34)
Term psi-sf::Madre::raw_DC -- Mean score: 33.03 (13.00, 52.00) -- SD: 10.43)
Term psi-sf::Padre::raw_pd -- Mean score: 23.78 (12.00, 36.00) -- SD: 6.90)
Term psi-sf::Padre::raw_pcdi -- Mean score: 24.49 (12.00, 43.00) -- SD: 7.17)
Term psi-sf::Padre::raw_DC -- Mean score: 30.37 (14.00, 46.00) -- SD: 9.25)
Term griffithsmentaldevelopmentscales::q_F -- Mean score: 88.18 (58.00, 146.00) -- SD: 20.98)
Term leiterinternationalperformancescale-revised::scaled_fg -- Mean score: 8.80 (4.00, 14.00) -- SD: 2.77)
Term leiterinternationalperformancescale-revised::scaled_fc -- Mean score: 9.13 (5.00, 13.00) -- SD: 2.00)
Term leiterinternationalperformancescale-revised::scaled_so -- Mean score: 8.70 (1.00, 14.00) -- SD: 3.37)
Term leiterinternationalperformancescale-revised::scaled_rp -- Mean score: 8.39 (1.00, 14.00) -- SD: 3.59)
Term ados-2modulo1::a2 -- Mean score: 1.10 (0.00, 2.00) -- SD: 0.54)
Term ados-2modulo1::a7 -- Mean score: 0.90 (0.00, 2.00) -- SD: 0.70)
Term ados-2modulo1::a8 -- Mean score: 1.00 (0.00, 2.00) -- SD: 0.77)
Term ados-2modulo1::b3 -- Mean score: 0.85 (0.00, 1.00) -- SD: 0.32)
Term ados-2modulo1::b4 -- Mean score: 1.05 (0.50, 2.00) -- SD: 0.35)
Term ados-2modulo1::b5 -- Mean score: 0.55 (0.00, 2.00) -- SD: 0.65)
Term ados-2modulo1::b9 -- Mean score: 1.40 (0.00, 2.00) -- SD: 0.66)
Term ados-2modulo1::b10 -- Mean score: 0.70 (0.00, 2.00) -- SD: 0.64)
Term ados-2modulo1::b12 -- Mean score: 1.10 (1.00, 2.00) -- SD: 0.30)
Term ados-2modulo1::a5 -- Mean score: 0.80 (0.00, 2.00) -- SD: 0.75)
Term ados-2modulo1::d4 -- Mean score: 1.40 (1.00, 2.00) -- SD: 0.49)
Term vineland-ii::Genitore::scaled_rec -- Mean score: 8.33 (4.00, 12.00) -- SD: 3.20)
Term vineland-ii::Genitore::scaled_exp -- Mean score: 8.00 (4.00, 9.00) -- SD: 1.83)
Term vineland-ii::Genitore::scaled_wri -- Mean score: 10.75 (9.00, 13.00) -- SD: 1.48)
Term vineland-ii::Genitore::scaled_per -- Mean score: 10.33 (8.00, 13.00) -- SD: 1.70)
Term vineland-ii::Genitore::scaled_dom -- Mean score: 12.17 (9.00, 15.00) -- SD: 2.11)
Term vineland-ii::Genitore::scaled_community -- Mean score: 11.67 (10.00, 14.00) -- SD: 1.49)
Term vineland-ii::Genitore::scaled_ir -- Mean score: 8.17 (4.00, 11.00) -- SD: 2.19)
Term vineland-ii::Genitore::scaled_play -- Mean score: 10.00 (8.00, 14.00) -- SD: 1.91)
Term vineland-ii::Genitore::scaled_cs -- Mean score: 11.33 (9.00, 14.00) -- SD: 1.89)
Term vineland-ii::Genitore::scaled_gm -- Mean score: 12.67 (10.00, 19.00) -- SD: 3.14)
Term vineland-ii::Genitore::scaled_fm -- Mean score: 11.33 (8.00, 14.00) -- SD: 2.21)
Term srs::Madre::raw_sa -- Mean score: 10.28 (1.00, 24.00) -- SD: 5.14)
Term srs::Madre::raw_scog -- Mean score: 14.95 (3.00, 31.00) -- SD: 7.75)
Term srs::Madre::raw_scom -- Mean score: 27.17 (1.00, 59.00) -- SD: 15.60)
Term srs::Madre::raw_sm -- Mean score: 13.42 (2.00, 26.00) -- SD: 7.27)
Term srs::Madre::raw_rirb -- Mean score: 14.14 (1.00, 33.00) -- SD: 9.33)
Term srs::Padre::raw_sa -- Mean score: 11.43 (3.00, 21.00) -- SD: 4.29)
Term srs::Padre::raw_scog -- Mean score: 16.07 (4.00, 33.00) -- SD: 8.10)
Term srs::Padre::raw_scom -- Mean score: 27.82 (7.00, 64.00) -- SD: 14.34)
Term srs::Padre::raw_sm -- Mean score: 13.88 (6.00, 29.00) -- SD: 5.96)
Term srs::Padre::raw_rirb -- Mean score: 11.97 (1.00, 22.00) -- SD: 6.36)
Term ados-2modulo2::a6 -- Mean score: 0.47 (0.00, 1.00) -- SD: 0.50)
Term ados-2modulo2::a7 -- Mean score: 0.88 (0.00, 2.00) -- SD: 0.65)
Term ados-2modulo2::b2 -- Mean score: 0.78 (0.00, 2.00) -- SD: 0.48)
Term ados-2modulo2::b3 -- Mean score: 0.32 (0.00, 2.00) -- SD: 0.52)
Term ados-2modulo2::b5 -- Mean score: 0.83 (0.00, 2.00) -- SD: 0.78)
Term ados-2modulo2::b6 -- Mean score: 0.71 (0.00, 2.00) -- SD: 0.59)
Term ados-2modulo2::b8 -- Mean score: 1.04 (0.00, 2.00) -- SD: 0.41)
Term ados-2modulo2::b11 -- Mean score: 0.99 (0.00, 2.00) -- SD: 0.78)
Term ados-2modulo2::b12 -- Mean score: 0.78 (0.00, 2.00) -- SD: 0.54)
Term ados-2modulo2::a4 -- Mean score: 0.55 (0.00, 2.00) -- SD: 0.66)
Term ados-2modulo2::d4 -- Mean score: 0.99 (0.00, 2.00) -- SD: 0.62)
Term vineland-ii::Padre::scaled_rec -- Mean score: 10.75 (7.00, 12.00) -- SD: 2.17)
Term vineland-ii::Padre::scaled_exp -- Mean score: 8.75 (4.00, 11.00) -- SD: 2.86)
Term vineland-ii::Padre::scaled_wri -- Mean score: 10.25 (8.00, 14.00) -- SD: 2.49)
Term vineland-ii::Padre::scaled_per -- Mean score: 10.25 (7.00, 13.00) -- SD: 2.17)
Term vineland-ii::Padre::scaled_dom -- Mean score: 12.50 (6.00, 17.00) -- SD: 4.15)
Term vineland-ii::Padre::scaled_community -- Mean score: 8.75 (3.00, 15.00) -- SD: 4.26)
Term vineland-ii::Padre::scaled_ir -- Mean score: 10.00 (7.00, 12.00) -- SD: 1.87)
Term vineland-ii::Padre::scaled_play -- Mean score: 9.00 (4.00, 13.00) -- SD: 3.39)
Term vineland-ii::Padre::scaled_cs -- Mean score: 9.50 (7.00, 14.00) -- SD: 2.69)
Term vineland-ii::Padre::scaled_gm -- Mean score: 13.00 (12.00, 14.00) -- SD: 1.00)
Term vineland-ii::Padre::scaled_fm -- Mean score: 12.00 (11.00, 13.00) -- SD: 1.00)
Term vineland-ii::altro::scaled_rec -- Mean score: 8.67 (3.00, 12.00) -- SD: 4.03)
Term vineland-ii::altro::scaled_exp -- Mean score: 7.67 (1.00, 11.00) -- SD: 4.71)
Term vineland-ii::altro::scaled_wri -- Mean score: 12.67 (11.00, 15.00) -- SD: 1.70)
Term vineland-ii::altro::scaled_per -- Mean score: 7.33 (2.00, 10.00) -- SD: 3.77)
Term vineland-ii::altro::scaled_dom -- Mean score: 11.33 (10.00, 12.00) -- SD: 0.94)
Term vineland-ii::altro::scaled_community -- Mean score: 10.33 (9.00, 11.00) -- SD: 0.94)
Term vineland-ii::altro::scaled_ir -- Mean score: 8.00 (4.00, 10.00) -- SD: 2.83)
Term vineland-ii::altro::scaled_play -- Mean score: 8.00 (2.00, 11.00) -- SD: 4.24)
Term vineland-ii::altro::scaled_cs -- Mean score: 10.00 (9.00, 11.00) -- SD: 0.82)
Term vineland-ii::altro::scaled_gm -- Mean score: 9.50 (8.00, 11.00) -- SD: 1.50)
Term vineland-ii::altro::scaled_fm -- Mean score: 9.00 (6.00, 12.00) -- SD: 3.00)
Term vineland-ii::Madre::scaled_rec -- Mean score: 10.17 (4.00, 14.00) -- SD: 2.73)
Term vineland-ii::Madre::scaled_exp -- Mean score: 9.47 (1.00, 15.00) -- SD: 4.03)
Term vineland-ii::Madre::scaled_wri -- Mean score: 10.46 (5.00, 14.00) -- SD: 2.75)
Term vineland-ii::Madre::scaled_per -- Mean score: 9.20 (3.00, 16.00) -- SD: 3.59)
Term vineland-ii::Madre::scaled_dom -- Mean score: 12.10 (4.50, 16.00) -- SD: 3.12)
Term vineland-ii::Madre::scaled_community -- Mean score: 10.73 (3.00, 19.00) -- SD: 3.99)
Term vineland-ii::Madre::scaled_ir -- Mean score: 9.83 (3.00, 18.00) -- SD: 3.50)
Term vineland-ii::Madre::scaled_play -- Mean score: 9.20 (2.00, 18.00) -- SD: 4.07)
Term vineland-ii::Madre::scaled_cs -- Mean score: 10.27 (6.00, 16.00) -- SD: 2.74)
Term vineland-ii::Madre::scaled_gm -- Mean score: 11.19 (8.00, 16.50) -- SD: 2.50)
Term vineland-ii::Madre::scaled_fm -- Mean score: 10.42 (7.50, 17.00) -- SD: 2.81)
Term wechsler::bd -- Mean score: 8.37 (2.00, 18.00) -- SD: 4.28)
Term wechsler::in -- Mean score: 7.34 (1.00, 12.00) -- SD: 3.92)
Term wechsler::vc -- Mean score: 8.08 (1.00, 14.00) -- SD: 3.59)
Term wechsler::pcn -- Mean score: 10.09 (5.00, 15.00) -- SD: 2.96)
Term wechsler::ss -- Mean score: 7.31 (1.00, 12.00) -- SD: 2.73)
Term wechsler::mr -- Mean score: 9.47 (2.00, 17.00) -- SD: 3.89)
Term wechsler::cd -- Mean score: 5.58 (1.00, 13.00) -- SD: 3.25)
Term ados-2modulo1::b11 -- Mean score: 1.00 (1.00, 1.00) -- SD: 0.00)
Term ados-2modulo1::a3 -- Mean score: 0.00 (0.00, 0.00) -- SD: 0.00)
Term ados-2modulo3::a7 -- Mean score: 0.50 (0.00, 1.00) -- SD: 0.50)
Term ados-2modulo3::a8 -- Mean score: 1.00 (1.00, 1.00) -- SD: 0.00)
Term ados-2modulo3::a9 -- Mean score: 0.00 (0.00, 0.00) -- SD: 0.00)
Term ados-2modulo3::b2 -- Mean score: 1.00 (1.00, 1.00) -- SD: 0.00)
Term ados-2modulo3::b4 -- Mean score: 0.00 (0.00, 0.00) -- SD: 0.00)
Term ados-2modulo3::b7 -- Mean score: 1.00 (1.00, 1.00) -- SD: 0.00)
Term ados-2modulo3::b9 -- Mean score: 0.50 (0.00, 1.00) -- SD: 0.50)
Term ados-2modulo3::b10 -- Mean score: 0.50 (0.00, 1.00) -- SD: 0.50)
Term ados-2modulo3::b11 -- Mean score: 0.00 (0.00, 0.00) -- SD: 0.00)
Term ados-2modulo3::a4 -- Mean score: 0.00 (0.00, 0.00) -- SD: 0.00)
Term ados-2modulo3::d4 -- Mean score: 0.50 (0.00, 1.00) -- SD: 0.50)
Term vineland-ii::Madre e Padre insieme::scaled_rec -- Mean score: 10.94 (1.00, 18.00) -- SD: 3.77)
Term vineland-ii::Madre e Padre insieme::scaled_exp -- Mean score: 9.88 (1.00, 15.00) -- SD: 3.09)
Term vineland-ii::Madre e Padre insieme::scaled_wri -- Mean score: 10.12 (1.00, 15.00) -- SD: 3.35)
Term vineland-ii::Madre e Padre insieme::scaled_per -- Mean score: 10.66 (1.00, 19.00) -- SD: 3.69)
Term vineland-ii::Madre e Padre insieme::scaled_dom -- Mean score: 11.66 (1.00, 18.00) -- SD: 3.87)
Term vineland-ii::Madre e Padre insieme::scaled_community -- Mean score: 11.34 (1.00, 18.00) -- SD: 3.69)
Term vineland-ii::Madre e Padre insieme::scaled_ir -- Mean score: 10.12 (1.00, 16.00) -- SD: 3.10)
Term vineland-ii::Madre e Padre insieme::scaled_play -- Mean score: 9.97 (1.00, 18.00) -- SD: 3.64)
Term vineland-ii::Madre e Padre insieme::scaled_cs -- Mean score: 10.78 (3.00, 18.00) -- SD: 3.40)
Term vineland-ii::Madre e Padre insieme::scaled_gm -- Mean score: 11.23 (3.00, 16.00) -- SD: 2.98)
Term vineland-ii::Madre e Padre insieme::scaled_fm -- Mean score: 10.53 (1.00, 15.00) -- SD: 3.16)
Term ados-2modulotoddler::a7 -- Mean score: 2.00 (2.00, 2.00) -- SD: 0.00)
Term ados-2modulotoddler::b7 -- Mean score: 1.00 (1.00, 1.00) -- SD: 0.00)
Term ados-2modulotoddler::b8 -- Mean score: 2.00 (2.00, 2.00) -- SD: 0.00)
Term ados-2modulotoddler::b9 -- Mean score: 2.00 (2.00, 2.00) -- SD: 0.00)
Term ados-2modulotoddler::b16b -- Mean score: 1.00 (1.00, 1.00) -- SD: 0.00)
Term ados-2modulotoddler::b18 -- Mean score: 2.00 (2.00, 2.00) -- SD: 0.00)
Term wechsler::pc -- Mean score: 5.10 (1.00, 11.00) -- SD: 3.61)
Term wechsler::si -- Mean score: 8.70 (1.00, 14.00) -- SD: 3.87)
Term wechsler::oa -- Mean score: 10.00 (6.00, 15.00) -- SD: 2.71)
Term wechsler::co -- Mean score: 5.71 (1.00, 15.00) -- SD: 4.65)
Term srs::altro::raw_sa -- Mean score: 10.00 (10.00, 10.00) -- SD: 0.00)
Term srs::altro::raw_scog -- Mean score: 7.00 (7.00, 7.00) -- SD: 0.00)
Term srs::altro::raw_scom -- Mean score: 12.00 (12.00, 12.00) -- SD: 0.00)
Term srs::altro::raw_sm -- Mean score: 9.00 (9.00, 9.00) -- SD: 0.00)
Term srs::altro::raw_rirb -- Mean score: 8.00 (8.00, 8.00) -- SD: 0.00)


Cluster 3 -- Level-1

Term psi-sf::Madre::raw_pd -- Mean score: 23.40 (15.00, 38.00) -- SD: 7.54)
Term psi-sf::Madre::raw_pcdi -- Mean score: 29.10 (14.00, 50.00) -- SD: 10.22)
Term psi-sf::Madre::raw_DC -- Mean score: 31.20 (19.00, 52.00) -- SD: 10.51)
Term psi-sf::Padre::raw_pd -- Mean score: 26.33 (13.00, 42.00) -- SD: 9.09)
Term psi-sf::Padre::raw_pcdi -- Mean score: 28.44 (16.00, 41.00) -- SD: 8.51)
Term psi-sf::Padre::raw_DC -- Mean score: 33.22 (16.00, 48.00) -- SD: 10.45)
Term wechsler::pc -- Mean score: 9.24 (2.00, 16.00) -- SD: 3.95)
Term wechsler::in -- Mean score: 11.36 (5.00, 19.00) -- SD: 3.36)
Term wechsler::cd -- Mean score: 8.12 (2.00, 18.00) -- SD: 3.40)
Term wechsler::si -- Mean score: 10.94 (3.00, 18.00) -- SD: 3.95)
Term wechsler::bd -- Mean score: 10.17 (1.00, 19.00) -- SD: 4.13)
Term wechsler::oa -- Mean score: 9.68 (4.00, 19.00) -- SD: 3.66)
Term wechsler::co -- Mean score: 10.23 (1.00, 19.00) -- SD: 3.67)
Term wechsler::ss -- Mean score: 9.06 (3.00, 14.00) -- SD: 2.95)
Term ados-2modulo3::a7 -- Mean score: 0.25 (0.00, 1.00) -- SD: 0.43)
Term ados-2modulo3::a8 -- Mean score: 0.25 (0.00, 1.00) -- SD: 0.43)
Term ados-2modulo3::a9 -- Mean score: 0.25 (0.00, 1.00) -- SD: 0.43)
Term ados::b1 -- Mean score: 1.47 (0.00, 2.00) -- SD: 0.85)
Term ados-2modulo3::b2 -- Mean score: 0.75 (0.00, 1.00) -- SD: 0.43)
Term ados-2modulo3::b4 -- Mean score: 0.25 (0.00, 1.00) -- SD: 0.43)
Term ados-2modulo3::b7 -- Mean score: 0.75 (0.00, 2.00) -- SD: 0.83)
Term ados-2modulo3::b9 -- Mean score: 0.75 (0.00, 1.00) -- SD: 0.43)
Term ados-2modulo3::b10 -- Mean score: 0.25 (0.00, 1.00) -- SD: 0.43)
Term ados-2modulo3::b11 -- Mean score: 0.50 (0.00, 1.00) -- SD: 0.50)
Term ados-2modulo3::a4 -- Mean score: 0.00 (0.00, 0.00) -- SD: 0.00)
Term ados::d1 -- Mean score: 0.09 (0.00, 1.00) -- SD: 0.26)
Term ados::d2 -- Mean score: 0.13 (0.00, 2.00) -- SD: 0.44)
Term ados-2modulo3::d4 -- Mean score: 0.00 (0.00, 0.00) -- SD: 0.00)
Term srs::Madre::raw_sa -- Mean score: 9.67 (3.00, 17.00) -- SD: 3.96)
Term srs::Madre::raw_scog -- Mean score: 15.89 (6.00, 33.00) -- SD: 6.73)
Term srs::Madre::raw_scom -- Mean score: 30.00 (10.00, 56.00) -- SD: 11.97)
Term srs::Madre::raw_sm -- Mean score: 17.22 (6.00, 31.00) -- SD: 6.39)
Term srs::Madre::raw_rirb -- Mean score: 15.67 (3.00, 27.00) -- SD: 7.17)
Term srs::Padre::raw_sa -- Mean score: 10.76 (6.00, 18.00) -- SD: 3.81)
Term srs::Padre::raw_scog -- Mean score: 17.71 (5.00, 29.00) -- SD: 7.43)
Term srs::Padre::raw_scom -- Mean score: 30.12 (13.00, 49.00) -- SD: 11.01)
Term srs::Padre::raw_sm -- Mean score: 19.29 (9.00, 31.00) -- SD: 6.43)
Term srs::Padre::raw_rirb -- Mean score: 16.35 (6.00, 27.00) -- SD: 7.16)
Term wechsler::pcn -- Mean score: 8.67 (2.00, 13.00) -- SD: 3.90)
Term wechsler::vc -- Mean score: 10.50 (5.00, 19.00) -- SD: 3.43)
Term wechsler::mr -- Mean score: 10.30 (3.00, 17.00) -- SD: 3.42)
Term ados-2modulo4::a4 -- Mean score: 0.04 (0.00, 1.00) -- SD: 0.20)
Term ados-2modulo4::a8 -- Mean score: 0.60 (0.00, 2.00) -- SD: 0.70)
Term ados-2modulo4::a9 -- Mean score: 0.49 (0.00, 2.00) -- SD: 0.61)
Term ados-2modulo4::a10 -- Mean score: 0.85 (0.00, 2.00) -- SD: 0.71)
Term ados-2modulo4::b2 -- Mean score: 0.98 (0.00, 2.00) -- SD: 0.53)
Term ados-2modulo4::b6 -- Mean score: 1.00 (0.00, 2.00) -- SD: 0.83)
Term ados-2modulo4::b8 -- Mean score: 0.30 (0.00, 2.00) -- SD: 0.58)
Term ados-2modulo4::b9 -- Mean score: 0.81 (0.00, 2.00) -- SD: 0.64)
Term ados-2modulo4::b11 -- Mean score: 0.57 (0.00, 1.00) -- SD: 0.49)
Term ados-2modulo4::b12 -- Mean score: 0.53 (0.00, 2.00) -- SD: 0.68)
Term ados-2modulo4::c1 -- Mean score: 0.87 (0.00, 2.00) -- SD: 0.70)
Term ados-2modulo4::d4 -- Mean score: 0.19 (0.00, 2.00) -- SD: 0.49)
Term ados-2modulo4::d5 -- Mean score: 0.15 (0.00, 1.00) -- SD: 0.36)
Term leiterinternationalperformancescale-revised::scaled_fg -- Mean score: 6.33 (1.00, 11.00) -- SD: 4.11)
Term leiterinternationalperformancescale-revised::scaled_fc -- Mean score: 8.00 (4.00, 14.00) -- SD: 4.32)
Term leiterinternationalperformancescale-revised::scaled_so -- Mean score: 5.33 (1.00, 12.00) -- SD: 4.78)
Term leiterinternationalperformancescale-revised::scaled_rp -- Mean score: 8.00 (2.00, 15.00) -- SD: 5.35)
Term srs::altro::raw_sa -- Mean score: 8.50 (7.00, 10.00) -- SD: 1.50)
Term srs::altro::raw_scog -- Mean score: 16.00 (15.00, 17.00) -- SD: 1.00)
Term srs::altro::raw_scom -- Mean score: 20.00 (12.00, 28.00) -- SD: 8.00)
Term srs::altro::raw_sm -- Mean score: 12.50 (8.00, 17.00) -- SD: 4.50)
Term srs::altro::raw_rirb -- Mean score: 6.50 (6.00, 7.00) -- SD: 0.50)


Cluster 2 -- Level-1

Term griffithsmentaldevelopmentscales::q_A -- Mean score: 68.25 (26.00, 103.00) -- SD: 16.79)
Term griffithsmentaldevelopmentscales::q_B -- Mean score: 57.37 (15.00, 107.00) -- SD: 20.03)
Term griffithsmentaldevelopmentscales::q_C -- Mean score: 44.78 (9.00, 118.00) -- SD: 23.44)
Term griffithsmentaldevelopmentscales::q_D -- Mean score: 61.06 (22.00, 93.00) -- SD: 17.82)
Term griffithsmentaldevelopmentscales::q_E -- Mean score: 75.91 (25.00, 118.00) -- SD: 22.98)
Term griffithsmentaldevelopmentscales::q_F -- Mean score: 53.42 (17.00, 101.33) -- SD: 21.55)
Term vineland-ii::Madre::scaled_rec -- Mean score: 8.45 (4.00, 15.00) -- SD: 3.10)
Term vineland-ii::Madre::scaled_exp -- Mean score: 7.00 (2.00, 17.00) -- SD: 3.18)
Term vineland-ii::Madre::scaled_per -- Mean score: 8.39 (2.00, 19.00) -- SD: 3.69)
Term vineland-ii::Madre::scaled_dom -- Mean score: 11.42 (4.00, 22.00) -- SD: 3.59)
Term vineland-ii::Madre::scaled_community -- Mean score: 9.05 (4.50, 16.00) -- SD: 3.06)
Term vineland-ii::Madre::scaled_ir -- Mean score: 7.95 (2.00, 15.00) -- SD: 3.49)
Term vineland-ii::Madre::scaled_play -- Mean score: 8.16 (2.00, 13.00) -- SD: 2.67)
Term vineland-ii::Madre::scaled_cs -- Mean score: 9.61 (6.00, 15.00) -- SD: 2.17)
Term vineland-ii::Madre::scaled_gm -- Mean score: 10.78 (8.50, 16.00) -- SD: 2.05)
Term vineland-ii::Madre::scaled_fm -- Mean score: 9.39 (6.00, 13.00) -- SD: 2.14)
Term vineland-ii::Padre::scaled_rec -- Mean score: 12.00 (10.00, 15.00) -- SD: 1.87)
Term vineland-ii::Padre::scaled_exp -- Mean score: 6.25 (4.00, 8.00) -- SD: 1.48)
Term vineland-ii::Padre::scaled_per -- Mean score: 9.62 (8.00, 12.00) -- SD: 1.47)
Term vineland-ii::Padre::scaled_dom -- Mean score: 13.50 (11.00, 16.00) -- SD: 1.80)
Term vineland-ii::Padre::scaled_community -- Mean score: 10.50 (9.00, 13.00) -- SD: 1.50)
Term vineland-ii::Padre::scaled_ir -- Mean score: 8.88 (7.00, 13.00) -- SD: 2.41)
Term vineland-ii::Padre::scaled_play -- Mean score: 9.75 (9.00, 12.00) -- SD: 1.30)
Term vineland-ii::Padre::scaled_cs -- Mean score: 9.12 (6.00, 11.00) -- SD: 2.07)
Term vineland-ii::Padre::scaled_gm -- Mean score: 13.00 (12.00, 14.00) -- SD: 0.82)
Term vineland-ii::Padre::scaled_fm -- Mean score: 11.33 (10.00, 13.00) -- SD: 1.25)
Term ados-2modulo1::a2 -- Mean score: 1.33 (0.00, 2.00) -- SD: 0.56)
Term ados-2modulo1::a8 -- Mean score: 1.15 (0.00, 2.00) -- SD: 0.75)
Term ados::b1 -- Mean score: 1.92 (0.00, 2.00) -- SD: 0.36)
Term ados-2modulo1::b3 -- Mean score: 1.16 (0.00, 2.00) -- SD: 0.41)
Term ados-2modulo1::b4 -- Mean score: 1.25 (0.00, 2.00) -- SD: 0.62)
Term ados-2modulo1::b5 -- Mean score: 0.69 (0.00, 2.00) -- SD: 0.66)
Term ados-2modulo1::b9 -- Mean score: 1.61 (0.00, 2.00) -- SD: 0.63)
Term ados-2modulo1::b10 -- Mean score: 1.20 (0.00, 2.00) -- SD: 0.59)
Term ados-2modulo1::b11 -- Mean score: 0.88 (0.00, 2.00) -- SD: 0.76)
Term ados-2modulo1::b12 -- Mean score: 1.23 (0.00, 2.00) -- SD: 0.53)
Term ados-2modulo1::a3 -- Mean score: 0.43 (0.00, 2.00) -- SD: 0.77)
Term ados::d1 -- Mean score: 0.70 (0.00, 2.00) -- SD: 0.72)
Term ados::d2 -- Mean score: 1.05 (0.00, 2.00) -- SD: 0.87)
Term ados-2modulo1::d4 -- Mean score: 1.38 (0.00, 2.00) -- SD: 0.69)
Term psi-sf::Madre::raw_pd -- Mean score: 29.76 (12.00, 52.00) -- SD: 9.55)
Term psi-sf::Madre::raw_pcdi -- Mean score: 28.64 (12.00, 52.00) -- SD: 9.47)
Term psi-sf::Madre::raw_DC -- Mean score: 34.57 (12.00, 53.00) -- SD: 10.75)
Term psi-sf::Padre::raw_pd -- Mean score: 27.34 (13.00, 43.00) -- SD: 7.86)
Term psi-sf::Padre::raw_pcdi -- Mean score: 26.65 (14.00, 46.00) -- SD: 7.47)
Term psi-sf::Padre::raw_DC -- Mean score: 32.26 (14.00, 51.00) -- SD: 8.51)
Term leiterinternationalperformancescale-revised::scaled_fg -- Mean score: 5.44 (1.00, 14.00) -- SD: 3.42)
Term leiterinternationalperformancescale-revised::scaled_fc -- Mean score: 6.99 (1.00, 15.00) -- SD: 3.83)
Term leiterinternationalperformancescale-revised::scaled_so -- Mean score: 7.00 (1.00, 14.00) -- SD: 3.71)
Term leiterinternationalperformancescale-revised::scaled_rp -- Mean score: 6.69 (1.00, 12.00) -- SD: 3.68)
Term ados-2modulo1::a7 -- Mean score: 0.87 (0.00, 2.00) -- SD: 0.58)
Term ados-2modulo1::a5 -- Mean score: 0.49 (0.00, 2.00) -- SD: 0.68)
Term ados-2modulo2::a6 -- Mean score: 0.00 (0.00, 0.00) -- SD: 0.00)
Term ados-2modulo2::a7 -- Mean score: 0.00 (0.00, 0.00) -- SD: 0.00)
Term ados-2modulo2::b2 -- Mean score: 1.00 (1.00, 1.00) -- SD: 0.00)
Term ados-2modulo2::b3 -- Mean score: 1.00 (1.00, 1.00) -- SD: 0.00)
Term ados-2modulo2::b5 -- Mean score: 2.00 (2.00, 2.00) -- SD: 0.00)
Term ados-2modulo2::b6 -- Mean score: 1.00 (1.00, 1.00) -- SD: 0.00)
Term ados-2modulo2::b8 -- Mean score: 1.00 (1.00, 1.00) -- SD: 0.00)
Term ados-2modulo2::b11 -- Mean score: 2.00 (2.00, 2.00) -- SD: 0.00)
Term ados-2modulo2::b12 -- Mean score: 1.00 (1.00, 1.00) -- SD: 0.00)
Term ados-2modulo2::a4 -- Mean score: 0.00 (0.00, 0.00) -- SD: 0.00)
Term ados-2modulo2::d4 -- Mean score: 0.00 (0.00, 0.00) -- SD: 0.00)
Term wechsler::bd -- Mean score: 7.90 (5.00, 12.50) -- SD: 3.20)
Term wechsler::in -- Mean score: 6.20 (2.00, 9.50) -- SD: 2.87)
Term wechsler::vc -- Mean score: 6.67 (5.00, 8.00) -- SD: 1.25)
Term wechsler::pcn -- Mean score: 10.83 (8.00, 13.00) -- SD: 2.09)
Term wechsler::ss -- Mean score: 8.00 (3.00, 12.00) -- SD: 3.39)
Term wechsler::mr -- Mean score: 11.17 (10.50, 12.00) -- SD: 0.62)
Term wechsler::cd -- Mean score: 4.50 (2.00, 7.00) -- SD: 2.06)
Term wechsler::co -- Mean score: 2.50 (1.00, 4.00) -- SD: 1.50)
Term srs::Madre::raw_sa -- Mean score: 10.58 (3.00, 17.50) -- SD: 3.65)
Term srs::Madre::raw_scog -- Mean score: 17.86 (7.00, 25.50) -- SD: 4.81)
Term srs::Madre::raw_scom -- Mean score: 31.77 (13.00, 50.00) -- SD: 10.73)
Term srs::Madre::raw_sm -- Mean score: 14.68 (6.00, 24.00) -- SD: 5.11)
Term srs::Madre::raw_rirb -- Mean score: 16.25 (2.00, 30.00) -- SD: 7.49)
Term srs::Padre::raw_sa -- Mean score: 9.94 (4.00, 17.00) -- SD: 3.09)
Term srs::Padre::raw_scog -- Mean score: 16.43 (8.00, 24.00) -- SD: 4.67)
Term srs::Padre::raw_scom -- Mean score: 30.32 (15.00, 48.00) -- SD: 10.82)
Term srs::Padre::raw_sm -- Mean score: 13.34 (6.00, 23.00) -- SD: 5.03)
Term srs::Padre::raw_rirb -- Mean score: 14.28 (4.00, 24.50) -- SD: 6.32)
Term vineland-ii::Madre::scaled_wri -- Mean score: 8.41 (1.00, 14.00) -- SD: 3.28)
Term vineland-ii::Padre::scaled_wri -- Mean score: 11.00 (10.00, 13.00) -- SD: 1.41)
Term wechsler::si -- Mean score: 9.50 (6.00, 13.00) -- SD: 3.50)
Term vineland-ii::Madre e Padre insieme::scaled_rec -- Mean score: 8.56 (3.00, 16.00) -- SD: 2.61)
Term vineland-ii::Madre e Padre insieme::scaled_exp -- Mean score: 7.08 (1.00, 13.00) -- SD: 2.77)
Term vineland-ii::Madre e Padre insieme::scaled_wri -- Mean score: 8.72 (1.00, 15.00) -- SD: 3.14)
Term vineland-ii::Madre e Padre insieme::scaled_per -- Mean score: 8.89 (3.00, 14.00) -- SD: 2.32)
Term vineland-ii::Madre e Padre insieme::scaled_dom -- Mean score: 9.86 (2.00, 16.00) -- SD: 2.89)
Term vineland-ii::Madre e Padre insieme::scaled_community -- Mean score: 8.38 (2.00, 15.00) -- SD: 3.21)
Term vineland-ii::Madre e Padre insieme::scaled_ir -- Mean score: 7.81 (3.00, 11.00) -- SD: 1.85)
Term vineland-ii::Madre e Padre insieme::scaled_play -- Mean score: 7.23 (1.00, 12.00) -- SD: 2.35)
Term vineland-ii::Madre e Padre insieme::scaled_cs -- Mean score: 9.02 (3.00, 12.00) -- SD: 2.09)
Term vineland-ii::Madre e Padre insieme::scaled_gm -- Mean score: 10.78 (4.50, 19.00) -- SD: 2.35)
Term vineland-ii::Madre e Padre insieme::scaled_fm -- Mean score: 10.16 (2.50, 15.00) -- SD: 2.63)
Term wechsler::oa -- Mean score: 5.67 (4.00, 8.00) -- SD: 1.70)
Term vineland-ii::altro::scaled_rec -- Mean score: 10.00 (10.00, 10.00) -- SD: 0.00)
Term vineland-ii::altro::scaled_exp -- Mean score: 8.00 (8.00, 8.00) -- SD: 0.00)
Term vineland-ii::altro::scaled_wri -- Mean score: 5.00 (5.00, 5.00) -- SD: 0.00)
Term vineland-ii::altro::scaled_per -- Mean score: 8.00 (8.00, 8.00) -- SD: 0.00)
Term vineland-ii::altro::scaled_dom -- Mean score: 12.00 (12.00, 12.00) -- SD: 0.00)
Term vineland-ii::altro::scaled_community -- Mean score: 7.00 (7.00, 7.00) -- SD: 0.00)
Term vineland-ii::altro::scaled_ir -- Mean score: 9.00 (9.00, 9.00) -- SD: 0.00)
Term vineland-ii::altro::scaled_play -- Mean score: 7.00 (7.00, 7.00) -- SD: 0.00)
Term vineland-ii::altro::scaled_cs -- Mean score: 9.00 (9.00, 9.00) -- SD: 0.00)
Term vineland-ii::Genitore::scaled_rec -- Mean score: 8.50 (8.00, 9.00) -- SD: 0.50)
Term vineland-ii::Genitore::scaled_exp -- Mean score: 5.50 (5.00, 6.00) -- SD: 0.50)
Term vineland-ii::Genitore::scaled_wri -- Mean score: 10.50 (9.00, 12.00) -- SD: 1.50)
Term vineland-ii::Genitore::scaled_per -- Mean score: 9.50 (9.00, 10.00) -- SD: 0.50)
Term vineland-ii::Genitore::scaled_dom -- Mean score: 13.00 (10.00, 16.00) -- SD: 3.00)
Term vineland-ii::Genitore::scaled_community -- Mean score: 10.00 (7.00, 13.00) -- SD: 3.00)
Term vineland-ii::Genitore::scaled_ir -- Mean score: 8.00 (8.00, 8.00) -- SD: 0.00)
Term vineland-ii::Genitore::scaled_play -- Mean score: 6.50 (3.00, 10.00) -- SD: 3.50)
Term vineland-ii::Genitore::scaled_cs -- Mean score: 10.50 (10.00, 11.00) -- SD: 0.50)
Term vineland-ii::Genitore::scaled_gm -- Mean score: 11.00 (11.00, 11.00) -- SD: 0.00)
Term vineland-ii::Genitore::scaled_fm -- Mean score: 8.50 (8.00, 9.00) -- SD: 0.50)
Term ados-2modulo3::a7 -- Mean score: 1.50 (1.00, 2.00) -- SD: 0.50)
Term ados-2modulo3::a8 -- Mean score: 0.50 (0.00, 1.00) -- SD: 0.50)
Term ados-2modulo3::a9 -- Mean score: 2.00 (2.00, 2.00) -- SD: 0.00)
Term ados-2modulo3::b2 -- Mean score: 2.00 (2.00, 2.00) -- SD: 0.00)
Term ados-2modulo3::b4 -- Mean score: 0.50 (0.00, 1.00) -- SD: 0.50)
Term ados-2modulo3::b7 -- Mean score: 1.00 (1.00, 1.00) -- SD: 0.00)
Term ados-2modulo3::b9 -- Mean score: 1.00 (1.00, 1.00) -- SD: 0.00)
Term ados-2modulo3::b10 -- Mean score: 2.00 (2.00, 2.00) -- SD: 0.00)
Term ados-2modulo3::b11 -- Mean score: 0.50 (0.00, 1.00) -- SD: 0.50)
Term ados-2modulo3::a4 -- Mean score: 0.00 (0.00, 0.00) -- SD: 0.00)
Term ados-2modulo3::d4 -- Mean score: 0.00 (0.00, 0.00) -- SD: 0.00)
Term wechsler::pc -- Mean score: 11.00 (11.00, 11.00) -- SD: 0.00)





Cluster 0 -- Level-2

Term vineland-ii::Madre::sum_CD -- Mean score: 29.83 (25.00, 35.00) -- SD: 4.10)
Term vineland-ii::Madre::sum_DLSD -- Mean score: 31.17 (16.00, 36.00) -- SD: 6.99)
Term vineland-ii::Madre::sum_SD -- Mean score: 29.50 (19.00, 37.00) -- SD: 5.80)
Term ados::sa_tot -- Mean score: 8.75 (1.00, 18.00) -- SD: 4.14)
Term ados::rrb_tot -- Mean score: 1.13 (0.00, 4.00) -- SD: 1.18)
Term wechsler::VC -- Mean score: 28.27 (7.00, 57.00) -- SD: 11.53)
Term wechsler::PR -- Mean score: 31.76 (14.00, 47.00) -- SD: 9.40)
Term wechsler::WM -- Mean score: 15.44 (3.00, 31.00) -- SD: 6.86)
Term wechsler::PS -- Mean score: 14.03 (0.00, 31.00) -- SD: 6.84)
Term psi-sf::Padre::raw_pd -- Mean score: 27.09 (12.00, 85.00) -- SD: 10.99)
Term psi-sf::Padre::raw_pcdi -- Mean score: 27.62 (12.00, 85.00) -- SD: 11.69)
Term psi-sf::Padre::raw_DC -- Mean score: 31.13 (12.00, 48.00) -- SD: 9.01)
Term psi-sf::Madre::raw_pd -- Mean score: 26.53 (12.00, 41.00) -- SD: 6.99)
Term psi-sf::Madre::raw_pcdi -- Mean score: 26.57 (12.00, 44.00) -- SD: 7.29)
Term psi-sf::Madre::raw_DC -- Mean score: 34.45 (12.00, 58.00) -- SD: 9.61)
Term griffithsmentaldevelopmentscales::q_A -- Mean score: 66.25 (44.00, 89.00) -- SD: 15.93)
Term griffithsmentaldevelopmentscales::q_B -- Mean score: 59.25 (24.00, 76.00) -- SD: 20.58)
Term griffithsmentaldevelopmentscales::q_C -- Mean score: 76.00 (42.00, 119.00) -- SD: 28.77)
Term griffithsmentaldevelopmentscales::q_D -- Mean score: 69.50 (21.00, 110.00) -- SD: 31.82)
Term griffithsmentaldevelopmentscales::q_E -- Mean score: 74.00 (21.00, 116.00) -- SD: 34.26)
Term griffithsmentaldevelopmentscales::q_F -- Mean score: 79.50 (57.00, 137.00) -- SD: 33.45)
Term leiterinternationalperformancescale-revised::scaled_fg -- Mean score: 6.12 (1.00, 15.00) -- SD: 3.55)
Term leiterinternationalperformancescale-revised::scaled_fc -- Mean score: 8.29 (1.00, 16.00) -- SD: 3.57)
Term leiterinternationalperformancescale-revised::scaled_so -- Mean score: 6.88 (1.00, 13.00) -- SD: 3.63)
Term leiterinternationalperformancescale-revised::scaled_rp -- Mean score: 6.79 (1.00, 14.00) -- SD: 3.69)
Term vineland-ii::Madre e Padre insieme::sum_CD -- Mean score: 35.71 (27.00, 43.00) -- SD: 5.20)
Term vineland-ii::Madre e Padre insieme::sum_DLSD -- Mean score: 36.29 (28.00, 47.00) -- SD: 6.09)
Term vineland-ii::Madre e Padre insieme::sum_SD -- Mean score: 28.29 (24.00, 32.00) -- SD: 2.81)
Term vineland-ii::Madre::sum_MSD -- Mean score: 21.33 (15.00, 26.00) -- SD: 4.64)
Term srs::Padre::raw_sa -- Mean score: 10.30 (2.00, 20.00) -- SD: 4.71)
Term srs::Padre::raw_scog -- Mean score: 17.37 (5.00, 28.00) -- SD: 6.35)
Term srs::Padre::raw_scom -- Mean score: 30.50 (12.00, 57.00) -- SD: 11.73)
Term srs::Padre::raw_sm -- Mean score: 17.33 (5.00, 30.00) -- SD: 6.36)
Term srs::Padre::raw_rirb -- Mean score: 18.93 (4.00, 33.00) -- SD: 7.11)
Term srs::Madre::raw_sa -- Mean score: 11.19 (4.00, 24.00) -- SD: 4.43)
Term srs::Madre::raw_scog -- Mean score: 18.62 (1.00, 32.00) -- SD: 7.48)
Term srs::Madre::raw_scom -- Mean score: 33.32 (10.00, 58.00) -- SD: 12.91)
Term srs::Madre::raw_sm -- Mean score: 16.92 (5.00, 33.00) -- SD: 6.33)
Term srs::Madre::raw_rirb -- Mean score: 19.32 (5.00, 36.00) -- SD: 7.57)
Term vineland-ii::Madre e Padre insieme::sum_MSD -- Mean score: 23.50 (22.00, 25.00) -- SD: 1.50)
Term wechsler::V -- Mean score: 36.67 (16.00, 68.00) -- SD: 15.48)
Term wechsler::P -- Mean score: 40.33 (27.00, 67.00) -- SD: 10.87)
Term wechsler::PO -- Mean score: 45.33 (29.00, 67.00) -- SD: 12.08)
Term vineland-ii::Genitore::sum_CD -- Mean score: 29.50 (26.00, 33.00) -- SD: 3.50)
Term vineland-ii::Genitore::sum_DLSD -- Mean score: 23.50 (17.00, 30.00) -- SD: 6.50)
Term vineland-ii::Genitore::sum_SD -- Mean score: 18.00 (10.00, 26.00) -- SD: 8.00)


Cluster 1 -- Level-2

Term ados::sa_tot -- Mean score: 9.79 (3.00, 19.00) -- SD: 3.68)
Term ados::rrb_tot -- Mean score: 2.72 (0.00, 6.00) -- SD: 1.68)
Term griffithsmentaldevelopmentscales::q_A -- Mean score: 85.54 (51.00, 111.50) -- SD: 15.27)
Term griffithsmentaldevelopmentscales::q_B -- Mean score: 75.93 (46.00, 105.00) -- SD: 16.20)
Term griffithsmentaldevelopmentscales::q_C -- Mean score: 80.34 (35.00, 130.00) -- SD: 27.92)
Term griffithsmentaldevelopmentscales::q_D -- Mean score: 82.16 (37.00, 118.00) -- SD: 19.91)
Term griffithsmentaldevelopmentscales::q_E -- Mean score: 94.44 (49.00, 132.00) -- SD: 21.37)
Term psi-sf::Madre::raw_pd -- Mean score: 28.29 (13.00, 47.00) -- SD: 8.94)
Term psi-sf::Madre::raw_pcdi -- Mean score: 25.44 (14.00, 44.00) -- SD: 7.34)
Term psi-sf::Madre::raw_DC -- Mean score: 33.03 (13.00, 52.00) -- SD: 10.43)
Term psi-sf::Padre::raw_pd -- Mean score: 23.78 (12.00, 36.00) -- SD: 6.90)
Term psi-sf::Padre::raw_pcdi -- Mean score: 24.49 (12.00, 43.00) -- SD: 7.17)
Term psi-sf::Padre::raw_DC -- Mean score: 30.37 (14.00, 46.00) -- SD: 9.25)
Term griffithsmentaldevelopmentscales::q_F -- Mean score: 88.18 (58.00, 146.00) -- SD: 20.98)
Term leiterinternationalperformancescale-revised::scaled_fg -- Mean score: 8.80 (4.00, 14.00) -- SD: 2.77)
Term leiterinternationalperformancescale-revised::scaled_fc -- Mean score: 9.13 (5.00, 13.00) -- SD: 2.00)
Term leiterinternationalperformancescale-revised::scaled_so -- Mean score: 8.70 (1.00, 14.00) -- SD: 3.37)
Term leiterinternationalperformancescale-revised::scaled_rp -- Mean score: 8.39 (1.00, 14.00) -- SD: 3.59)
Term vineland-ii::Genitore::sum_CD -- Mean score: 23.50 (8.00, 32.00) -- SD: 7.97)
Term vineland-ii::Genitore::sum_DLSD -- Mean score: 34.17 (28.00, 39.00) -- SD: 3.98)
Term vineland-ii::Genitore::sum_SD -- Mean score: 29.50 (25.00, 39.00) -- SD: 4.86)
Term vineland-ii::Genitore::sum_MSD -- Mean score: 24.00 (18.00, 33.00) -- SD: 4.83)
Term srs::Madre::raw_sa -- Mean score: 10.28 (1.00, 24.00) -- SD: 5.14)
Term srs::Madre::raw_scog -- Mean score: 14.95 (3.00, 31.00) -- SD: 7.75)
Term srs::Madre::raw_scom -- Mean score: 27.17 (1.00, 59.00) -- SD: 15.60)
Term srs::Madre::raw_sm -- Mean score: 13.42 (2.00, 26.00) -- SD: 7.27)
Term srs::Madre::raw_rirb -- Mean score: 14.14 (1.00, 33.00) -- SD: 9.33)
Term srs::Padre::raw_sa -- Mean score: 11.43 (3.00, 21.00) -- SD: 4.29)
Term srs::Padre::raw_scog -- Mean score: 16.07 (4.00, 33.00) -- SD: 8.10)
Term srs::Padre::raw_scom -- Mean score: 27.82 (7.00, 64.00) -- SD: 14.34)
Term srs::Padre::raw_sm -- Mean score: 13.88 (6.00, 29.00) -- SD: 5.96)
Term srs::Padre::raw_rirb -- Mean score: 11.97 (1.00, 22.00) -- SD: 6.36)
Term vineland-ii::Padre::sum_CD -- Mean score: 29.75 (19.00, 37.00) -- SD: 6.61)
Term vineland-ii::Padre::sum_DLSD -- Mean score: 31.50 (16.00, 40.00) -- SD: 9.42)
Term vineland-ii::Padre::sum_SD -- Mean score: 28.50 (18.00, 36.00) -- SD: 7.12)
Term vineland-ii::Padre::sum_MSD -- Mean score: 25.00 (25.00, 25.00) -- SD: 0.00)
Term vineland-ii::altro::sum_CD -- Mean score: 29.00 (19.00, 35.00) -- SD: 7.12)
Term vineland-ii::altro::sum_DLSD -- Mean score: 29.33 (23.00, 33.00) -- SD: 4.50)
Term vineland-ii::altro::sum_SD -- Mean score: 25.33 (17.00, 30.00) -- SD: 5.91)
Term vineland-ii::altro::sum_MSD -- Mean score: 18.00 (14.00, 22.00) -- SD: 4.00)
Term vineland-ii::Madre::sum_CD -- Mean score: 29.07 (11.50, 39.00) -- SD: 9.29)
Term vineland-ii::Madre::sum_DLSD -- Mean score: 32.03 (11.00, 49.00) -- SD: 8.97)
Term vineland-ii::Madre::sum_SD -- Mean score: 29.37 (12.00, 53.00) -- SD: 10.03)
Term vineland-ii::Madre::sum_MSD -- Mean score: 21.77 (16.00, 32.00) -- SD: 5.26)
Term wechsler::V -- Mean score: 25.19 (10.00, 47.00) -- SD: 10.56)
Term wechsler::P -- Mean score: 28.85 (14.00, 40.00) -- SD: 7.33)
Term wechsler::PS -- Mean score: 12.58 (0.00, 22.00) -- SD: 5.27)
Term vineland-ii::Madre e Padre insieme::sum_CD -- Mean score: 28.41 (3.00, 45.00) -- SD: 10.84)
Term vineland-ii::Madre e Padre insieme::sum_DLSD -- Mean score: 33.66 (3.00, 55.00) -- SD: 10.47)
Term vineland-ii::Madre e Padre insieme::sum_SD -- Mean score: 30.88 (5.00, 52.00) -- SD: 9.39)
Term vineland-ii::Madre e Padre insieme::sum_MSD -- Mean score: 21.77 (4.00, 31.00) -- SD: 5.90)
Term wechsler::VC -- Mean score: 19.14 (0.00, 42.00) -- SD: 13.63)
Term wechsler::PO -- Mean score: 0.00 (0.00, 0.00) -- SD: 0.00)
Term wechsler::PR -- Mean score: 34.33 (25.00, 41.00) -- SD: 6.52)
Term wechsler::WM -- Mean score: 13.17 (2.00, 22.00) -- SD: 6.41)
Term srs::altro::raw_sa -- Mean score: 10.00 (10.00, 10.00) -- SD: 0.00)
Term srs::altro::raw_scog -- Mean score: 7.00 (7.00, 7.00) -- SD: 0.00)
Term srs::altro::raw_scom -- Mean score: 12.00 (12.00, 12.00) -- SD: 0.00)
Term srs::altro::raw_sm -- Mean score: 9.00 (9.00, 9.00) -- SD: 0.00)
Term srs::altro::raw_rirb -- Mean score: 8.00 (8.00, 8.00) -- SD: 0.00)


Cluster 3 -- Level-2

Term psi-sf::Madre::raw_pd -- Mean score: 23.40 (15.00, 38.00) -- SD: 7.54)
Term psi-sf::Madre::raw_pcdi -- Mean score: 29.10 (14.00, 50.00) -- SD: 10.22)
Term psi-sf::Madre::raw_DC -- Mean score: 31.20 (19.00, 52.00) -- SD: 10.51)
Term psi-sf::Padre::raw_pd -- Mean score: 26.33 (13.00, 42.00) -- SD: 9.09)
Term psi-sf::Padre::raw_pcdi -- Mean score: 28.44 (16.00, 41.00) -- SD: 8.51)
Term psi-sf::Padre::raw_DC -- Mean score: 33.22 (16.00, 48.00) -- SD: 10.45)
Term wechsler::V -- Mean score: 60.33 (36.00, 99.00) -- SD: 18.02)
Term wechsler::P -- Mean score: 50.54 (27.00, 64.00) -- SD: 11.08)
Term wechsler::VC -- Mean score: 31.66 (12.00, 49.00) -- SD: 9.05)
Term wechsler::PO -- Mean score: 56.12 (48.50, 65.00) -- SD: 5.88)
Term wechsler::PS -- Mean score: 17.30 (6.00, 32.00) -- SD: 5.77)
Term ados::sa_tot -- Mean score: 6.00 (4.00, 9.00) -- SD: 1.87)
Term ados::rrb_tot -- Mean score: 0.50 (0.00, 1.00) -- SD: 0.50)
Term srs::Madre::raw_sa -- Mean score: 9.67 (3.00, 17.00) -- SD: 3.96)
Term srs::Madre::raw_scog -- Mean score: 15.89 (6.00, 33.00) -- SD: 6.73)
Term srs::Madre::raw_scom -- Mean score: 30.00 (10.00, 56.00) -- SD: 11.97)
Term srs::Madre::raw_sm -- Mean score: 17.22 (6.00, 31.00) -- SD: 6.39)
Term srs::Madre::raw_rirb -- Mean score: 15.67 (3.00, 27.00) -- SD: 7.17)
Term srs::Padre::raw_sa -- Mean score: 10.76 (6.00, 18.00) -- SD: 3.81)
Term srs::Padre::raw_scog -- Mean score: 17.71 (5.00, 29.00) -- SD: 7.43)
Term srs::Padre::raw_scom -- Mean score: 30.12 (13.00, 49.00) -- SD: 11.01)
Term srs::Padre::raw_sm -- Mean score: 19.29 (9.00, 31.00) -- SD: 6.43)
Term srs::Padre::raw_rirb -- Mean score: 16.35 (6.00, 27.00) -- SD: 7.16)
Term wechsler::PR -- Mean score: 30.09 (6.00, 51.00) -- SD: 10.42)
Term wechsler::WM -- Mean score: 19.96 (7.00, 30.00) -- SD: 6.25)
Term ados-2modulo4::comm_tot -- Mean score: 1.98 (0.00, 6.00) -- SD: 1.47)
Term ados-2modulo4::si_tot -- Mean score: 5.62 (0.00, 10.00) -- SD: 2.30)
Term ados-2modulo4::sbri_tot -- Mean score: 0.53 (0.00, 3.00) -- SD: 0.92)
Term leiterinternationalperformancescale-revised::scaled_fg -- Mean score: 6.33 (1.00, 11.00) -- SD: 4.11)
Term leiterinternationalperformancescale-revised::scaled_fc -- Mean score: 8.00 (4.00, 14.00) -- SD: 4.32)
Term leiterinternationalperformancescale-revised::scaled_so -- Mean score: 5.33 (1.00, 12.00) -- SD: 4.78)
Term leiterinternationalperformancescale-revised::scaled_rp -- Mean score: 8.00 (2.00, 15.00) -- SD: 5.35)
Term srs::altro::raw_sa -- Mean score: 8.50 (7.00, 10.00) -- SD: 1.50)
Term srs::altro::raw_scog -- Mean score: 16.00 (15.00, 17.00) -- SD: 1.00)
Term srs::altro::raw_scom -- Mean score: 20.00 (12.00, 28.00) -- SD: 8.00)
Term srs::altro::raw_sm -- Mean score: 12.50 (8.00, 17.00) -- SD: 4.50)
Term srs::altro::raw_rirb -- Mean score: 6.50 (6.00, 7.00) -- SD: 0.50)


Cluster 2 -- Level-2

Term griffithsmentaldevelopmentscales::q_A -- Mean score: 68.25 (26.00, 103.00) -- SD: 16.79)
Term griffithsmentaldevelopmentscales::q_B -- Mean score: 57.37 (15.00, 107.00) -- SD: 20.03)
Term griffithsmentaldevelopmentscales::q_C -- Mean score: 44.78 (9.00, 118.00) -- SD: 23.44)
Term griffithsmentaldevelopmentscales::q_D -- Mean score: 61.06 (22.00, 93.00) -- SD: 17.82)
Term griffithsmentaldevelopmentscales::q_E -- Mean score: 75.91 (25.00, 118.00) -- SD: 22.98)
Term griffithsmentaldevelopmentscales::q_F -- Mean score: 53.42 (17.00, 101.33) -- SD: 21.55)
Term vineland-ii::Madre::sum_CD -- Mean score: 22.92 (12.00, 46.00) -- SD: 7.90)
Term vineland-ii::Madre::sum_DLSD -- Mean score: 28.66 (13.00, 57.00) -- SD: 9.40)
Term vineland-ii::Madre::sum_SD -- Mean score: 25.71 (13.00, 43.00) -- SD: 7.62)
Term vineland-ii::Madre::sum_MSD -- Mean score: 20.17 (16.00, 27.00) -- SD: 3.76)
Term vineland-ii::Padre::sum_CD -- Mean score: 26.50 (19.00, 34.00) -- SD: 5.59)
Term vineland-ii::Padre::sum_DLSD -- Mean score: 33.62 (31.50, 36.00) -- SD: 1.63)
Term vineland-ii::Padre::sum_SD -- Mean score: 27.75 (22.00, 36.00) -- SD: 5.21)
Term vineland-ii::Padre::sum_MSD -- Mean score: 24.33 (22.00, 27.00) -- SD: 2.05)
Term ados::sa_tot -- Mean score: 12.47 (3.00, 20.00) -- SD: 3.63)
Term ados::rrb_tot -- Mean score: 3.47 (0.00, 7.00) -- SD: 1.82)
Term psi-sf::Madre::raw_pd -- Mean score: 29.76 (12.00, 52.00) -- SD: 9.55)
Term psi-sf::Madre::raw_pcdi -- Mean score: 28.64 (12.00, 52.00) -- SD: 9.47)
Term psi-sf::Madre::raw_DC -- Mean score: 34.57 (12.00, 53.00) -- SD: 10.75)
Term psi-sf::Padre::raw_pd -- Mean score: 27.34 (13.00, 43.00) -- SD: 7.86)
Term psi-sf::Padre::raw_pcdi -- Mean score: 26.65 (14.00, 46.00) -- SD: 7.47)
Term psi-sf::Padre::raw_DC -- Mean score: 32.26 (14.00, 51.00) -- SD: 8.51)
Term leiterinternationalperformancescale-revised::scaled_fg -- Mean score: 5.44 (1.00, 14.00) -- SD: 3.42)
Term leiterinternationalperformancescale-revised::scaled_fc -- Mean score: 6.99 (1.00, 15.00) -- SD: 3.83)
Term leiterinternationalperformancescale-revised::scaled_so -- Mean score: 7.00 (1.00, 14.00) -- SD: 3.71)
Term leiterinternationalperformancescale-revised::scaled_rp -- Mean score: 6.69 (1.00, 12.00) -- SD: 3.68)
Term wechsler::V -- Mean score: 20.50 (7.00, 32.00) -- SD: 9.26)
Term wechsler::P -- Mean score: 27.40 (13.00, 39.00) -- SD: 10.37)
Term wechsler::PS -- Mean score: 12.50 (5.00, 16.00) -- SD: 4.39)
Term srs::Madre::raw_sa -- Mean score: 10.58 (3.00, 17.50) -- SD: 3.65)
Term srs::Madre::raw_scog -- Mean score: 17.86 (7.00, 25.50) -- SD: 4.81)
Term srs::Madre::raw_scom -- Mean score: 31.77 (13.00, 50.00) -- SD: 10.73)
Term srs::Madre::raw_sm -- Mean score: 14.68 (6.00, 24.00) -- SD: 5.11)
Term srs::Madre::raw_rirb -- Mean score: 16.25 (2.00, 30.00) -- SD: 7.49)
Term srs::Padre::raw_sa -- Mean score: 9.94 (4.00, 17.00) -- SD: 3.09)
Term srs::Padre::raw_scog -- Mean score: 16.43 (8.00, 24.00) -- SD: 4.67)
Term srs::Padre::raw_scom -- Mean score: 30.32 (15.00, 48.00) -- SD: 10.82)
Term srs::Padre::raw_sm -- Mean score: 13.34 (6.00, 23.00) -- SD: 5.03)
Term srs::Padre::raw_rirb -- Mean score: 14.28 (4.00, 24.50) -- SD: 6.32)
Term wechsler::VC -- Mean score: 11.50 (11.00, 12.00) -- SD: 0.50)
Term wechsler::PR -- Mean score: 30.00 (30.00, 30.00) -- SD: 0.00)
Term wechsler::WM -- Mean score: 16.00 (16.00, 16.00) -- SD: 0.00)
Term vineland-ii::Madre e Padre insieme::sum_CD -- Mean score: 23.81 (10.00, 40.00) -- SD: 6.88)
Term vineland-ii::Madre e Padre insieme::sum_DLSD -- Mean score: 27.09 (7.00, 39.00) -- SD: 7.59)
Term vineland-ii::Madre e Padre insieme::sum_SD -- Mean score: 24.06 (9.00, 34.00) -- SD: 5.49)
Term vineland-ii::Madre e Padre insieme::sum_MSD -- Mean score: 20.94 (7.00, 30.00) -- SD: 4.46)
Term vineland-ii::altro::sum_CD -- Mean score: 23.00 (23.00, 23.00) -- SD: 0.00)
Term vineland-ii::altro::sum_DLSD -- Mean score: 27.00 (27.00, 27.00) -- SD: 0.00)
Term vineland-ii::altro::sum_SD -- Mean score: 25.00 (25.00, 25.00) -- SD: 0.00)
Term vineland-ii::Genitore::sum_CD -- Mean score: 24.50 (22.00, 27.00) -- SD: 2.50)
Term vineland-ii::Genitore::sum_DLSD -- Mean score: 32.50 (26.00, 39.00) -- SD: 6.50)
Term vineland-ii::Genitore::sum_SD -- Mean score: 25.00 (22.00, 28.00) -- SD: 3.00)
Term vineland-ii::Genitore::sum_MSD -- Mean score: 19.50 (19.00, 20.00) -- SD: 0.50)
Term wechsler::GL -- Mean score: 7.00 (7.00, 7.00) -- SD: 0.00)
Term wechsler::PO -- Mean score: 45.00 (45.00, 45.00) -- SD: 0.00)





Cluster 0 -- Level-3

Term vineland-ii::Madre::standard_ABC -- Mean score: 63.33 (36.00, 80.00) -- SD: 14.64)
Term ados::sarrb_tot -- Mean score: 9.88 (2.00, 19.00) -- SD: 4.50)
Term wechsler::FS -- Mean score: 87.01 (32.00, 141.00) -- SD: 28.27)
Term psi-sf::Padre::raw_ts -- Mean score: 83.49 (36.00, 130.00) -- SD: 20.27)
Term psi-sf::Madre::raw_ts -- Mean score: 87.55 (36.00, 130.00) -- SD: 19.65)
Term griffithsmentaldevelopmentscales::GQ -- Mean score: 71.00 (35.00, 103.00) -- SD: 24.12)
Term vineland-ii::Madre e Padre insieme::standard_ABC -- Mean score: 75.86 (65.00, 83.00) -- SD: 6.33)
Term srs::Padre::raw_tot -- Mean score: 96.33 (31.00, 156.00) -- SD: 33.19)
Term srs::Madre::raw_tot -- Mean score: 99.65 (32.00, 188.00) -- SD: 35.05)
Term vineland-ii::Genitore::standard_ABC -- Mean score: 53.50 (37.00, 70.00) -- SD: 16.50)


Cluster 1 -- Level-3

Term ados::sarrb_tot -- Mean score: 12.42 (3.00, 22.00) -- SD: 4.74)
Term griffithsmentaldevelopmentscales::GQ -- Mean score: 83.52 (51.00, 112.00) -- SD: 17.61)
Term psi-sf::Madre::raw_ts -- Mean score: 86.76 (41.00, 134.00) -- SD: 24.41)
Term psi-sf::Padre::raw_ts -- Mean score: 78.67 (40.00, 117.00) -- SD: 21.38)
Term vineland-ii::Genitore::standard_ABC -- Mean score: 73.67 (58.00, 100.00) -- SD: 13.05)
Term srs::Madre::raw_tot -- Mean score: 79.66 (9.00, 165.00) -- SD: 42.36)
Term srs::Padre::raw_tot -- Mean score: 81.17 (26.00, 169.00) -- SD: 36.51)
Term vineland-ii::Padre::standard_ABC -- Mean score: 70.75 (53.00, 80.00) -- SD: 10.54)
Term vineland-ii::altro::standard_ABC -- Mean score: 60.33 (36.00, 74.00) -- SD: 17.25)
Term vineland-ii::Madre::standard_ABC -- Mean score: 71.77 (31.00, 96.00) -- SD: 15.94)
Term wechsler::FS -- Mean score: 67.97 (29.00, 127.00) -- SD: 21.21)
Term vineland-ii::Madre e Padre insieme::standard_ABC -- Mean score: 74.03 (57.50, 104.00) -- SD: 10.60)
Term srs::altro::raw_tot -- Mean score: 46.00 (46.00, 46.00) -- SD: 0.00)


Cluster 3 -- Level-3

Term psi-sf::Madre::raw_ts -- Mean score: 81.30 (51.00, 121.00) -- SD: 22.77)
Term psi-sf::Padre::raw_ts -- Mean score: 88.00 (46.00, 117.00) -- SD: 25.00)
Term wechsler::FS -- Mean score: 102.38 (31.00, 156.00) -- SD: 27.17)
Term ados::sarrb_tot -- Mean score: 6.50 (4.00, 10.00) -- SD: 2.29)
Term srs::Madre::raw_tot -- Mean score: 88.44 (31.00, 155.00) -- SD: 32.26)
Term srs::Padre::raw_tot -- Mean score: 94.00 (40.00, 147.00) -- SD: 32.48)
Term ados-2modulo4::commsi_tot -- Mean score: 7.60 (0.00, 14.00) -- SD: 3.37)
Term ados-2modulo4::sbri_tot -- Mean score: 0.53 (0.00, 3.00) -- SD: 0.92)
Term srs::altro::raw_tot -- Mean score: 63.50 (49.00, 78.00) -- SD: 14.50)


Cluster 2 -- Level-3

Term griffithsmentaldevelopmentscales::GQ -- Mean score: 59.66 (21.00, 100.50) -- SD: 17.68)
Term vineland-ii::Madre::standard_ABC -- Mean score: 61.74 (36.00, 102.00) -- SD: 14.73)
Term vineland-ii::Padre::standard_ABC -- Mean score: 68.75 (63.00, 74.00) -- SD: 4.44)
Term ados::sarrb_tot -- Mean score: 15.96 (3.00, 25.00) -- SD: 4.31)
Term psi-sf::Madre::raw_ts -- Mean score: 92.94 (36.00, 147.00) -- SD: 25.60)
Term psi-sf::Padre::raw_ts -- Mean score: 86.33 (47.00, 136.00) -- SD: 21.00)
Term wechsler::FS -- Mean score: 52.00 (20.00, 77.00) -- SD: 21.04)
Term srs::Madre::raw_tot -- Mean score: 91.31 (33.00, 133.50) -- SD: 28.67)
Term srs::Padre::raw_tot -- Mean score: 84.32 (48.00, 135.50) -- SD: 25.82)
Term vineland-ii::Madre e Padre insieme::standard_ABC -- Mean score: 63.27 (46.00, 106.00) -- SD: 11.72)
Term vineland-ii::altro::standard_ABC -- Mean score: 63.00 (63.00, 63.00) -- SD: 0.00)
Term vineland-ii::Genitore::standard_ABC -- Mean score: 60.00 (59.00, 61.00) -- SD: 1.00)





