Period span: 2010-01-27 -- 2019-05-03

Average number of assessments: 5.117408906882591
Median number of assessments: 5.0
Maximum number of assessments: 24
Minimum number of assessments: 1

Average number of encounters: 1.388663967611336
Median number of assessments: 1.0
Maximum number of assessments: 5
Minimum number of assessments: 1

Instrument list
wisc-iv
wppsi-iiifascia26-311
griffithsmentaldevelopmentscales
wppsi-iiifascia40-73
ados-2modulotoddler
leiterinternationalperformancescale-revised
wais-iv
emotionalavailabilityscales
ados-2modulo3
ados-2modulo1
wisc-iii
ados-2modulo2
ados-2modulo4
wais-r
srs
wppsi
psi-sf
vineland-ii


Mean age of the subjects: 13.931523892714058 -- Standard deviation: 9.095737884558558
N Female: 35 -- N Male: 212

